{"total": {"lines":{"total":2534,"covered":609,"skipped":0,"pct":24.03},"statements":{"total":2669,"covered":639,"skipped":0,"pct":23.94},"functions":{"total":450,"covered":72,"skipped":0,"pct":16},"branches":{"total":1705,"covered":413,"skipped":0,"pct":24.22},"branchesTrue":{"total":0,"covered":0,"skipped":0,"pct":100}}
,"C:\\Users\\MG-Trainee\\Documents\\GitHub\\InternProject\\backend\\src\\config\\auth.js": {"lines":{"total":5,"covered":0,"skipped":0,"pct":0},"functions":{"total":0,"covered":0,"skipped":0,"pct":100},"statements":{"total":5,"covered":0,"skipped":0,"pct":0},"branches":{"total":10,"covered":0,"skipped":0,"pct":0}}
,"C:\\Users\\MG-Trainee\\Documents\\GitHub\\InternProject\\backend\\src\\config\\database.js": {"lines":{"total":6,"covered":5,"skipped":0,"pct":83.33},"functions":{"total":2,"covered":1,"skipped":0,"pct":50},"statements":{"total":6,"covered":5,"skipped":0,"pct":83.33},"branches":{"total":2,"covered":1,"skipped":0,"pct":50}}
,"C:\\Users\\MG-Trainee\\Documents\\GitHub\\InternProject\\backend\\src\\config\\redis.js": {"lines":{"total":24,"covered":0,"skipped":0,"pct":0},"functions":{"total":6,"covered":0,"skipped":0,"pct":0},"statements":{"total":25,"covered":0,"skipped":0,"pct":0},"branches":{"total":8,"covered":0,"skipped":0,"pct":0}}
,"C:\\Users\\MG-Trainee\\Documents\\GitHub\\InternProject\\backend\\src\\config\\supabase.js": {"lines":{"total":5,"covered":0,"skipped":0,"pct":0},"functions":{"total":0,"covered":0,"skipped":0,"pct":100},"statements":{"total":5,"covered":0,"skipped":0,"pct":0},"branches":{"total":8,"covered":0,"skipped":0,"pct":0}}
,"C:\\Users\\MG-Trainee\\Documents\\GitHub\\InternProject\\backend\\src\\constants\\AuditActions.js": {"lines":{"total":1,"covered":0,"skipped":0,"pct":0},"functions":{"total":0,"covered":0,"skipped":0,"pct":100},"statements":{"total":1,"covered":0,"skipped":0,"pct":0},"branches":{"total":0,"covered":0,"skipped":0,"pct":100}}
,"C:\\Users\\MG-Trainee\\Documents\\GitHub\\InternProject\\backend\\src\\constants\\invitations.js": {"lines":{"total":1,"covered":0,"skipped":0,"pct":0},"functions":{"total":0,"covered":0,"skipped":0,"pct":100},"statements":{"total":1,"covered":0,"skipped":0,"pct":0},"branches":{"total":0,"covered":0,"skipped":0,"pct":100}}
,"C:\\Users\\MG-Trainee\\Documents\\GitHub\\InternProject\\backend\\src\\constants\\roles.js": {"lines":{"total":4,"covered":4,"skipped":0,"pct":100},"functions":{"total":0,"covered":0,"skipped":0,"pct":100},"statements":{"total":4,"covered":4,"skipped":0,"pct":100},"branches":{"total":0,"covered":0,"skipped":0,"pct":100}}
,"C:\\Users\\MG-Trainee\\Documents\\GitHub\\InternProject\\backend\\src\\controllers\\AuditLogController.js": {"lines":{"total":52,"covered":0,"skipped":0,"pct":0},"functions":{"total":14,"covered":0,"skipped":0,"pct":0},"statements":{"total":55,"covered":0,"skipped":0,"pct":0},"branches":{"total":16,"covered":0,"skipped":0,"pct":0}}
,"C:\\Users\\MG-Trainee\\Documents\\GitHub\\InternProject\\backend\\src\\controllers\\AuthController.js": {"lines":{"total":172,"covered":0,"skipped":0,"pct":0},"functions":{"total":22,"covered":0,"skipped":0,"pct":0},"statements":{"total":173,"covered":0,"skipped":0,"pct":0},"branches":{"total":85,"covered":0,"skipped":0,"pct":0}}
,"C:\\Users\\MG-Trainee\\Documents\\GitHub\\InternProject\\backend\\src\\controllers\\CompanyController.js": {"lines":{"total":25,"covered":0,"skipped":0,"pct":0},"functions":{"total":6,"covered":0,"skipped":0,"pct":0},"statements":{"total":25,"covered":0,"skipped":0,"pct":0},"branches":{"total":5,"covered":0,"skipped":0,"pct":0}}
,"C:\\Users\\MG-Trainee\\Documents\\GitHub\\InternProject\\backend\\src\\controllers\\InvitationController.js": {"lines":{"total":31,"covered":0,"skipped":0,"pct":0},"functions":{"total":7,"covered":0,"skipped":0,"pct":0},"statements":{"total":31,"covered":0,"skipped":0,"pct":0},"branches":{"total":19,"covered":0,"skipped":0,"pct":0}}
,"C:\\Users\\MG-Trainee\\Documents\\GitHub\\InternProject\\backend\\src\\controllers\\MemberController.js": {"lines":{"total":30,"covered":0,"skipped":0,"pct":0},"functions":{"total":7,"covered":0,"skipped":0,"pct":0},"statements":{"total":30,"covered":0,"skipped":0,"pct":0},"branches":{"total":5,"covered":0,"skipped":0,"pct":0}}
,"C:\\Users\\MG-Trainee\\Documents\\GitHub\\InternProject\\backend\\src\\controllers\\OtpController.js": {"lines":{"total":30,"covered":0,"skipped":0,"pct":0},"functions":{"total":4,"covered":0,"skipped":0,"pct":0},"statements":{"total":30,"covered":0,"skipped":0,"pct":0},"branches":{"total":24,"covered":0,"skipped":0,"pct":0}}
,"C:\\Users\\MG-Trainee\\Documents\\GitHub\\InternProject\\backend\\src\\controllers\\ProfileController.js": {"lines":{"total":27,"covered":0,"skipped":0,"pct":0},"functions":{"total":6,"covered":0,"skipped":0,"pct":0},"statements":{"total":27,"covered":0,"skipped":0,"pct":0},"branches":{"total":1,"covered":0,"skipped":0,"pct":0}}
,"C:\\Users\\MG-Trainee\\Documents\\GitHub\\InternProject\\backend\\src\\controllers\\RoleController.js": {"lines":{"total":17,"covered":0,"skipped":0,"pct":0},"functions":{"total":3,"covered":0,"skipped":0,"pct":0},"statements":{"total":17,"covered":0,"skipped":0,"pct":0},"branches":{"total":0,"covered":0,"skipped":0,"pct":100}}
,"C:\\Users\\MG-Trainee\\Documents\\GitHub\\InternProject\\backend\\src\\controllers\\TokenController.js": {"lines":{"total":11,"covered":0,"skipped":0,"pct":0},"functions":{"total":2,"covered":0,"skipped":0,"pct":0},"statements":{"total":11,"covered":0,"skipped":0,"pct":0},"branches":{"total":7,"covered":0,"skipped":0,"pct":0}}
,"C:\\Users\\MG-Trainee\\Documents\\GitHub\\InternProject\\backend\\src\\middleware\\auditLogMiddleware.js": {"lines":{"total":79,"covered":76,"skipped":0,"pct":96.2},"functions":{"total":15,"covered":15,"skipped":0,"pct":100},"statements":{"total":88,"covered":85,"skipped":0,"pct":96.59},"branches":{"total":122,"covered":96,"skipped":0,"pct":78.68}}
,"C:\\Users\\MG-Trainee\\Documents\\GitHub\\InternProject\\backend\\src\\middleware\\authMiddleware.js": {"lines":{"total":45,"covered":45,"skipped":0,"pct":100},"functions":{"total":6,"covered":6,"skipped":0,"pct":100},"statements":{"total":46,"covered":45,"skipped":0,"pct":97.82},"branches":{"total":36,"covered":34,"skipped":0,"pct":94.44}}
,"C:\\Users\\MG-Trainee\\Documents\\GitHub\\InternProject\\backend\\src\\middleware\\companyMiddleware.js": {"lines":{"total":40,"covered":40,"skipped":0,"pct":100},"functions":{"total":6,"covered":6,"skipped":0,"pct":100},"statements":{"total":46,"covered":44,"skipped":0,"pct":95.65},"branches":{"total":30,"covered":27,"skipped":0,"pct":90}}
,"C:\\Users\\MG-Trainee\\Documents\\GitHub\\InternProject\\backend\\src\\middleware\\errorHandler.js": {"lines":{"total":106,"covered":106,"skipped":0,"pct":100},"functions":{"total":15,"covered":15,"skipped":0,"pct":100},"statements":{"total":111,"covered":111,"skipped":0,"pct":100},"branches":{"total":119,"covered":101,"skipped":0,"pct":84.87}}
,"C:\\Users\\MG-Trainee\\Documents\\GitHub\\InternProject\\backend\\src\\middleware\\otpRateLimiter.js": {"lines":{"total":18,"covered":0,"skipped":0,"pct":0},"functions":{"total":10,"covered":0,"skipped":0,"pct":0},"statements":{"total":18,"covered":0,"skipped":0,"pct":0},"branches":{"total":10,"covered":0,"skipped":0,"pct":0}}
,"C:\\Users\\MG-Trainee\\Documents\\GitHub\\InternProject\\backend\\src\\middleware\\refreshTokenMiddleware.js": {"lines":{"total":73,"covered":73,"skipped":0,"pct":100},"functions":{"total":3,"covered":3,"skipped":0,"pct":100},"statements":{"total":73,"covered":73,"skipped":0,"pct":100},"branches":{"total":75,"covered":65,"skipped":0,"pct":86.66}}
,"C:\\Users\\MG-Trainee\\Documents\\GitHub\\InternProject\\backend\\src\\middleware\\roleMiddleware.js": {"lines":{"total":14,"covered":14,"skipped":0,"pct":100},"functions":{"total":3,"covered":3,"skipped":0,"pct":100},"statements":{"total":14,"covered":14,"skipped":0,"pct":100},"branches":{"total":12,"covered":10,"skipped":0,"pct":83.33}}
,"C:\\Users\\MG-Trainee\\Documents\\GitHub\\InternProject\\backend\\src\\middleware\\securityMonitoring.js": {"lines":{"total":95,"covered":0,"skipped":0,"pct":0},"functions":{"total":11,"covered":0,"skipped":0,"pct":0},"statements":{"total":96,"covered":0,"skipped":0,"pct":0},"branches":{"total":76,"covered":0,"skipped":0,"pct":0}}
,"C:\\Users\\MG-Trainee\\Documents\\GitHub\\InternProject\\backend\\src\\middleware\\sequelizeSecurity.js": {"lines":{"total":80,"covered":80,"skipped":0,"pct":100},"functions":{"total":19,"covered":19,"skipped":0,"pct":100},"statements":{"total":93,"covered":92,"skipped":0,"pct":98.92},"branches":{"total":65,"covered":56,"skipped":0,"pct":86.15}}
,"C:\\Users\\MG-Trainee\\Documents\\GitHub\\InternProject\\backend\\src\\middleware\\uploadMiddleware.js": {"lines":{"total":12,"covered":0,"skipped":0,"pct":0},"functions":{"total":4,"covered":0,"skipped":0,"pct":0},"statements":{"total":15,"covered":0,"skipped":0,"pct":0},"branches":{"total":2,"covered":0,"skipped":0,"pct":0}}
,"C:\\Users\\MG-Trainee\\Documents\\GitHub\\InternProject\\backend\\src\\middleware\\validation.js": {"lines":{"total":23,"covered":19,"skipped":0,"pct":82.6},"functions":{"total":3,"covered":2,"skipped":0,"pct":66.66},"statements":{"total":24,"covered":19,"skipped":0,"pct":79.16},"branches":{"total":15,"covered":10,"skipped":0,"pct":66.66}}
,"C:\\Users\\MG-Trainee\\Documents\\GitHub\\InternProject\\backend\\src\\middleware\\security\\rateLimiters.js": {"lines":{"total":9,"covered":0,"skipped":0,"pct":0},"functions":{"total":3,"covered":0,"skipped":0,"pct":0},"statements":{"total":9,"covered":0,"skipped":0,"pct":0},"branches":{"total":4,"covered":0,"skipped":0,"pct":0}}
,"C:\\Users\\MG-Trainee\\Documents\\GitHub\\InternProject\\backend\\src\\models\\AuditLogModel.js": {"lines":{"total":55,"covered":13,"skipped":0,"pct":23.63},"functions":{"total":15,"covered":0,"skipped":0,"pct":0},"statements":{"total":69,"covered":13,"skipped":0,"pct":18.84},"branches":{"total":55,"covered":0,"skipped":0,"pct":0}}
,"C:\\Users\\MG-Trainee\\Documents\\GitHub\\InternProject\\backend\\src\\models\\CompanyModel.js": {"lines":{"total":68,"covered":17,"skipped":0,"pct":25},"functions":{"total":16,"covered":0,"skipped":0,"pct":0},"statements":{"total":68,"covered":17,"skipped":0,"pct":25},"branches":{"total":50,"covered":0,"skipped":0,"pct":0}}
,"C:\\Users\\MG-Trainee\\Documents\\GitHub\\InternProject\\backend\\src\\models\\InvitationModel.js": {"lines":{"total":21,"covered":0,"skipped":0,"pct":0},"functions":{"total":8,"covered":0,"skipped":0,"pct":0},"statements":{"total":22,"covered":0,"skipped":0,"pct":0},"branches":{"total":10,"covered":0,"skipped":0,"pct":0}}
,"C:\\Users\\MG-Trainee\\Documents\\GitHub\\InternProject\\backend\\src\\models\\MemberModel.js": {"lines":{"total":57,"covered":19,"skipped":0,"pct":33.33},"functions":{"total":18,"covered":0,"skipped":0,"pct":0},"statements":{"total":57,"covered":19,"skipped":0,"pct":33.33},"branches":{"total":26,"covered":0,"skipped":0,"pct":0}}
,"C:\\Users\\MG-Trainee\\Documents\\GitHub\\InternProject\\backend\\src\\models\\OtpModel.js": {"lines":{"total":44,"covered":0,"skipped":0,"pct":0},"functions":{"total":7,"covered":0,"skipped":0,"pct":0},"statements":{"total":44,"covered":0,"skipped":0,"pct":0},"branches":{"total":12,"covered":0,"skipped":0,"pct":0}}
,"C:\\Users\\MG-Trainee\\Documents\\GitHub\\InternProject\\backend\\src\\models\\RoleModel.js": {"lines":{"total":13,"covered":7,"skipped":0,"pct":53.84},"functions":{"total":5,"covered":0,"skipped":0,"pct":0},"statements":{"total":13,"covered":7,"skipped":0,"pct":53.84},"branches":{"total":1,"covered":0,"skipped":0,"pct":0}}
,"C:\\Users\\MG-Trainee\\Documents\\GitHub\\InternProject\\backend\\src\\models\\TokenModel.js": {"lines":{"total":60,"covered":19,"skipped":0,"pct":31.66},"functions":{"total":17,"covered":0,"skipped":0,"pct":0},"statements":{"total":60,"covered":19,"skipped":0,"pct":31.66},"branches":{"total":17,"covered":0,"skipped":0,"pct":0}}
,"C:\\Users\\MG-Trainee\\Documents\\GitHub\\InternProject\\backend\\src\\models\\TrustedDeviceModel.js": {"lines":{"total":27,"covered":0,"skipped":0,"pct":0},"functions":{"total":7,"covered":0,"skipped":0,"pct":0},"statements":{"total":27,"covered":0,"skipped":0,"pct":0},"branches":{"total":0,"covered":0,"skipped":0,"pct":100}}
,"C:\\Users\\MG-Trainee\\Documents\\GitHub\\InternProject\\backend\\src\\models\\UserModel.js": {"lines":{"total":98,"covered":24,"skipped":0,"pct":24.48},"functions":{"total":27,"covered":0,"skipped":0,"pct":0},"statements":{"total":101,"covered":24,"skipped":0,"pct":23.76},"branches":{"total":78,"covered":0,"skipped":0,"pct":0}}
,"C:\\Users\\MG-Trainee\\Documents\\GitHub\\InternProject\\backend\\src\\models\\dbModels.js": {"lines":{"total":27,"covered":0,"skipped":0,"pct":0},"functions":{"total":3,"covered":0,"skipped":0,"pct":0},"statements":{"total":28,"covered":0,"skipped":0,"pct":0},"branches":{"total":0,"covered":0,"skipped":0,"pct":100}}
,"C:\\Users\\MG-Trainee\\Documents\\GitHub\\InternProject\\backend\\src\\routes\\auditLogRoutes.js": {"lines":{"total":18,"covered":0,"skipped":0,"pct":0},"functions":{"total":1,"covered":0,"skipped":0,"pct":0},"statements":{"total":18,"covered":0,"skipped":0,"pct":0},"branches":{"total":7,"covered":0,"skipped":0,"pct":0}}
,"C:\\Users\\MG-Trainee\\Documents\\GitHub\\InternProject\\backend\\src\\routes\\authRoutes.js": {"lines":{"total":38,"covered":0,"skipped":0,"pct":0},"functions":{"total":3,"covered":0,"skipped":0,"pct":0},"statements":{"total":38,"covered":0,"skipped":0,"pct":0},"branches":{"total":15,"covered":0,"skipped":0,"pct":0}}
,"C:\\Users\\MG-Trainee\\Documents\\GitHub\\InternProject\\backend\\src\\routes\\companyRoutes.js": {"lines":{"total":16,"covered":0,"skipped":0,"pct":0},"functions":{"total":3,"covered":0,"skipped":0,"pct":0},"statements":{"total":16,"covered":0,"skipped":0,"pct":0},"branches":{"total":11,"covered":0,"skipped":0,"pct":0}}
,"C:\\Users\\MG-Trainee\\Documents\\GitHub\\InternProject\\backend\\src\\routes\\invitationRoutes.js": {"lines":{"total":12,"covered":0,"skipped":0,"pct":0},"functions":{"total":1,"covered":0,"skipped":0,"pct":0},"statements":{"total":12,"covered":0,"skipped":0,"pct":0},"branches":{"total":9,"covered":0,"skipped":0,"pct":0}}
,"C:\\Users\\MG-Trainee\\Documents\\GitHub\\InternProject\\backend\\src\\routes\\memberRoutes.js": {"lines":{"total":19,"covered":0,"skipped":0,"pct":0},"functions":{"total":4,"covered":0,"skipped":0,"pct":0},"statements":{"total":19,"covered":0,"skipped":0,"pct":0},"branches":{"total":13,"covered":0,"skipped":0,"pct":0}}
,"C:\\Users\\MG-Trainee\\Documents\\GitHub\\InternProject\\backend\\src\\routes\\profileRoutes.js": {"lines":{"total":7,"covered":0,"skipped":0,"pct":0},"functions":{"total":0,"covered":0,"skipped":0,"pct":100},"statements":{"total":7,"covered":0,"skipped":0,"pct":0},"branches":{"total":0,"covered":0,"skipped":0,"pct":100}}
,"C:\\Users\\MG-Trainee\\Documents\\GitHub\\InternProject\\backend\\src\\services\\AuditLogService.js": {"lines":{"total":53,"covered":13,"skipped":0,"pct":24.52},"functions":{"total":14,"covered":1,"skipped":0,"pct":7.14},"statements":{"total":64,"covered":13,"skipped":0,"pct":20.31},"branches":{"total":57,"covered":5,"skipped":0,"pct":8.77}}
,"C:\\Users\\MG-Trainee\\Documents\\GitHub\\InternProject\\backend\\src\\services\\AuthService.js": {"lines":{"total":201,"covered":0,"skipped":0,"pct":0},"functions":{"total":16,"covered":0,"skipped":0,"pct":0},"statements":{"total":216,"covered":0,"skipped":0,"pct":0},"branches":{"total":143,"covered":0,"skipped":0,"pct":0}}
,"C:\\Users\\MG-Trainee\\Documents\\GitHub\\InternProject\\backend\\src\\services\\CompanyService.js": {"lines":{"total":82,"covered":0,"skipped":0,"pct":0},"functions":{"total":15,"covered":0,"skipped":0,"pct":0},"statements":{"total":89,"covered":0,"skipped":0,"pct":0},"branches":{"total":55,"covered":0,"skipped":0,"pct":0}}
,"C:\\Users\\MG-Trainee\\Documents\\GitHub\\InternProject\\backend\\src\\services\\InvitationService.js": {"lines":{"total":117,"covered":0,"skipped":0,"pct":0},"functions":{"total":7,"covered":0,"skipped":0,"pct":0},"statements":{"total":124,"covered":0,"skipped":0,"pct":0},"branches":{"total":93,"covered":0,"skipped":0,"pct":0}}
,"C:\\Users\\MG-Trainee\\Documents\\GitHub\\InternProject\\backend\\src\\services\\MemberService.js": {"lines":{"total":64,"covered":0,"skipped":0,"pct":0},"functions":{"total":9,"covered":0,"skipped":0,"pct":0},"statements":{"total":69,"covered":0,"skipped":0,"pct":0},"branches":{"total":55,"covered":0,"skipped":0,"pct":0}}
,"C:\\Users\\MG-Trainee\\Documents\\GitHub\\InternProject\\backend\\src\\services\\MfaService.js": {"lines":{"total":35,"covered":0,"skipped":0,"pct":0},"functions":{"total":5,"covered":0,"skipped":0,"pct":0},"statements":{"total":35,"covered":0,"skipped":0,"pct":0},"branches":{"total":20,"covered":0,"skipped":0,"pct":0}}
,"C:\\Users\\MG-Trainee\\Documents\\GitHub\\InternProject\\backend\\src\\services\\OtpService.js": {"lines":{"total":39,"covered":0,"skipped":0,"pct":0},"functions":{"total":7,"covered":0,"skipped":0,"pct":0},"statements":{"total":40,"covered":0,"skipped":0,"pct":0},"branches":{"total":19,"covered":0,"skipped":0,"pct":0}}
,"C:\\Users\\MG-Trainee\\Documents\\GitHub\\InternProject\\backend\\src\\services\\RoleService.js": {"lines":{"total":21,"covered":0,"skipped":0,"pct":0},"functions":{"total":7,"covered":0,"skipped":0,"pct":0},"statements":{"total":23,"covered":0,"skipped":0,"pct":0},"branches":{"total":12,"covered":0,"skipped":0,"pct":0}}
,"C:\\Users\\MG-Trainee\\Documents\\GitHub\\InternProject\\backend\\src\\services\\StorageService.js": {"lines":{"total":82,"covered":0,"skipped":0,"pct":0},"functions":{"total":9,"covered":0,"skipped":0,"pct":0},"statements":{"total":93,"covered":0,"skipped":0,"pct":0},"branches":{"total":52,"covered":0,"skipped":0,"pct":0}}
,"C:\\Users\\MG-Trainee\\Documents\\GitHub\\InternProject\\backend\\src\\services\\queueService.js": {"lines":{"total":59,"covered":0,"skipped":0,"pct":0},"functions":{"total":5,"covered":0,"skipped":0,"pct":0},"statements":{"total":60,"covered":0,"skipped":0,"pct":0},"branches":{"total":14,"covered":0,"skipped":0,"pct":0}}
,"C:\\Users\\MG-Trainee\\Documents\\GitHub\\InternProject\\backend\\src\\utils\\AppErrors.js": {"lines":{"total":5,"covered":0,"skipped":0,"pct":0},"functions":{"total":1,"covered":0,"skipped":0,"pct":0},"statements":{"total":5,"covered":0,"skipped":0,"pct":0},"branches":{"total":2,"covered":0,"skipped":0,"pct":0}}
,"C:\\Users\\MG-Trainee\\Documents\\GitHub\\InternProject\\backend\\src\\utils\\cookieUtils.js": {"lines":{"total":29,"covered":13,"skipped":0,"pct":44.82},"functions":{"total":5,"covered":0,"skipped":0,"pct":0},"statements":{"total":29,"covered":13,"skipped":0,"pct":44.82},"branches":{"total":24,"covered":4,"skipped":0,"pct":16.66}}
,"C:\\Users\\MG-Trainee\\Documents\\GitHub\\InternProject\\backend\\src\\utils\\deviceFingerprint.js": {"lines":{"total":19,"covered":0,"skipped":0,"pct":0},"functions":{"total":2,"covered":0,"skipped":0,"pct":0},"statements":{"total":30,"covered":0,"skipped":0,"pct":0},"branches":{"total":31,"covered":0,"skipped":0,"pct":0}}
,"C:\\Users\\MG-Trainee\\Documents\\GitHub\\InternProject\\backend\\src\\utils\\emailGenerator.js": {"lines":{"total":9,"covered":0,"skipped":0,"pct":0},"functions":{"total":2,"covered":0,"skipped":0,"pct":0},"statements":{"total":9,"covered":0,"skipped":0,"pct":0},"branches":{"total":4,"covered":0,"skipped":0,"pct":0}}
,"C:\\Users\\MG-Trainee\\Documents\\GitHub\\InternProject\\backend\\src\\utils\\logger.js": {"lines":{"total":31,"covered":14,"skipped":0,"pct":45.16},"functions":{"total":17,"covered":1,"skipped":0,"pct":5.88},"statements":{"total":31,"covered":14,"skipped":0,"pct":45.16},"branches":{"total":13,"covered":4,"skipped":0,"pct":30.76}}
,"C:\\Users\\MG-Trainee\\Documents\\GitHub\\InternProject\\backend\\src\\utils\\mailer.js": {"lines":{"total":30,"covered":0,"skipped":0,"pct":0},"functions":{"total":3,"covered":0,"skipped":0,"pct":0},"statements":{"total":31,"covered":0,"skipped":0,"pct":0},"branches":{"total":20,"covered":0,"skipped":0,"pct":0}}
,"C:\\Users\\MG-Trainee\\Documents\\GitHub\\InternProject\\backend\\src\\utils\\responseHandler.js": {"lines":{"total":6,"covered":0,"skipped":0,"pct":0},"functions":{"total":6,"covered":0,"skipped":0,"pct":0},"statements":{"total":6,"covered":0,"skipped":0,"pct":0},"branches":{"total":9,"covered":0,"skipped":0,"pct":0}}
,"C:\\Users\\MG-Trainee\\Documents\\GitHub\\InternProject\\backend\\src\\utils\\token.js": {"lines":{"total":37,"covered":8,"skipped":0,"pct":21.62},"functions":{"total":8,"covered":0,"skipped":0,"pct":0},"statements":{"total":37,"covered":8,"skipped":0,"pct":21.62},"branches":{"total":22,"covered":0,"skipped":0,"pct":0}}
}
