{"total": {"lines":{"total":1916,"covered":65,"skipped":0,"pct":3.39},"statements":{"total":1951,"covered":65,"skipped":0,"pct":3.33},"functions":{"total":317,"covered":10,"skipped":0,"pct":3.15},"branches":{"total":1281,"covered":45,"skipped":0,"pct":3.51},"branchesTrue":{"total":0,"covered":0,"skipped":0,"pct":100}}
,"C:\\Users\\dnpul\\OneDrive\\Documents\\GitHub\\InternProject\\backend\\src\\config\\auth.js": {"lines":{"total":5,"covered":5,"skipped":0,"pct":100},"functions":{"total":0,"covered":0,"skipped":0,"pct":100},"statements":{"total":5,"covered":5,"skipped":0,"pct":100},"branches":{"total":10,"covered":10,"skipped":0,"pct":100}}
,"C:\\Users\\dnpul\\OneDrive\\Documents\\GitHub\\InternProject\\backend\\src\\config\\database.js": {"lines":{"total":1,"covered":1,"skipped":0,"pct":100},"functions":{"total":0,"covered":0,"skipped":0,"pct":100},"statements":{"total":1,"covered":1,"skipped":0,"pct":100},"branches":{"total":8,"covered":8,"skipped":0,"pct":100}}
,"C:\\Users\\dnpul\\OneDrive\\Documents\\GitHub\\InternProject\\backend\\src\\controllers\\AuditLogController.js": {"lines":{"total":91,"covered":0,"skipped":0,"pct":0},"functions":{"total":13,"covered":0,"skipped":0,"pct":0},"statements":{"total":92,"covered":0,"skipped":0,"pct":0},"branches":{"total":48,"covered":0,"skipped":0,"pct":0}}
,"C:\\Users\\dnpul\\OneDrive\\Documents\\GitHub\\InternProject\\backend\\src\\controllers\\AuthController.js": {"lines":{"total":127,"covered":0,"skipped":0,"pct":0},"functions":{"total":14,"covered":0,"skipped":0,"pct":0},"statements":{"total":128,"covered":0,"skipped":0,"pct":0},"branches":{"total":72,"covered":0,"skipped":0,"pct":0}}
,"C:\\Users\\dnpul\\OneDrive\\Documents\\GitHub\\InternProject\\backend\\src\\controllers\\CompanyController.js": {"lines":{"total":50,"covered":0,"skipped":0,"pct":0},"functions":{"total":5,"covered":0,"skipped":0,"pct":0},"statements":{"total":50,"covered":0,"skipped":0,"pct":0},"branches":{"total":20,"covered":0,"skipped":0,"pct":0}}
,"C:\\Users\\dnpul\\OneDrive\\Documents\\GitHub\\InternProject\\backend\\src\\controllers\\InvitationController.js": {"lines":{"total":41,"covered":0,"skipped":0,"pct":0},"functions":{"total":5,"covered":0,"skipped":0,"pct":0},"statements":{"total":41,"covered":0,"skipped":0,"pct":0},"branches":{"total":28,"covered":0,"skipped":0,"pct":0}}
,"C:\\Users\\dnpul\\OneDrive\\Documents\\GitHub\\InternProject\\backend\\src\\controllers\\MemberController.js": {"lines":{"total":49,"covered":0,"skipped":0,"pct":0},"functions":{"total":5,"covered":0,"skipped":0,"pct":0},"statements":{"total":49,"covered":0,"skipped":0,"pct":0},"branches":{"total":32,"covered":0,"skipped":0,"pct":0}}
,"C:\\Users\\dnpul\\OneDrive\\Documents\\GitHub\\InternProject\\backend\\src\\controllers\\TokenController.js": {"lines":{"total":10,"covered":0,"skipped":0,"pct":0},"functions":{"total":1,"covered":0,"skipped":0,"pct":0},"statements":{"total":10,"covered":0,"skipped":0,"pct":0},"branches":{"total":2,"covered":0,"skipped":0,"pct":0}}
,"C:\\Users\\dnpul\\OneDrive\\Documents\\GitHub\\InternProject\\backend\\src\\middleware\\auditLogMiddleware.js": {"lines":{"total":77,"covered":0,"skipped":0,"pct":0},"functions":{"total":14,"covered":0,"skipped":0,"pct":0},"statements":{"total":83,"covered":0,"skipped":0,"pct":0},"branches":{"total":149,"covered":0,"skipped":0,"pct":0}}
,"C:\\Users\\dnpul\\OneDrive\\Documents\\GitHub\\InternProject\\backend\\src\\middleware\\authMiddleware.js": {"lines":{"total":49,"covered":0,"skipped":0,"pct":0},"functions":{"total":5,"covered":0,"skipped":0,"pct":0},"statements":{"total":50,"covered":0,"skipped":0,"pct":0},"branches":{"total":26,"covered":0,"skipped":0,"pct":0}}
,"C:\\Users\\dnpul\\OneDrive\\Documents\\GitHub\\InternProject\\backend\\src\\middleware\\companyMiddleware.js": {"lines":{"total":65,"covered":0,"skipped":0,"pct":0},"functions":{"total":6,"covered":0,"skipped":0,"pct":0},"statements":{"total":67,"covered":0,"skipped":0,"pct":0},"branches":{"total":39,"covered":0,"skipped":0,"pct":0}}
,"C:\\Users\\dnpul\\OneDrive\\Documents\\GitHub\\InternProject\\backend\\src\\middleware\\errorHandler.js": {"lines":{"total":96,"covered":0,"skipped":0,"pct":0},"functions":{"total":13,"covered":0,"skipped":0,"pct":0},"statements":{"total":97,"covered":0,"skipped":0,"pct":0},"branches":{"total":99,"covered":0,"skipped":0,"pct":0}}
,"C:\\Users\\dnpul\\OneDrive\\Documents\\GitHub\\InternProject\\backend\\src\\middleware\\refreshTokenMiddleware.js": {"lines":{"total":61,"covered":0,"skipped":0,"pct":0},"functions":{"total":2,"covered":0,"skipped":0,"pct":0},"statements":{"total":61,"covered":0,"skipped":0,"pct":0},"branches":{"total":56,"covered":0,"skipped":0,"pct":0}}
,"C:\\Users\\dnpul\\OneDrive\\Documents\\GitHub\\InternProject\\backend\\src\\middleware\\roleMiddleware.js": {"lines":{"total":10,"covered":0,"skipped":0,"pct":0},"functions":{"total":2,"covered":0,"skipped":0,"pct":0},"statements":{"total":10,"covered":0,"skipped":0,"pct":0},"branches":{"total":9,"covered":0,"skipped":0,"pct":0}}
,"C:\\Users\\dnpul\\OneDrive\\Documents\\GitHub\\InternProject\\backend\\src\\middleware\\securityMonitoring.js": {"lines":{"total":52,"covered":0,"skipped":0,"pct":0},"functions":{"total":8,"covered":0,"skipped":0,"pct":0},"statements":{"total":52,"covered":0,"skipped":0,"pct":0},"branches":{"total":37,"covered":0,"skipped":0,"pct":0}}
,"C:\\Users\\dnpul\\OneDrive\\Documents\\GitHub\\InternProject\\backend\\src\\middleware\\sequelizeSecurity.js": {"lines":{"total":97,"covered":0,"skipped":0,"pct":0},"functions":{"total":19,"covered":0,"skipped":0,"pct":0},"statements":{"total":97,"covered":0,"skipped":0,"pct":0},"branches":{"total":58,"covered":0,"skipped":0,"pct":0}}
,"C:\\Users\\dnpul\\OneDrive\\Documents\\GitHub\\InternProject\\backend\\src\\middleware\\validation.js": {"lines":{"total":16,"covered":14,"skipped":0,"pct":87.5},"functions":{"total":2,"covered":1,"skipped":0,"pct":50},"statements":{"total":16,"covered":14,"skipped":0,"pct":87.5},"branches":{"total":2,"covered":1,"skipped":0,"pct":50}}
,"C:\\Users\\dnpul\\OneDrive\\Documents\\GitHub\\InternProject\\backend\\src\\models\\AuditLogModel.js": {"lines":{"total":55,"covered":0,"skipped":0,"pct":0},"functions":{"total":15,"covered":0,"skipped":0,"pct":0},"statements":{"total":69,"covered":0,"skipped":0,"pct":0},"branches":{"total":55,"covered":0,"skipped":0,"pct":0}}
,"C:\\Users\\dnpul\\OneDrive\\Documents\\GitHub\\InternProject\\backend\\src\\models\\CompanyModel.js": {"lines":{"total":65,"covered":0,"skipped":0,"pct":0},"functions":{"total":16,"covered":0,"skipped":0,"pct":0},"statements":{"total":65,"covered":0,"skipped":0,"pct":0},"branches":{"total":46,"covered":0,"skipped":0,"pct":0}}
,"C:\\Users\\dnpul\\OneDrive\\Documents\\GitHub\\InternProject\\backend\\src\\models\\MemberModel.js": {"lines":{"total":58,"covered":0,"skipped":0,"pct":0},"functions":{"total":18,"covered":0,"skipped":0,"pct":0},"statements":{"total":58,"covered":0,"skipped":0,"pct":0},"branches":{"total":20,"covered":0,"skipped":0,"pct":0}}
,"C:\\Users\\dnpul\\OneDrive\\Documents\\GitHub\\InternProject\\backend\\src\\models\\RoleModel.js": {"lines":{"total":43,"covered":0,"skipped":0,"pct":0},"functions":{"total":15,"covered":0,"skipped":0,"pct":0},"statements":{"total":45,"covered":0,"skipped":0,"pct":0},"branches":{"total":22,"covered":0,"skipped":0,"pct":0}}
,"C:\\Users\\dnpul\\OneDrive\\Documents\\GitHub\\InternProject\\backend\\src\\models\\TokenModel.js": {"lines":{"total":60,"covered":0,"skipped":0,"pct":0},"functions":{"total":17,"covered":0,"skipped":0,"pct":0},"statements":{"total":60,"covered":0,"skipped":0,"pct":0},"branches":{"total":17,"covered":0,"skipped":0,"pct":0}}
,"C:\\Users\\dnpul\\OneDrive\\Documents\\GitHub\\InternProject\\backend\\src\\models\\UserModel.js": {"lines":{"total":81,"covered":0,"skipped":0,"pct":0},"functions":{"total":21,"covered":0,"skipped":0,"pct":0},"statements":{"total":82,"covered":0,"skipped":0,"pct":0},"branches":{"total":66,"covered":0,"skipped":0,"pct":0}}
,"C:\\Users\\dnpul\\OneDrive\\Documents\\GitHub\\InternProject\\backend\\src\\models\\dbModels.js": {"lines":{"total":24,"covered":0,"skipped":0,"pct":0},"functions":{"total":2,"covered":0,"skipped":0,"pct":0},"statements":{"total":24,"covered":0,"skipped":0,"pct":0},"branches":{"total":2,"covered":0,"skipped":0,"pct":0}}
,"C:\\Users\\dnpul\\OneDrive\\Documents\\GitHub\\InternProject\\backend\\src\\routes\\auditLogRoutes.js": {"lines":{"total":13,"covered":0,"skipped":0,"pct":0},"functions":{"total":0,"covered":0,"skipped":0,"pct":100},"statements":{"total":13,"covered":0,"skipped":0,"pct":0},"branches":{"total":0,"covered":0,"skipped":0,"pct":100}}
,"C:\\Users\\dnpul\\OneDrive\\Documents\\GitHub\\InternProject\\backend\\src\\routes\\authRoutes.js": {"lines":{"total":17,"covered":0,"skipped":0,"pct":0},"functions":{"total":2,"covered":0,"skipped":0,"pct":0},"statements":{"total":18,"covered":0,"skipped":0,"pct":0},"branches":{"total":0,"covered":0,"skipped":0,"pct":100}}
,"C:\\Users\\dnpul\\OneDrive\\Documents\\GitHub\\InternProject\\backend\\src\\routes\\companyRoutes.js": {"lines":{"total":8,"covered":0,"skipped":0,"pct":0},"functions":{"total":1,"covered":0,"skipped":0,"pct":0},"statements":{"total":8,"covered":0,"skipped":0,"pct":0},"branches":{"total":0,"covered":0,"skipped":0,"pct":100}}
,"C:\\Users\\dnpul\\OneDrive\\Documents\\GitHub\\InternProject\\backend\\src\\routes\\invitationRoutes.js": {"lines":{"total":6,"covered":0,"skipped":0,"pct":0},"functions":{"total":0,"covered":0,"skipped":0,"pct":100},"statements":{"total":6,"covered":0,"skipped":0,"pct":0},"branches":{"total":0,"covered":0,"skipped":0,"pct":100}}
,"C:\\Users\\dnpul\\OneDrive\\Documents\\GitHub\\InternProject\\backend\\src\\routes\\memberRoutes.js": {"lines":{"total":10,"covered":0,"skipped":0,"pct":0},"functions":{"total":2,"covered":0,"skipped":0,"pct":0},"statements":{"total":10,"covered":0,"skipped":0,"pct":0},"branches":{"total":0,"covered":0,"skipped":0,"pct":100}}
,"C:\\Users\\dnpul\\OneDrive\\Documents\\GitHub\\InternProject\\backend\\src\\scripts\\migrate.js": {"lines":{"total":66,"covered":0,"skipped":0,"pct":0},"functions":{"total":4,"covered":0,"skipped":0,"pct":0},"statements":{"total":67,"covered":0,"skipped":0,"pct":0},"branches":{"total":19,"covered":0,"skipped":0,"pct":0}}
,"C:\\Users\\dnpul\\OneDrive\\Documents\\GitHub\\InternProject\\backend\\src\\services\\AuditLogService.js": {"lines":{"total":58,"covered":0,"skipped":0,"pct":0},"functions":{"total":19,"covered":0,"skipped":0,"pct":0},"statements":{"total":61,"covered":0,"skipped":0,"pct":0},"branches":{"total":61,"covered":0,"skipped":0,"pct":0}}
,"C:\\Users\\dnpul\\OneDrive\\Documents\\GitHub\\InternProject\\backend\\src\\services\\AuthService.js": {"lines":{"total":170,"covered":0,"skipped":0,"pct":0},"functions":{"total":15,"covered":0,"skipped":0,"pct":0},"statements":{"total":171,"covered":0,"skipped":0,"pct":0},"branches":{"total":118,"covered":0,"skipped":0,"pct":0}}
,"C:\\Users\\dnpul\\OneDrive\\Documents\\GitHub\\InternProject\\backend\\src\\services\\CompanyService.js": {"lines":{"total":72,"covered":0,"skipped":0,"pct":0},"functions":{"total":12,"covered":0,"skipped":0,"pct":0},"statements":{"total":72,"covered":0,"skipped":0,"pct":0},"branches":{"total":36,"covered":0,"skipped":0,"pct":0}}
,"C:\\Users\\dnpul\\OneDrive\\Documents\\GitHub\\InternProject\\backend\\src\\services\\InvitationService.js": {"lines":{"total":54,"covered":0,"skipped":0,"pct":0},"functions":{"total":9,"covered":0,"skipped":0,"pct":0},"statements":{"total":54,"covered":0,"skipped":0,"pct":0},"branches":{"total":35,"covered":0,"skipped":0,"pct":0}}
,"C:\\Users\\dnpul\\OneDrive\\Documents\\GitHub\\InternProject\\backend\\src\\services\\MemberService.js": {"lines":{"total":63,"covered":0,"skipped":0,"pct":0},"functions":{"total":10,"covered":0,"skipped":0,"pct":0},"statements":{"total":63,"covered":0,"skipped":0,"pct":0},"branches":{"total":44,"covered":0,"skipped":0,"pct":0}}
,"C:\\Users\\dnpul\\OneDrive\\Documents\\GitHub\\InternProject\\backend\\src\\services\\Services.js": {"lines":{"total":0,"covered":0,"skipped":0,"pct":0},"functions":{"total":0,"covered":0,"skipped":0,"pct":0},"statements":{"total":0,"covered":0,"skipped":0,"pct":0},"branches":{"total":0,"covered":0,"skipped":0,"pct":0}}
,"C:\\Users\\dnpul\\OneDrive\\Documents\\GitHub\\InternProject\\backend\\src\\utils\\cookieUtils.js": {"lines":{"total":25,"covered":25,"skipped":0,"pct":100},"functions":{"total":5,"covered":5,"skipped":0,"pct":100},"statements":{"total":25,"covered":25,"skipped":0,"pct":100},"branches":{"total":20,"covered":18,"skipped":0,"pct":90}}
,"C:\\Users\\dnpul\\OneDrive\\Documents\\GitHub\\InternProject\\backend\\src\\utils\\crypto.js": {"lines":{"total":5,"covered":0,"skipped":0,"pct":0},"functions":{"total":2,"covered":0,"skipped":0,"pct":0},"statements":{"total":5,"covered":0,"skipped":0,"pct":0},"branches":{"total":0,"covered":0,"skipped":0,"pct":100}}
,"C:\\Users\\dnpul\\OneDrive\\Documents\\GitHub\\InternProject\\backend\\src\\utils\\logger.js": {"lines":{"total":27,"covered":0,"skipped":0,"pct":0},"functions":{"total":13,"covered":0,"skipped":0,"pct":0},"statements":{"total":27,"covered":0,"skipped":0,"pct":0},"branches":{"total":5,"covered":0,"skipped":0,"pct":0}}
,"C:\\Users\\dnpul\\OneDrive\\Documents\\GitHub\\InternProject\\backend\\src\\utils\\mailer.js": {"lines":{"total":17,"covered":0,"skipped":0,"pct":0},"functions":{"total":1,"covered":0,"skipped":0,"pct":0},"statements":{"total":17,"covered":0,"skipped":0,"pct":0},"branches":{"total":8,"covered":0,"skipped":0,"pct":0}}
,"C:\\Users\\dnpul\\OneDrive\\Documents\\GitHub\\InternProject\\backend\\src\\utils\\token.js": {"lines":{"total":22,"covered":20,"skipped":0,"pct":90.9},"functions":{"total":4,"covered":4,"skipped":0,"pct":100},"statements":{"total":22,"covered":20,"skipped":0,"pct":90.9},"branches":{"total":12,"covered":8,"skipped":0,"pct":66.66}}
}
