TN:
SF:src\config\auth.js
FNF:0
FNH:0
DA:2,18
DA:7,18
DA:24,18
DA:25,3
DA:26,3
LF:5
LH:5
BRDA:10,0,0,18
BRDA:10,0,1,17
BRDA:12,1,0,18
BRDA:12,1,1,3
BRDA:16,2,0,18
BRDA:16,2,1,2
BRDA:24,3,0,3
BRDA:24,3,1,15
BRDA:24,4,0,18
BRDA:24,4,1,16
BRF:10
BRH:10
end_of_record
TN:
SF:src\config\database.js
FNF:0
FNH:0
DA:2,55
LF:1
LH:1
BRDA:10,0,0,55
BRDA:10,0,1,39
BRDA:20,1,0,10
BRDA:20,1,1,45
BRDA:31,2,0,55
BRDA:31,2,1,39
BRDA:52,3,0,55
BRDA:52,3,1,39
BRF:8
BRH:8
end_of_record
TN:
SF:src\constants\AuditActions.js
FNF:0
FNH:0
DA:3,4
LF:1
LH:1
BRF:0
BRH:0
end_of_record
TN:
SF:src\controllers\AuditLogController.js
FN:9,(anonymous_0)
FN:14,(anonymous_1)
FN:33,(anonymous_2)
FN:65,(anonymous_3)
FN:98,(anonymous_4)
FN:121,(anonymous_5)
FN:144,(anonymous_6)
FN:176,(anonymous_7)
FN:199,(anonymous_8)
FN:221,(anonymous_9)
FN:250,(anonymous_10)
FN:272,(anonymous_11)
FN:283,(anonymous_12)
FN:312,(anonymous_13)
FNF:14
FNH:14
FNDA:36,(anonymous_0)
FNDA:4,(anonymous_1)
FNDA:52,(anonymous_2)
FNDA:4,(anonymous_3)
FNDA:3,(anonymous_4)
FNDA:3,(anonymous_5)
FNDA:3,(anonymous_6)
FNDA:3,(anonymous_7)
FNDA:3,(anonymous_8)
FNDA:3,(anonymous_9)
FNDA:2,(anonymous_10)
FNDA:3,(anonymous_11)
FNDA:15,(anonymous_12)
FNDA:3,(anonymous_13)
DA:9,2
DA:14,36
DA:15,4
DA:16,4
DA:33,4
DA:34,52
DA:35,38
DA:39,4
DA:46,4
DA:48,3
DA:53,1
DA:54,1
DA:65,36
DA:66,4
DA:67,4
DA:68,4
DA:71,4
DA:72,1
DA:78,3
DA:80,2
DA:86,1
DA:87,1
DA:98,36
DA:99,3
DA:100,3
DA:101,3
DA:103,2
DA:109,1
DA:110,1
DA:121,36
DA:122,3
DA:123,3
DA:124,3
DA:126,2
DA:132,1
DA:133,1
DA:144,36
DA:145,3
DA:146,3
DA:150,3
DA:154,3
DA:156,3
DA:158,2
DA:164,1
DA:165,1
DA:176,36
DA:177,3
DA:178,3
DA:179,3
DA:181,2
DA:187,1
DA:188,1
DA:199,36
DA:200,3
DA:201,3
DA:202,3
DA:204,2
DA:209,1
DA:210,1
DA:221,36
DA:222,3
DA:223,3
DA:227,3
DA:231,3
DA:233,2
DA:238,1
DA:239,1
DA:250,36
DA:251,2
DA:252,2
DA:253,2
DA:255,1
DA:260,1
DA:261,1
DA:272,36
DA:273,3
DA:274,3
DA:283,3
DA:284,15
DA:287,3
DA:290,2
DA:291,2
DA:293,2
DA:300,1
DA:301,1
DA:312,36
DA:313,3
DA:314,3
DA:316,3
DA:318,2
DA:324,1
DA:325,1
DA:332,36
DA:348,2
DA:350,2
DA:351,2
DA:352,2
DA:353,2
DA:354,2
DA:355,2
DA:356,2
DA:357,2
DA:358,2
DA:359,2
DA:360,2
LF:105
LH:105
BRDA:9,0,0,2
BRDA:27,1,0,1
BRDA:27,1,1,3
BRDA:28,2,0,1
BRDA:28,2,1,3
BRDA:34,3,0,38
BRDA:34,3,1,14
BRDA:34,4,0,52
BRDA:34,4,1,46
BRDA:40,5,0,4
BRDA:40,5,1,3
BRDA:41,6,0,4
BRDA:41,6,1,3
BRDA:42,7,0,4
BRDA:42,7,1,3
BRDA:43,8,0,4
BRDA:43,8,1,3
BRDA:68,9,0,4
BRDA:68,9,1,3
BRDA:71,10,0,1
BRDA:71,10,1,3
BRDA:71,11,0,4
BRDA:71,11,1,2
BRDA:100,12,0,3
BRDA:100,12,1,2
BRDA:123,13,0,3
BRDA:123,13,1,2
BRDA:146,14,0,1
BRDA:146,14,1,2
BRDA:150,15,0,1
BRDA:150,15,1,2
BRDA:154,16,0,3
BRDA:154,16,1,2
BRDA:178,17,0,3
BRDA:178,17,1,2
BRDA:201,18,0,3
BRDA:201,18,1,2
BRDA:223,19,0,1
BRDA:223,19,1,2
BRDA:227,20,0,1
BRDA:227,20,1,2
BRDA:275,21,0,1
BRDA:275,21,1,2
BRDA:276,22,0,1
BRDA:276,22,1,2
BRDA:284,23,0,9
BRDA:284,23,1,6
BRDA:314,24,0,3
BRDA:314,24,1,2
BRF:49
BRH:49
end_of_record
TN:
SF:src\controllers\AuthController.js
FN:21,(anonymous_0)
FN:28,(anonymous_1)
FN:66,(anonymous_2)
FN:110,(anonymous_3)
FN:146,(anonymous_4)
FN:164,(anonymous_5)
FN:191,(anonymous_6)
FN:211,(anonymous_7)
FN:238,(anonymous_8)
FN:271,(anonymous_9)
FN:297,(anonymous_10)
FN:313,(anonymous_11)
FN:328,(anonymous_12)
FN:367,(anonymous_13)
FN:392,(anonymous_14)
FNF:15
FNH:15
FNDA:52,(anonymous_0)
FNDA:6,(anonymous_1)
FNDA:4,(anonymous_2)
FNDA:6,(anonymous_3)
FNDA:3,(anonymous_4)
FNDA:3,(anonymous_5)
FNDA:2,(anonymous_6)
FNDA:3,(anonymous_7)
FNDA:5,(anonymous_8)
FNDA:4,(anonymous_9)
FNDA:4,(anonymous_10)
FNDA:3,(anonymous_11)
FNDA:6,(anonymous_12)
FNDA:2,(anonymous_13)
FNDA:2,(anonymous_14)
DA:21,2
DA:22,52
DA:23,52
DA:24,52
DA:25,52
DA:28,52
DA:29,6
DA:30,6
DA:32,3
DA:33,3
DA:40,3
DA:46,3
DA:48,3
DA:49,3
DA:50,2
DA:58,3
DA:66,52
DA:67,4
DA:68,4
DA:69,4
DA:71,2
DA:72,2
DA:74,2
DA:80,2
DA:81,2
DA:83,2
DA:89,2
DA:91,2
DA:92,2
DA:94,2
DA:100,2
DA:102,2
DA:110,52
DA:111,6
DA:112,6
DA:114,6
DA:115,3
DA:121,3
DA:123,2
DA:125,2
DA:126,1
DA:129,2
DA:134,1
DA:136,1
DA:138,1
DA:146,52
DA:147,3
DA:148,3
DA:150,1
DA:155,2
DA:156,2
DA:164,52
DA:165,3
DA:166,3
DA:167,3
DA:169,2
DA:170,2
DA:177,2
DA:182,1
DA:183,1
DA:191,52
DA:192,2
DA:193,2
DA:194,2
DA:196,1
DA:201,1
DA:202,1
DA:211,52
DA:212,3
DA:213,3
DA:214,3
DA:216,2
DA:217,2
DA:224,2
DA:229,1
DA:230,1
DA:238,52
DA:239,5
DA:240,5
DA:241,5
DA:247,1
DA:253,4
DA:255,4
DA:263,4
DA:271,52
DA:272,4
DA:273,4
DA:274,4
DA:276,1
DA:281,3
DA:283,3
DA:289,3
DA:297,52
DA:298,4
DA:299,4
DA:304,1
DA:310,3
DA:312,3
DA:313,3
DA:314,2
DA:320,1
DA:328,52
DA:329,6
DA:331,6
DA:333,6
DA:334,4
DA:337,5
DA:338,5
DA:339,3
DA:347,5
DA:349,5
DA:354,1
DA:357,1
DA:359,1
DA:367,52
DA:368,2
DA:369,2
DA:372,1
DA:374,1
DA:379,1
DA:382,1
DA:384,1
DA:392,52
DA:393,2
DA:394,2
DA:395,2
DA:398,1
DA:400,1
DA:402,1
DA:404,1
DA:405,1
DA:406,1
DA:410,52
DA:428,2
DA:430,2
DA:431,2
DA:432,2
DA:433,2
DA:434,2
DA:435,2
DA:436,2
DA:437,2
DA:438,2
DA:439,2
DA:440,2
DA:441,2
DA:442,2
LF:147
LH:147
BRDA:21,0,0,2
BRDA:22,1,0,52
BRDA:22,1,1,2
BRDA:23,2,0,52
BRDA:23,2,1,2
BRDA:24,3,0,52
BRDA:24,3,1,2
BRDA:25,4,0,52
BRDA:25,4,1,2
BRDA:32,5,0,3
BRDA:32,5,1,1
BRDA:36,6,0,3
BRDA:36,6,1,2
BRDA:37,7,0,3
BRDA:37,7,1,2
BRDA:48,8,0,3
BRDA:48,8,1,0
BRDA:49,9,0,2
BRDA:49,9,1,1
BRDA:52,10,0,2
BRDA:52,10,1,1
BRDA:53,11,0,2
BRDA:53,11,1,1
BRDA:58,12,0,2
BRDA:58,12,1,1
BRDA:71,13,0,2
BRDA:71,13,1,0
BRDA:72,14,0,2
BRDA:72,14,1,1
BRDA:78,15,0,2
BRDA:78,15,1,1
BRDA:91,16,0,2
BRDA:91,16,1,0
BRDA:92,17,0,2
BRDA:92,17,1,1
BRDA:97,18,0,2
BRDA:97,18,1,1
BRDA:114,19,0,3
BRDA:114,19,1,3
BRDA:125,20,0,1
BRDA:125,20,1,1
BRDA:156,21,0,1
BRDA:156,21,1,1
BRDA:169,22,0,2
BRDA:169,22,1,0
BRDA:172,23,0,2
BRDA:172,23,1,1
BRDA:173,24,0,2
BRDA:173,24,1,1
BRDA:216,25,0,2
BRDA:216,25,1,0
BRDA:220,26,0,2
BRDA:220,26,1,1
BRDA:221,27,0,2
BRDA:221,27,1,1
BRDA:255,28,0,1
BRDA:255,28,1,3
BRDA:257,29,0,1
BRDA:257,29,1,2
BRDA:259,30,0,1
BRDA:259,30,1,1
BRDA:283,31,0,1
BRDA:283,31,1,2
BRDA:285,32,0,1
BRDA:285,32,1,1
BRDA:312,33,0,2
BRDA:312,33,1,1
BRDA:333,34,0,4
BRDA:333,34,1,2
BRDA:337,35,0,5
BRDA:337,35,1,0
BRDA:338,36,0,3
BRDA:338,36,1,2
BRDA:341,37,0,3
BRDA:341,37,1,1
BRDA:342,38,0,3
BRDA:342,38,1,1
BRDA:400,39,0,1
BRDA:400,39,1,0
BRDA:405,40,0,1
BRDA:405,40,1,0
BRF:81
BRH:73
end_of_record
TN:
SF:src\controllers\CompanyController.js
FN:9,(anonymous_0)
FN:11,(anonymous_1)
FN:47,(anonymous_2)
FN:69,(anonymous_3)
FN:97,(anonymous_4)
FN:139,(anonymous_5)
FNF:6
FNH:6
FNDA:27,(anonymous_0)
FNDA:8,(anonymous_1)
FNDA:3,(anonymous_2)
FNDA:5,(anonymous_3)
FNDA:5,(anonymous_4)
FNDA:4,(anonymous_5)
DA:9,2
DA:11,27
DA:12,8
DA:13,8
DA:15,8
DA:16,3
DA:22,5
DA:24,1
DA:30,4
DA:32,4
DA:33,1
DA:39,3
DA:47,27
DA:48,3
DA:49,3
DA:50,3
DA:52,1
DA:57,2
DA:59,2
DA:61,2
DA:69,27
DA:70,5
DA:71,5
DA:73,5
DA:74,3
DA:80,2
DA:82,1
DA:87,1
DA:89,1
DA:97,27
DA:98,5
DA:99,5
DA:100,5
DA:101,5
DA:103,5
DA:110,1
DA:116,4
DA:118,4
DA:119,1
DA:125,3
DA:131,3
DA:139,27
DA:140,4
DA:141,4
DA:142,4
DA:143,4
DA:145,4
DA:147,1
DA:152,3
DA:154,3
DA:160,3
DA:167,27
DA:171,2
DA:174,2
LF:54
LH:54
BRDA:9,0,0,2
BRDA:15,1,0,3
BRDA:15,1,1,5
BRDA:32,2,0,1
BRDA:32,2,1,3
BRDA:41,3,0,3
BRDA:41,3,1,2
BRDA:59,4,0,1
BRDA:59,4,1,1
BRDA:73,5,0,3
BRDA:73,5,1,2
BRDA:118,6,0,1
BRDA:118,6,1,3
BRDA:125,7,0,1
BRDA:125,7,1,2
BRDA:127,8,0,1
BRDA:127,8,1,1
BRDA:154,9,0,1
BRDA:154,9,1,2
BRDA:156,10,0,1
BRDA:156,10,1,1
BRF:21
BRH:21
end_of_record
TN:
SF:src\controllers\InvitationController.js
FN:9,(anonymous_0)
FN:13,(anonymous_1)
FN:45,(anonymous_2)
FN:70,(anonymous_3)
FN:98,(anonymous_4)
FN:118,(anonymous_5)
FN:145,(anonymous_6)
FNF:7
FNH:7
FNDA:29,(anonymous_0)
FNDA:5,(anonymous_1)
FNDA:5,(anonymous_2)
FNDA:6,(anonymous_3)
FNDA:3,(anonymous_4)
FNDA:5,(anonymous_5)
FNDA:3,(anonymous_6)
DA:9,2
DA:13,29
DA:14,5
DA:15,5
DA:16,5
DA:18,5
DA:25,1
DA:27,4
DA:29,4
DA:35,4
DA:45,29
DA:46,5
DA:47,5
DA:49,5
DA:51,1
DA:53,4
DA:55,4
DA:60,4
DA:70,29
DA:71,6
DA:72,6
DA:73,6
DA:75,6
DA:77,1
DA:79,5
DA:81,5
DA:88,5
DA:98,29
DA:99,3
DA:100,3
DA:101,3
DA:103,3
DA:105,1
DA:107,2
DA:108,2
DA:118,29
DA:119,5
DA:120,5
DA:122,5
DA:128,1
DA:130,4
DA:132,4
DA:138,4
DA:145,29
DA:146,3
DA:147,3
DA:149,3
DA:151,1
DA:156,2
DA:157,2
DA:164,29
DA:175,2
DA:185,2
LF:53
LH:53
BRDA:9,0,0,2
BRDA:29,1,0,1
BRDA:29,1,1,3
BRDA:31,2,0,1
BRDA:31,2,1,2
BRDA:37,3,0,4
BRDA:37,3,1,1
BRDA:55,4,0,2
BRDA:55,4,1,2
BRDA:55,5,0,4
BRDA:55,5,1,3
BRDA:62,6,0,4
BRDA:62,6,1,1
BRDA:81,7,0,2
BRDA:81,7,1,3
BRDA:81,8,0,5
BRDA:81,8,1,4
BRDA:84,9,0,1
BRDA:84,9,1,2
BRDA:90,10,0,5
BRDA:90,10,1,1
BRDA:110,11,0,2
BRDA:110,11,1,1
BRDA:132,12,0,1
BRDA:132,12,1,3
BRDA:134,13,0,1
BRDA:134,13,1,2
BRDA:140,14,0,4
BRDA:140,14,1,1
BRDA:159,15,0,2
BRDA:159,15,1,1
BRF:31
BRH:31
end_of_record
TN:
SF:src\controllers\MemberController.js
FN:9,(anonymous_0)
FN:13,(anonymous_1)
FN:46,(anonymous_2)
FN:85,(anonymous_3)
FN:123,(anonymous_4)
FN:158,(anonymous_5)
FNF:6
FNH:6
FNDA:29,(anonymous_0)
FNDA:6,(anonymous_1)
FNDA:6,(anonymous_2)
FNDA:5,(anonymous_3)
FNDA:5,(anonymous_4)
FNDA:5,(anonymous_5)
DA:9,2
DA:13,29
DA:14,6
DA:15,6
DA:17,6
DA:18,2
DA:24,4
DA:25,4
DA:27,2
DA:32,2
DA:34,2
DA:36,2
DA:46,29
DA:47,6
DA:48,6
DA:49,6
DA:51,6
DA:59,2
DA:65,4
DA:67,4
DA:75,4
DA:85,29
DA:86,5
DA:87,5
DA:88,5
DA:89,5
DA:91,5
DA:99,2
DA:105,3
DA:107,3
DA:113,3
DA:123,29
DA:124,5
DA:125,5
DA:126,5
DA:128,5
DA:135,2
DA:140,3
DA:142,3
DA:148,3
DA:158,29
DA:159,5
DA:160,5
DA:161,5
DA:163,5
DA:170,2
DA:175,3
DA:177,3
DA:182,3
DA:189,29
DA:199,2
DA:201,2
LF:52
LH:52
BRDA:9,0,0,2
BRDA:15,1,0,6
BRDA:15,1,1,3
BRDA:17,2,0,2
BRDA:17,2,1,4
BRDA:34,3,0,1
BRDA:34,3,1,1
BRDA:48,4,0,6
BRDA:48,4,1,1
BRDA:67,5,0,1
BRDA:67,5,1,3
BRDA:69,6,0,1
BRDA:69,6,1,2
BRDA:71,7,0,1
BRDA:71,7,1,1
BRDA:87,8,0,5
BRDA:87,8,1,1
BRDA:107,9,0,1
BRDA:107,9,1,2
BRDA:109,10,0,1
BRDA:109,10,1,1
BRDA:125,11,0,5
BRDA:125,11,1,1
BRDA:142,12,0,1
BRDA:142,12,1,2
BRDA:144,13,0,1
BRDA:144,13,1,1
BRDA:160,14,0,5
BRDA:160,14,1,1
BRDA:177,15,0,2
BRDA:177,15,1,1
BRDA:177,16,0,3
BRDA:177,16,1,2
BRF:33
BRH:33
end_of_record
TN:
SF:src\controllers\TokenController.js
FN:11,(anonymous_0)
FN:15,(anonymous_1)
FNF:2
FNH:2
FNDA:6,(anonymous_0)
FNDA:5,(anonymous_1)
DA:11,1
DA:12,6
DA:13,6
DA:15,6
DA:16,5
DA:17,5
DA:19,5
DA:21,4
DA:22,2
DA:28,2
DA:30,1
DA:35,2
DA:36,2
DA:43,6
DA:49,1
DA:51,1
LF:16
LH:16
BRDA:11,0,0,1
BRDA:12,1,0,6
BRDA:12,1,1,1
BRDA:13,2,0,6
BRDA:13,2,1,1
BRDA:21,3,0,2
BRDA:21,3,1,2
BRF:7
BRH:7
end_of_record
TN:
SF:src\middleware\auditLogMiddleware.js
FN:6,inferTargetTable
FN:17,determineSeverity
FN:24,determineCategory
FN:36,(anonymous_3)
FN:42,(anonymous_4)
FN:49,(anonymous_5)
FN:55,(anonymous_6)
FN:66,(anonymous_7)
FN:67,(anonymous_8)
FN:74,(anonymous_9)
FN:117,(anonymous_10)
FN:134,(anonymous_11)
FN:135,(anonymous_12)
FN:148,(anonymous_13)
FN:152,(anonymous_14)
FNF:15
FNH:13
FNDA:7,inferTargetTable
FNDA:9,determineSeverity
FNDA:9,determineCategory
FNDA:16,(anonymous_3)
FNDA:2,(anonymous_4)
FNDA:0,(anonymous_5)
FNDA:0,(anonymous_6)
FNDA:44,(anonymous_7)
FNDA:4,(anonymous_8)
FNDA:4,(anonymous_9)
FNDA:4,(anonymous_10)
FNDA:8,(anonymous_11)
FNDA:1,(anonymous_12)
FNDA:1,(anonymous_13)
FNDA:1,(anonymous_14)
DA:7,7
DA:14,7
DA:18,9
DA:19,7
DA:20,6
DA:21,4
DA:25,9
DA:26,8
DA:27,7
DA:28,6
DA:29,5
DA:36,6
DA:38,16
DA:39,16
DA:42,16
DA:43,2
DA:44,2
DA:45,2
DA:49,16
DA:50,0
DA:51,0
DA:55,16
DA:56,0
DA:62,0
DA:66,16
DA:67,44
DA:68,4
DA:69,4
DA:70,4
DA:72,4
DA:74,4
DA:75,4
DA:76,4
DA:78,4
DA:83,4
DA:84,4
DA:85,4
DA:86,4
DA:89,4
DA:90,4
DA:92,4
DA:117,4
DA:118,4
DA:119,4
DA:121,1
DA:126,4
DA:129,4
DA:134,16
DA:135,8
DA:136,1
DA:137,1
DA:139,1
DA:140,1
DA:141,1
DA:142,1
DA:143,0
DA:146,1
DA:148,1
DA:149,1
DA:151,1
DA:152,1
DA:153,1
DA:154,1
DA:155,1
DA:157,1
DA:158,1
DA:160,1
DA:167,0
DA:170,1
DA:172,1
DA:174,0
DA:175,0
DA:180,16
DA:184,6
DA:185,6
DA:186,6
DA:187,6
DA:188,6
DA:189,6
LF:79
LH:71
BRDA:14,0,0,7
BRDA:14,0,1,4
BRDA:18,1,0,2
BRDA:18,1,1,7
BRDA:19,2,0,1
BRDA:19,2,1,6
BRDA:20,3,0,2
BRDA:20,3,1,4
BRDA:20,4,0,6
BRDA:20,4,1,6
BRDA:20,4,2,5
BRDA:25,5,0,1
BRDA:25,5,1,8
BRDA:26,6,0,1
BRDA:26,6,1,7
BRDA:26,7,0,8
BRDA:26,7,1,7
BRDA:26,7,2,7
BRDA:27,8,0,1
BRDA:27,8,1,6
BRDA:27,9,0,7
BRDA:27,9,1,6
BRDA:28,10,0,1
BRDA:28,10,1,5
BRDA:28,11,0,6
BRDA:28,11,1,5
BRDA:36,12,0,6
BRDA:38,13,0,16
BRDA:38,13,1,6
BRDA:39,14,0,16
BRDA:39,14,1,6
BRDA:43,15,0,2
BRDA:43,15,1,1
BRDA:50,16,0,0
BRDA:50,16,1,0
BRDA:50,16,2,0
BRDA:50,16,3,0
BRDA:57,17,0,0
BRDA:57,17,1,0
BRDA:57,17,2,0
BRDA:57,17,3,0
BRDA:58,18,0,0
BRDA:58,18,1,0
BRDA:59,19,0,0
BRDA:59,19,1,0
BRDA:60,20,0,0
BRDA:60,20,1,0
BRDA:66,21,0,2
BRDA:66,22,0,6
BRDA:69,23,0,4
BRDA:69,23,1,4
BRDA:78,24,0,4
BRDA:78,24,1,3
BRDA:78,24,2,0
BRDA:78,24,3,0
BRDA:83,25,0,4
BRDA:83,25,1,0
BRDA:86,26,0,4
BRDA:86,26,1,0
BRDA:89,27,0,4
BRDA:89,27,1,4
BRDA:89,27,2,4
BRDA:89,27,3,4
BRDA:89,27,4,3
BRDA:89,27,5,3
BRDA:90,28,0,4
BRDA:90,28,1,4
BRDA:93,29,0,4
BRDA:93,29,1,0
BRDA:93,29,2,0
BRDA:94,30,0,4
BRDA:94,30,1,0
BRDA:99,31,0,4
BRDA:99,31,1,4
BRDA:100,32,0,4
BRDA:100,32,1,4
BRDA:101,33,0,4
BRDA:101,33,1,0
BRDA:104,34,0,3
BRDA:104,34,1,1
BRDA:105,35,0,1
BRDA:105,35,1,3
BRDA:105,36,0,4
BRDA:105,36,1,1
BRDA:109,37,0,4
BRDA:109,37,1,4
BRDA:112,38,0,4
BRDA:112,38,1,4
BRDA:113,39,0,4
BRDA:113,39,1,4
BRDA:134,40,0,8
BRDA:137,41,0,1
BRDA:137,41,1,0
BRDA:137,41,2,0
BRDA:139,42,0,1
BRDA:139,42,1,0
BRDA:139,43,0,1
BRDA:139,43,1,1
BRDA:139,43,2,1
BRDA:142,44,0,1
BRDA:142,44,1,0
BRDA:142,45,0,0
BRDA:142,45,1,1
BRDA:151,46,0,1
BRDA:151,46,1,0
BRDA:151,47,0,1
BRDA:151,47,1,1
BRDA:155,48,0,1
BRDA:155,48,1,0
BRDA:157,49,0,1
BRDA:157,49,1,0
BRDA:157,49,2,0
BRDA:158,50,0,1
BRDA:158,50,1,1
BRDA:158,51,0,0
BRDA:158,51,1,1
BRDA:158,52,0,0
BRDA:158,52,1,1
BRDA:162,53,0,1
BRDA:162,53,1,1
BRDA:163,54,0,1
BRDA:163,54,1,0
BRF:122
BRH:88
end_of_record
TN:
SF:src\middleware\authMiddleware.js
FN:10,(anonymous_0)
FN:20,(anonymous_1)
FN:83,(anonymous_2)
FN:84,(anonymous_3)
FN:126,(anonymous_4)
FN:129,(anonymous_5)
FNF:6
FNH:6
FNDA:22,(anonymous_0)
FNDA:6,(anonymous_1)
FNDA:6,(anonymous_2)
FNDA:6,(anonymous_3)
FNDA:13,(anonymous_4)
FNDA:4,(anonymous_5)
DA:10,6
DA:12,22
DA:13,22
DA:14,22
DA:15,22
DA:20,22
DA:21,6
DA:23,6
DA:24,1
DA:25,1
DA:31,5
DA:32,5
DA:34,4
DA:35,1
DA:36,1
DA:42,3
DA:51,3
DA:52,1
DA:53,1
DA:59,2
DA:60,1
DA:61,1
DA:67,1
DA:68,1
DA:70,1
DA:71,1
DA:83,22
DA:84,6
DA:85,6
DA:86,6
DA:87,6
DA:88,1
DA:91,5
DA:98,4
DA:99,1
DA:100,1
DA:103,3
DA:105,3
DA:106,1
DA:110,1
DA:113,2
DA:114,2
DA:116,1
DA:117,1
DA:126,22
DA:127,13
DA:129,13
DA:130,4
DA:131,1
DA:134,3
DA:135,1
DA:139,1
DA:142,2
DA:143,2
DA:147,22
DA:151,6
DA:152,6
DA:153,6
DA:154,6
LF:59
LH:59
BRDA:10,0,0,6
BRDA:12,1,0,22
BRDA:12,1,1,6
BRDA:13,2,0,22
BRDA:13,2,1,6
BRDA:14,3,0,22
BRDA:14,3,1,6
BRDA:15,4,0,22
BRDA:15,4,1,6
BRDA:23,5,0,1
BRDA:23,5,1,5
BRDA:34,6,0,1
BRDA:34,6,1,3
BRDA:51,7,0,1
BRDA:51,7,1,2
BRDA:59,8,0,1
BRDA:59,8,1,1
BRDA:74,9,0,0
BRDA:74,9,1,1
BRDA:83,10,0,0
BRDA:86,11,0,6
BRDA:86,11,1,5
BRDA:87,12,0,1
BRDA:87,12,1,5
BRDA:98,13,0,1
BRDA:98,13,1,3
BRDA:105,14,0,1
BRDA:105,14,1,2
BRDA:126,15,0,0
BRDA:127,16,0,1
BRDA:127,16,1,12
BRDA:130,17,0,1
BRDA:130,17,1,3
BRDA:134,18,0,1
BRDA:134,18,1,2
BRF:35
BRH:32
end_of_record
TN:
SF:src\middleware\companyMiddleware.js
FN:8,(anonymous_0)
FN:18,(anonymous_1)
FN:27,(anonymous_2)
FN:128,(anonymous_3)
FN:169,(anonymous_4)
FN:170,(anonymous_5)
FN:203,(anonymous_6)
FNF:7
FNH:7
FNDA:10,(anonymous_0)
FNDA:22,(anonymous_1)
FNDA:7,(anonymous_2)
FNDA:4,(anonymous_3)
FNDA:5,(anonymous_4)
FNDA:3,(anonymous_5)
FNDA:4,(anonymous_6)
DA:8,3
DA:9,10
DA:10,8
DA:18,3
DA:20,22
DA:21,22
DA:22,22
DA:27,22
DA:28,7
DA:30,7
DA:35,7
DA:36,1
DA:42,1
DA:48,6
DA:49,1
DA:55,1
DA:61,5
DA:62,5
DA:63,1
DA:70,4
DA:72,3
DA:73,1
DA:78,1
DA:85,2
DA:92,2
DA:93,1
DA:98,1
DA:104,1
DA:105,1
DA:106,1
DA:108,1
DA:110,1
DA:112,1
DA:118,1
DA:128,22
DA:129,4
DA:130,4
DA:131,4
DA:133,4
DA:134,1
DA:140,3
DA:142,2
DA:143,1
DA:149,1
DA:155,1
DA:157,1
DA:159,1
DA:169,22
DA:170,5
DA:171,3
DA:172,3
DA:173,3
DA:175,3
DA:176,1
DA:182,2
DA:183,1
DA:190,1
DA:196,1
DA:203,22
DA:204,4
DA:205,4
DA:206,4
DA:208,4
DA:210,3
DA:212,2
DA:213,1
DA:219,1
DA:221,1
DA:223,1
DA:230,22
DA:239,3
DA:240,3
DA:241,3
DA:242,3
DA:243,3
LF:75
LH:75
BRDA:9,0,0,2
BRDA:9,0,1,8
BRDA:9,1,0,10
BRDA:9,1,1,9
BRDA:18,2,0,3
BRDA:20,3,0,22
BRDA:20,3,1,3
BRDA:21,4,0,22
BRDA:21,4,1,3
BRDA:22,5,0,22
BRDA:22,5,1,3
BRDA:30,6,0,7
BRDA:30,6,1,7
BRDA:30,6,2,1
BRDA:30,6,3,1
BRDA:35,7,0,1
BRDA:35,7,1,6
BRDA:48,8,0,1
BRDA:48,8,1,5
BRDA:62,9,0,1
BRDA:62,9,1,4
BRDA:72,10,0,1
BRDA:72,10,1,2
BRDA:92,11,0,1
BRDA:92,11,1,1
BRDA:133,12,0,1
BRDA:133,12,1,3
BRDA:142,13,0,1
BRDA:142,13,1,1
BRDA:142,14,0,2
BRDA:142,14,1,2
BRDA:169,15,0,0
BRDA:175,16,0,1
BRDA:175,16,1,2
BRDA:182,17,0,1
BRDA:182,17,1,1
BRDA:205,18,0,4
BRDA:205,18,1,1
BRDA:208,19,0,1
BRDA:208,19,1,3
BRDA:208,20,0,4
BRDA:208,20,1,3
BRDA:212,21,0,1
BRDA:212,21,1,1
BRDA:212,22,0,2
BRDA:212,22,1,2
BRF:46
BRH:45
end_of_record
TN:
SF:src\middleware\errorHandler.js
FN:15,(anonymous_0)
FN:16,(anonymous_1)
FN:25,(anonymous_2)
FN:39,(anonymous_3)
FN:40,(anonymous_4)
FN:41,(anonymous_5)
FN:42,(anonymous_6)
FN:43,(anonymous_7)
FN:44,(anonymous_8)
FN:45,(anonymous_9)
FN:54,(anonymous_10)
FN:67,(anonymous_11)
FN:87,(anonymous_12)
FN:106,(anonymous_13)
FNF:14
FNH:14
FNDA:1,(anonymous_0)
FNDA:1,(anonymous_1)
FNDA:8,(anonymous_2)
FNDA:1,(anonymous_3)
FNDA:1,(anonymous_4)
FNDA:1,(anonymous_5)
FNDA:1,(anonymous_6)
FNDA:1,(anonymous_7)
FNDA:1,(anonymous_8)
FNDA:1,(anonymous_9)
FNDA:26,(anonymous_10)
FNDA:2,(anonymous_11)
FNDA:20,(anonymous_12)
FNDA:1,(anonymous_13)
DA:15,1
DA:16,1
DA:17,1
DA:26,8
DA:27,8
DA:28,8
DA:29,8
DA:30,8
DA:31,8
DA:38,1
DA:39,1
DA:40,1
DA:41,1
DA:42,1
DA:43,1
DA:44,1
DA:46,1
DA:47,1
DA:48,1
DA:54,1
DA:56,26
DA:57,26
DA:67,26
DA:68,2
DA:69,2
DA:72,2
DA:73,1
DA:81,2
DA:87,26
DA:88,20
DA:89,20
DA:90,20
DA:92,20
DA:103,20
DA:104,1
DA:105,1
DA:106,1
DA:113,1
DA:120,19
DA:121,1
DA:122,1
DA:123,1
DA:124,1
DA:126,1
DA:132,18
DA:133,1
DA:134,1
DA:135,1
DA:140,1
DA:145,17
DA:146,2
DA:147,2
DA:149,2
DA:150,2
DA:159,15
DA:160,1
DA:161,1
DA:162,1
DA:169,14
DA:170,1
DA:171,1
DA:175,13
DA:176,4
DA:177,4
DA:178,1
DA:179,1
DA:180,3
DA:181,1
DA:182,2
DA:183,1
DA:185,1
DA:190,9
DA:191,1
DA:192,1
DA:194,8
DA:195,1
DA:196,1
DA:198,7
DA:199,1
DA:200,1
DA:202,6
DA:203,1
DA:204,1
DA:205,1
DA:214,5
DA:215,2
DA:216,2
DA:217,2
DA:224,3
DA:226,3
DA:233,3
DA:242,20
DA:247,20
DA:248,20
DA:249,20
DA:251,20
DA:254,26
DA:258,1
DA:259,1
DA:260,1
LF:100
LH:100
BRDA:25,0,0,0
BRDA:39,1,0,1
BRDA:40,2,0,1
BRDA:41,3,0,1
BRDA:42,4,0,1
BRDA:43,5,0,1
BRDA:44,6,0,1
BRDA:45,7,0,0
BRDA:45,8,0,0
BRDA:54,9,0,1
BRDA:56,10,0,26
BRDA:56,10,1,1
BRDA:57,11,0,26
BRDA:57,11,1,1
BRDA:72,12,0,1
BRDA:72,12,1,1
BRDA:72,13,0,2
BRDA:72,13,1,2
BRDA:72,13,2,1
BRDA:75,14,0,1
BRDA:75,14,1,0
BRDA:76,15,0,1
BRDA:76,15,1,0
BRDA:88,16,0,20
BRDA:88,16,1,20
BRDA:88,16,2,19
BRDA:89,17,0,20
BRDA:89,17,1,0
BRDA:90,18,0,20
BRDA:90,18,1,20
BRDA:99,19,0,2
BRDA:99,19,1,18
BRDA:103,20,0,1
BRDA:103,20,1,19
BRDA:115,21,0,1
BRDA:115,21,1,0
BRDA:116,22,0,1
BRDA:116,22,1,0
BRDA:120,23,0,1
BRDA:120,23,1,18
BRDA:123,24,0,1
BRDA:123,24,1,0
BRDA:132,25,0,1
BRDA:132,25,1,17
BRDA:136,26,0,1
BRDA:136,26,1,0
BRDA:145,27,0,2
BRDA:145,27,1,15
BRDA:147,28,0,1
BRDA:147,28,1,1
BRDA:152,29,0,2
BRDA:152,29,1,0
BRDA:153,30,0,2
BRDA:153,30,1,0
BRDA:159,31,0,1
BRDA:159,31,1,14
BRDA:164,32,0,1
BRDA:164,32,1,0
BRDA:165,33,0,1
BRDA:165,33,1,0
BRDA:169,34,0,1
BRDA:169,34,1,13
BRDA:175,35,0,4
BRDA:175,35,1,9
BRDA:177,36,0,1
BRDA:177,36,1,3
BRDA:180,37,0,1
BRDA:180,37,1,2
BRDA:182,38,0,1
BRDA:182,38,1,1
BRDA:190,39,0,1
BRDA:190,39,1,8
BRDA:194,40,0,1
BRDA:194,40,1,7
BRDA:198,41,0,1
BRDA:198,41,1,6
BRDA:200,42,0,1
BRDA:200,42,1,0
BRDA:202,43,0,1
BRDA:202,43,1,5
BRDA:207,44,0,1
BRDA:207,44,1,0
BRDA:208,45,0,1
BRDA:208,45,1,0
BRDA:214,46,0,2
BRDA:214,46,1,3
BRDA:214,47,0,5
BRDA:214,47,1,4
BRDA:219,48,0,2
BRDA:219,48,1,0
BRDA:220,49,0,2
BRDA:220,49,1,0
BRDA:224,50,0,3
BRDA:224,50,1,0
BRDA:224,51,0,3
BRDA:224,51,1,3
BRDA:235,52,0,3
BRDA:235,52,1,0
BRDA:236,53,0,3
BRDA:236,53,1,0
BRDA:247,54,0,4
BRDA:247,54,1,16
BRDA:248,55,0,2
BRDA:248,55,1,18
BRDA:248,56,0,20
BRDA:248,56,1,2
BRDA:249,57,0,1
BRDA:249,57,1,19
BRF:108
BRH:86
end_of_record
TN:
SF:src\middleware\refreshTokenMiddleware.js
FN:16,(anonymous_0)
FN:33,(anonymous_1)
FN:155,(anonymous_2)
FNF:3
FNH:3
FNDA:19,(anonymous_0)
FNDA:10,(anonymous_1)
FNDA:6,(anonymous_2)
DA:16,2
DA:18,19
DA:19,19
DA:20,19
DA:21,19
DA:22,19
DA:23,19
DA:24,19
DA:25,19
DA:28,19
DA:33,19
DA:34,10
DA:35,10
DA:37,9
DA:38,1
DA:45,8
DA:46,6
DA:47,1
DA:54,1
DA:61,5
DA:62,5
DA:63,1
DA:70,1
DA:73,4
DA:74,1
DA:81,1
DA:85,3
DA:86,3
DA:87,1
DA:94,1
DA:98,2
DA:104,2
DA:105,2
DA:107,2
DA:108,1
DA:113,1
DA:117,2
DA:118,1
DA:120,1
DA:123,2
DA:124,2
DA:125,1
DA:128,2
DA:131,3
DA:132,3
DA:134,3
DA:141,3
DA:142,1
DA:144,2
DA:145,1
DA:148,1
DA:155,19
DA:156,6
DA:157,6
DA:159,5
DA:160,1
DA:163,4
DA:164,4
DA:165,1
DA:168,3
DA:169,3
DA:170,1
DA:173,2
DA:174,2
DA:175,1
DA:178,1
DA:179,1
DA:181,1
DA:182,1
DA:186,19
DA:190,2
DA:191,2
DA:192,2
LF:73
LH:73
BRDA:16,0,0,2
BRDA:18,1,0,19
BRDA:18,1,1,2
BRDA:19,2,0,19
BRDA:19,2,1,2
BRDA:20,3,0,19
BRDA:20,3,1,2
BRDA:21,4,0,19
BRDA:21,4,1,2
BRDA:22,5,0,19
BRDA:22,5,1,2
BRDA:23,6,0,19
BRDA:23,6,1,2
BRDA:24,7,0,19
BRDA:24,7,1,2
BRDA:25,8,0,19
BRDA:25,8,1,2
BRDA:28,9,0,19
BRDA:28,9,1,2
BRDA:37,10,0,1
BRDA:37,10,1,8
BRDA:46,11,0,1
BRDA:46,11,1,5
BRDA:46,12,0,6
BRDA:46,12,1,5
BRDA:49,13,0,1
BRDA:49,13,1,0
BRDA:50,14,0,1
BRDA:50,14,1,0
BRDA:62,15,0,1
BRDA:62,15,1,4
BRDA:65,16,0,1
BRDA:65,16,1,0
BRDA:66,17,0,1
BRDA:66,17,1,0
BRDA:73,18,0,1
BRDA:73,18,1,3
BRDA:76,19,0,1
BRDA:76,19,1,0
BRDA:77,20,0,1
BRDA:77,20,1,0
BRDA:86,21,0,1
BRDA:86,21,1,2
BRDA:89,22,0,1
BRDA:89,22,1,0
BRDA:90,23,0,1
BRDA:90,23,1,0
BRDA:107,24,0,1
BRDA:107,24,1,1
BRDA:117,25,0,1
BRDA:117,25,1,1
BRDA:117,26,0,2
BRDA:117,26,1,1
BRDA:124,27,0,1
BRDA:124,27,1,1
BRDA:124,28,0,2
BRDA:124,28,1,1
BRDA:136,29,0,3
BRDA:136,29,1,0
BRDA:137,30,0,3
BRDA:137,30,1,0
BRDA:141,31,0,1
BRDA:141,31,1,2
BRDA:144,32,0,1
BRDA:144,32,1,1
BRDA:159,33,0,1
BRDA:159,33,1,4
BRDA:164,34,0,1
BRDA:164,34,1,3
BRDA:169,35,0,1
BRDA:169,35,1,2
BRDA:174,36,0,1
BRDA:174,36,1,1
BRDA:174,37,0,2
BRDA:174,37,1,2
BRF:75
BRH:65
end_of_record
TN:
SF:src\middleware\roleMiddleware.js
FN:8,(anonymous_0)
FN:15,(anonymous_1)
FN:16,(anonymous_2)
FNF:3
FNH:3
FNDA:10,(anonymous_0)
FNDA:9,(anonymous_1)
FNDA:9,(anonymous_2)
DA:8,1
DA:9,10
DA:15,10
DA:16,9
DA:17,9
DA:18,9
DA:20,9
DA:22,2
DA:28,7
DA:29,4
DA:42,4
DA:48,3
DA:52,10
DA:56,1
DA:57,1
LF:15
LH:15
BRDA:8,0,0,1
BRDA:9,1,0,10
BRDA:9,1,1,1
BRDA:15,2,0,0
BRDA:20,3,0,2
BRDA:20,3,1,7
BRDA:20,4,0,9
BRDA:20,4,1,4
BRDA:28,5,0,4
BRDA:28,5,1,3
BRDA:31,6,0,4
BRDA:31,6,1,1
BRDA:32,7,0,4
BRDA:32,7,1,1
BRF:14
BRH:13
end_of_record
TN:
SF:src\middleware\securityMonitoring.js
FN:9,(anonymous_0)
FN:26,(anonymous_1)
FN:35,(anonymous_2)
FN:46,(anonymous_3)
FN:62,(anonymous_4)
FN:64,(anonymous_5)
FN:80,(anonymous_6)
FN:86,(anonymous_7)
FN:97,(anonymous_8)
FN:100,(anonymous_9)
FN:119,(anonymous_10)
FN:150,(anonymous_11)
FN:164,(anonymous_12)
FN:169,(anonymous_13)
FNF:14
FNH:14
FNDA:22,(anonymous_0)
FNDA:7,(anonymous_1)
FNDA:7,(anonymous_2)
FNDA:21,(anonymous_3)
FNDA:4,(anonymous_4)
FNDA:1,(anonymous_5)
FNDA:18,(anonymous_6)
FNDA:2,(anonymous_7)
FNDA:3,(anonymous_8)
FNDA:2,(anonymous_9)
FNDA:3,(anonymous_10)
FNDA:8,(anonymous_11)
FNDA:1,(anonymous_12)
FNDA:4,(anonymous_13)
DA:9,3
DA:10,22
DA:11,20
DA:13,20
DA:14,2
DA:17,20
DA:18,1
DA:20,20
DA:26,3
DA:28,7
DA:29,7
DA:35,3
DA:36,7
DA:37,7
DA:46,3
DA:47,21
DA:48,21
DA:56,21
DA:57,21
DA:62,21
DA:63,4
DA:64,4
DA:65,1
DA:66,1
DA:67,1
DA:68,1
DA:75,21
DA:80,21
DA:81,18
DA:86,21
DA:87,2
DA:88,2
DA:90,2
DA:94,2
DA:97,21
DA:98,3
DA:100,3
DA:101,2
DA:102,2
DA:103,2
DA:106,2
DA:107,1
DA:116,3
DA:119,21
DA:120,3
DA:122,3
DA:123,2
DA:125,2
DA:126,2
DA:128,2
DA:129,1
DA:136,1
DA:142,1
DA:147,2
DA:150,21
DA:151,8
DA:152,8
DA:153,4
DA:154,4
DA:155,4
DA:157,4
DA:164,21
DA:165,1
DA:166,1
DA:169,21
DA:170,4
DA:171,4
DA:172,4
DA:174,4
DA:177,4
DA:178,1
DA:187,4
DA:188,1
DA:197,4
DA:198,1
DA:206,4
DA:210,21
DA:223,3
DA:224,3
DA:225,3
DA:226,3
DA:227,3
DA:228,3
DA:229,3
LF:84
LH:84
BRDA:10,0,0,2
BRDA:10,0,1,20
BRDA:13,1,0,2
BRDA:13,1,1,18
BRDA:13,2,0,20
BRDA:13,2,1,20
BRDA:17,3,0,1
BRDA:17,3,1,19
BRDA:46,4,0,3
BRDA:47,5,0,21
BRDA:47,5,1,3
BRDA:49,6,0,21
BRDA:49,6,1,4
BRDA:50,7,0,21
BRDA:50,7,1,3
BRDA:51,8,0,21
BRDA:51,8,1,20
BRDA:63,9,0,0
BRDA:63,9,1,4
BRDA:67,10,0,1
BRDA:67,10,1,0
BRDA:75,11,0,4
BRDA:75,11,1,17
BRDA:81,12,0,1
BRDA:81,12,1,17
BRDA:87,13,0,2
BRDA:87,13,1,1
BRDA:92,14,0,2
BRDA:92,14,1,1
BRDA:102,15,0,2
BRDA:102,15,1,2
BRDA:103,16,0,2
BRDA:103,16,1,2
BRDA:103,16,2,0
BRDA:106,17,0,1
BRDA:106,17,1,1
BRDA:120,18,0,3
BRDA:120,18,1,1
BRDA:122,19,0,2
BRDA:122,19,1,1
BRDA:125,20,0,2
BRDA:125,20,1,0
BRDA:128,21,0,1
BRDA:128,21,1,1
BRDA:132,22,0,1
BRDA:132,22,1,1
BRDA:152,23,0,4
BRDA:152,23,1,4
BRDA:171,24,0,4
BRDA:171,24,1,4
BRDA:172,25,0,4
BRDA:172,25,1,3
BRDA:174,26,0,4
BRDA:174,26,1,1
BRDA:177,27,0,1
BRDA:177,27,1,3
BRDA:187,28,0,1
BRDA:187,28,1,3
BRDA:197,29,0,1
BRDA:197,29,1,3
BRDA:197,30,0,4
BRDA:197,30,1,4
BRDA:201,31,0,1
BRDA:201,31,1,0
BRF:64
BRH:59
end_of_record
TN:
SF:src\middleware\sequelizeSecurity.js
FN:6,(anonymous_0)
FN:15,(anonymous_1)
FN:26,(anonymous_2)
FN:34,(anonymous_3)
FN:48,(anonymous_4)
FN:61,(anonymous_5)
FN:67,(anonymous_6)
FN:77,(anonymous_7)
FN:78,(anonymous_8)
FN:86,(anonymous_9)
FN:96,(anonymous_10)
FN:97,(anonymous_11)
FN:116,(anonymous_12)
FN:123,(anonymous_13)
FN:124,(anonymous_14)
FN:152,(anonymous_15)
FN:154,(anonymous_16)
FN:161,(anonymous_17)
FN:172,(anonymous_18)
FN:173,(anonymous_19)
FN:175,(anonymous_20)
FNF:21
FNH:21
FNDA:17,(anonymous_0)
FNDA:7,(anonymous_1)
FNDA:8,(anonymous_2)
FNDA:2,(anonymous_3)
FNDA:3,(anonymous_4)
FNDA:2,(anonymous_5)
FNDA:1,(anonymous_6)
FNDA:2,(anonymous_7)
FNDA:2,(anonymous_8)
FNDA:2,(anonymous_9)
FNDA:3,(anonymous_10)
FNDA:3,(anonymous_11)
FNDA:2,(anonymous_12)
FNDA:2,(anonymous_13)
FNDA:2,(anonymous_14)
FNDA:3,(anonymous_15)
FNDA:4,(anonymous_16)
FNDA:1,(anonymous_17)
FNDA:1,(anonymous_18)
FNDA:1,(anonymous_19)
FNDA:1,(anonymous_20)
DA:6,1
DA:7,17
DA:8,17
DA:9,17
DA:10,17
DA:12,17
DA:15,17
DA:16,7
DA:17,6
DA:22,1
DA:26,17
DA:27,8
DA:28,8
DA:29,7
DA:30,7
DA:32,7
DA:34,1
DA:35,2
DA:36,2
DA:38,6
DA:39,1
DA:41,5
DA:45,7
DA:48,17
DA:49,3
DA:50,3
DA:51,2
DA:52,2
DA:53,2
DA:55,1
DA:56,1
DA:61,17
DA:62,2
DA:63,2
DA:64,1
DA:67,1
DA:74,1
DA:77,17
DA:78,2
DA:79,2
DA:80,1
DA:81,1
DA:82,1
DA:83,1
DA:86,2
DA:87,1
DA:88,1
DA:90,1
DA:92,2
DA:96,17
DA:97,3
DA:98,3
DA:99,3
DA:100,3
DA:101,3
DA:102,1
DA:104,2
DA:105,2
DA:106,2
DA:107,1
DA:116,17
DA:117,2
DA:123,2
DA:124,2
DA:125,2
DA:126,2
DA:127,10
DA:128,1
DA:135,1
DA:139,1
DA:142,2
DA:143,2
DA:144,2
DA:145,1
DA:148,1
DA:152,17
DA:153,3
DA:154,3
DA:155,4
DA:156,3
DA:157,3
DA:159,3
DA:160,3
DA:161,3
DA:163,3
DA:164,1
DA:166,2
DA:167,2
DA:168,2
DA:172,17
DA:173,1
DA:174,1
DA:175,1
DA:176,1
DA:185,1
DA:186,1
DA:188,1
DA:190,1
DA:194,17
DA:206,1
DA:207,1
DA:208,1
DA:209,1
DA:210,1
DA:211,1
DA:212,1
DA:213,1
LF:107
LH:107
BRDA:6,0,0,1
BRDA:7,1,0,17
BRDA:7,1,1,1
BRDA:8,2,0,17
BRDA:8,2,1,1
BRDA:9,3,0,17
BRDA:9,3,1,1
BRDA:10,4,0,17
BRDA:10,4,1,1
BRDA:16,5,0,6
BRDA:16,5,1,1
BRDA:29,6,0,7
BRDA:29,6,1,0
BRDA:32,7,0,1
BRDA:32,7,1,6
BRDA:35,8,0,0
BRDA:35,8,1,2
BRDA:35,9,0,2
BRDA:35,9,1,0
BRDA:38,10,0,1
BRDA:38,10,1,5
BRDA:38,11,0,6
BRDA:38,11,1,1
BRDA:50,12,0,3
BRDA:50,12,1,0
BRDA:50,13,0,3
BRDA:50,13,1,3
BRDA:51,14,0,2
BRDA:51,14,1,0
BRDA:51,15,0,2
BRDA:51,15,1,2
BRDA:52,16,0,2
BRDA:52,16,1,0
BRDA:52,17,0,2
BRDA:52,17,1,2
BRDA:63,18,0,1
BRDA:63,18,1,1
BRDA:79,19,0,1
BRDA:79,19,1,1
BRDA:79,20,0,2
BRDA:79,20,1,1
BRDA:82,21,0,1
BRDA:82,21,1,0
BRDA:87,22,0,1
BRDA:87,22,1,0
BRDA:106,23,0,1
BRDA:106,23,1,1
BRDA:109,24,0,0
BRDA:109,24,1,1
BRDA:125,25,0,2
BRDA:125,25,1,0
BRDA:127,26,0,1
BRDA:127,26,1,9
BRDA:144,27,0,1
BRDA:144,27,1,1
BRDA:152,28,0,1
BRDA:153,29,0,3
BRDA:153,30,0,1
BRDA:155,31,0,1
BRDA:155,31,1,3
BRDA:155,32,0,4
BRDA:155,32,1,3
BRDA:159,33,0,2
BRDA:159,33,1,1
BRDA:163,34,0,1
BRDA:163,34,1,2
BRDA:185,35,0,1
BRDA:185,35,1,0
BRF:68
BRH:57
end_of_record
TN:
SF:src\middleware\validation.js
FN:7,(anonymous_0)
FN:12,(anonymous_1)
FNF:2
FNH:1
FNDA:1,(anonymous_0)
FNDA:0,(anonymous_1)
DA:7,3
DA:8,1
DA:9,1
DA:10,0
DA:12,0
DA:18,1
DA:24,3
DA:53,3
DA:67,3
DA:78,3
DA:91,3
DA:105,3
DA:118,3
DA:143,3
DA:154,3
DA:183,3
LF:16
LH:14
BRDA:9,0,0,0
BRDA:9,0,1,1
BRF:2
BRH:1
end_of_record
TN:
SF:src\models\AuditLogModel.js
FN:224,(anonymous_0)
FN:229,(anonymous_1)
FN:237,(anonymous_2)
FN:242,(anonymous_3)
FN:304,(anonymous_4)
FN:313,(anonymous_5)
FN:321,(anonymous_6)
FN:335,(anonymous_7)
FN:346,(anonymous_8)
FN:359,(anonymous_9)
FN:411,(anonymous_10)
FN:412,(anonymous_11)
FN:413,(anonymous_12)
FN:414,(anonymous_13)
FN:419,(anonymous_14)
FNF:15
FNH:15
FNDA:4,(anonymous_0)
FNDA:3,(anonymous_1)
FNDA:2,(anonymous_2)
FNDA:20,(anonymous_3)
FNDA:3,(anonymous_4)
FNDA:3,(anonymous_5)
FNDA:2,(anonymous_6)
FNDA:2,(anonymous_7)
FNDA:4,(anonymous_8)
FNDA:4,(anonymous_9)
FNDA:4,(anonymous_10)
FNDA:1,(anonymous_11)
FNDA:1,(anonymous_12)
FNDA:1,(anonymous_13)
FNDA:2,(anonymous_14)
DA:5,20
DA:224,20
DA:225,4
DA:229,20
DA:230,3
DA:237,20
DA:238,2
DA:242,20
DA:248,20
DA:250,20
DA:253,20
DA:254,20
DA:257,20
DA:258,20
DA:259,2
DA:263,20
DA:264,20
DA:265,20
DA:268,20
DA:269,20
DA:270,20
DA:273,20
DA:276,20
DA:279,20
DA:280,4
DA:281,4
DA:282,4
DA:286,20
DA:288,20
DA:295,20
DA:304,20
DA:305,3
DA:313,20
DA:314,3
DA:321,20
DA:322,2
DA:335,20
DA:336,2
DA:346,20
DA:347,4
DA:348,4
DA:350,4
DA:359,20
DA:360,4
DA:361,4
DA:362,1
DA:371,4
DA:409,4
DA:411,4
DA:412,1
DA:413,1
DA:414,1
DA:419,20
DA:420,2
DA:424,20
LF:55
LH:55
BRDA:224,0,0,3
BRDA:229,1,0,2
BRDA:242,2,0,2
BRDA:242,3,0,17
BRDA:244,4,0,18
BRDA:245,5,0,18
BRDA:246,6,0,19
BRDA:247,7,0,19
BRDA:253,8,0,2
BRDA:253,8,1,18
BRDA:254,9,0,2
BRDA:254,9,1,18
BRDA:257,10,0,2
BRDA:257,10,1,18
BRDA:258,11,0,2
BRDA:258,11,1,18
BRDA:258,12,0,20
BRDA:258,12,1,3
BRDA:263,13,0,2
BRDA:263,13,1,18
BRDA:264,14,0,2
BRDA:264,14,1,18
BRDA:265,15,0,2
BRDA:265,15,1,18
BRDA:268,16,0,2
BRDA:268,16,1,18
BRDA:269,17,0,2
BRDA:269,17,1,18
BRDA:270,18,0,2
BRDA:270,18,1,18
BRDA:273,19,0,2
BRDA:273,19,1,18
BRDA:276,20,0,2
BRDA:276,20,1,18
BRDA:279,21,0,4
BRDA:279,21,1,16
BRDA:279,22,0,20
BRDA:279,22,1,17
BRDA:281,23,0,3
BRDA:281,23,1,1
BRDA:282,24,0,3
BRDA:282,24,1,1
BRDA:286,25,0,2
BRDA:286,25,1,18
BRDA:304,26,0,2
BRDA:313,27,0,2
BRDA:321,28,0,1
BRDA:335,29,0,1
BRDA:346,30,0,2
BRDA:346,31,0,3
BRDA:361,32,0,1
BRDA:361,32,1,3
BRDA:361,33,0,4
BRDA:361,33,1,1
BRDA:419,34,0,1
BRF:55
BRH:55
end_of_record
TN:
SF:src\models\CompanyModel.js
FN:90,(anonymous_0)
FN:111,(anonymous_1)
FN:126,(anonymous_2)
FN:135,(anonymous_3)
FN:151,(anonymous_4)
FN:178,(anonymous_5)
FN:220,(anonymous_6)
FN:232,(anonymous_7)
FN:248,(anonymous_8)
FN:262,(anonymous_9)
FN:309,(anonymous_10)
FN:334,(anonymous_11)
FN:350,(anonymous_12)
FN:361,(anonymous_13)
FN:368,(anonymous_14)
FN:378,(anonymous_15)
FNF:16
FNH:14
FNDA:8,(anonymous_0)
FNDA:2,(anonymous_1)
FNDA:3,(anonymous_2)
FNDA:2,(anonymous_3)
FNDA:2,(anonymous_4)
FNDA:7,(anonymous_5)
FNDA:4,(anonymous_6)
FNDA:2,(anonymous_7)
FNDA:6,(anonymous_8)
FNDA:8,(anonymous_9)
FNDA:2,(anonymous_10)
FNDA:0,(anonymous_11)
FNDA:0,(anonymous_12)
FNDA:2,(anonymous_13)
FNDA:2,(anonymous_14)
FNDA:3,(anonymous_15)
DA:8,19
DA:90,19
DA:91,8
DA:111,19
DA:112,2
DA:126,19
DA:127,3
DA:135,19
DA:136,2
DA:151,19
DA:152,2
DA:178,19
DA:180,7
DA:192,7
DA:193,7
DA:194,63
DA:195,12
DA:200,7
DA:201,2
DA:204,7
DA:214,7
DA:220,19
DA:221,4
DA:226,4
DA:232,19
DA:233,2
DA:242,2
DA:248,19
DA:249,6
DA:251,6
DA:252,1
DA:255,6
DA:256,6
DA:262,19
DA:268,8
DA:270,8
DA:272,8
DA:273,2
DA:276,8
DA:277,2
DA:280,8
DA:281,2
DA:284,8
DA:298,8
DA:309,19
DA:310,2
DA:328,2
DA:334,19
DA:335,0
DA:336,0
DA:337,0
DA:340,0
DA:349,0
DA:350,0
DA:351,0
DA:352,0
DA:355,0
DA:361,19
DA:362,2
DA:368,19
DA:369,2
DA:378,19
DA:379,3
DA:383,3
DA:386,19
LF:65
LH:56
BRDA:90,0,0,7
BRDA:96,1,0,8
BRDA:96,1,1,7
BRDA:97,2,0,8
BRDA:97,2,1,7
BRDA:98,3,0,8
BRDA:98,3,1,7
BRDA:99,4,0,8
BRDA:99,4,1,7
BRDA:100,5,0,8
BRDA:100,5,1,7
BRDA:101,6,0,8
BRDA:101,6,1,7
BRDA:102,7,0,8
BRDA:102,7,1,7
BRDA:178,8,0,6
BRDA:194,9,0,12
BRDA:194,9,1,51
BRDA:200,10,0,2
BRDA:200,10,1,5
BRDA:220,11,0,3
BRDA:232,12,0,1
BRDA:248,13,0,4
BRDA:251,14,0,1
BRDA:251,14,1,5
BRDA:262,15,0,1
BRDA:262,16,0,5
BRDA:264,17,0,6
BRDA:265,18,0,6
BRDA:266,19,0,7
BRDA:267,20,0,7
BRDA:272,21,0,2
BRDA:272,21,1,6
BRDA:276,22,0,2
BRDA:276,22,1,6
BRDA:280,23,0,2
BRDA:280,23,1,6
BRDA:334,24,0,0
BRDA:336,25,0,0
BRDA:336,25,1,0
BRDA:336,26,0,0
BRDA:336,26,1,0
BRDA:361,27,0,1
BRDA:368,28,0,1
BRDA:383,29,0,3
BRDA:383,29,1,2
BRF:46
BRH:41
end_of_record
TN:
SF:src\models\InvitationModel.js
FN:70,(anonymous_0)
FN:74,(anonymous_1)
FN:78,(anonymous_2)
FN:85,(anonymous_3)
FN:98,(anonymous_4)
FN:108,(anonymous_5)
FN:120,(anonymous_6)
FNF:7
FNH:7
FNDA:4,(anonymous_0)
FNDA:2,(anonymous_1)
FNDA:6,(anonymous_2)
FNDA:9,(anonymous_3)
FNDA:2,(anonymous_4)
FNDA:2,(anonymous_5)
FNDA:5,(anonymous_6)
DA:5,17
DA:70,17
DA:71,4
DA:74,17
DA:75,2
DA:78,17
DA:79,6
DA:80,6
DA:82,6
DA:85,17
DA:86,9
DA:98,17
DA:99,2
DA:108,17
DA:109,2
DA:120,17
DA:121,5
DA:127,17
LF:18
LH:18
BRDA:70,0,0,3
BRDA:78,1,0,3
BRDA:80,2,0,1
BRDA:80,2,1,5
BRDA:85,3,0,8
BRDA:89,4,0,9
BRDA:89,4,1,3
BRDA:120,5,0,4
BRF:8
BRH:8
end_of_record
TN:
SF:src\models\MemberModel.js
FN:48,(anonymous_0)
FN:68,(anonymous_1)
FN:92,(anonymous_2)
FN:106,(anonymous_3)
FN:121,(anonymous_4)
FN:161,(anonymous_5)
FN:182,(anonymous_6)
FN:201,(anonymous_7)
FN:216,(anonymous_8)
FN:228,(anonymous_9)
FN:243,(anonymous_10)
FN:252,(anonymous_11)
FN:319,(anonymous_12)
FN:338,(anonymous_13)
FN:350,(anonymous_14)
FN:361,(anonymous_15)
FN:372,(anonymous_16)
FN:382,(anonymous_17)
FNF:18
FNH:18
FNDA:6,(anonymous_0)
FNDA:2,(anonymous_1)
FNDA:4,(anonymous_2)
FNDA:2,(anonymous_3)
FNDA:4,(anonymous_4)
FNDA:2,(anonymous_5)
FNDA:3,(anonymous_6)
FNDA:5,(anonymous_7)
FNDA:4,(anonymous_8)
FNDA:5,(anonymous_9)
FNDA:2,(anonymous_10)
FNDA:7,(anonymous_11)
FNDA:2,(anonymous_12)
FNDA:3,(anonymous_13)
FNDA:2,(anonymous_14)
FNDA:3,(anonymous_15)
FNDA:3,(anonymous_16)
FNDA:2,(anonymous_17)
DA:8,19
DA:48,19
DA:49,6
DA:62,6
DA:68,19
DA:69,2
DA:92,19
DA:93,4
DA:100,4
DA:106,19
DA:107,2
DA:115,2
DA:121,19
DA:122,4
DA:124,4
DA:125,1
DA:128,4
DA:161,19
DA:162,2
DA:182,19
DA:183,3
DA:195,3
DA:201,19
DA:202,5
DA:210,5
DA:216,19
DA:217,4
DA:222,4
DA:228,19
DA:229,5
DA:237,5
DA:243,19
DA:244,2
DA:252,19
DA:258,7
DA:260,7
DA:262,7
DA:263,1
DA:266,7
DA:299,7
DA:308,7
DA:319,19
DA:320,2
DA:338,19
DA:339,3
DA:350,19
DA:351,2
DA:360,2
DA:361,2
DA:362,3
DA:363,3
DA:366,2
DA:372,19
DA:373,3
DA:382,19
DA:383,2
DA:404,19
LF:57
LH:57
BRDA:48,0,0,5
BRDA:51,1,0,6
BRDA:51,1,1,2
BRDA:52,2,0,6
BRDA:52,2,1,2
BRDA:53,3,0,6
BRDA:53,3,1,2
BRDA:115,4,0,1
BRDA:115,4,1,1
BRDA:121,5,0,2
BRDA:124,6,0,1
BRDA:124,6,1,3
BRDA:182,7,0,2
BRDA:201,8,0,4
BRDA:216,9,0,3
BRDA:228,10,0,4
BRDA:252,11,0,1
BRDA:254,12,0,5
BRDA:255,13,0,5
BRDA:256,14,0,5
BRDA:257,15,0,6
BRDA:262,16,0,1
BRDA:262,16,1,6
BRDA:283,17,0,1
BRDA:283,17,1,6
BRDA:372,18,0,2
BRF:26
BRH:26
end_of_record
TN:
SF:src\models\RoleModel.js
FN:92,(anonymous_0)
FN:97,(anonymous_1)
FN:103,(anonymous_2)
FN:109,(anonymous_3)
FN:113,(anonymous_4)
FN:117,(anonymous_5)
FN:121,(anonymous_6)
FN:135,(anonymous_7)
FN:139,(anonymous_8)
FN:140,(anonymous_9)
FN:145,(anonymous_10)
FN:149,(anonymous_11)
FN:158,(anonymous_12)
FN:173,(anonymous_13)
FN:177,(anonymous_14)
FNF:15
FNH:15
FNDA:3,(anonymous_0)
FNDA:6,(anonymous_1)
FNDA:6,(anonymous_2)
FNDA:2,(anonymous_3)
FNDA:2,(anonymous_4)
FNDA:4,(anonymous_5)
FNDA:3,(anonymous_6)
FNDA:1,(anonymous_7)
FNDA:2,(anonymous_8)
FNDA:8,(anonymous_9)
FNDA:6,(anonymous_10)
FNDA:1,(anonymous_11)
FNDA:1,(anonymous_12)
FNDA:2,(anonymous_13)
FNDA:6,(anonymous_14)
DA:6,22
DA:66,22
DA:74,22
DA:82,22
DA:92,22
DA:93,3
DA:94,3
DA:97,22
DA:98,6
DA:99,6
DA:100,6
DA:103,22
DA:104,6
DA:105,6
DA:106,6
DA:109,22
DA:110,2
DA:113,22
DA:114,2
DA:117,22
DA:118,4
DA:121,22
DA:122,3
DA:135,22
DA:136,1
DA:139,22
DA:140,2
DA:141,8
DA:145,22
DA:146,6
DA:149,22
DA:150,1
DA:158,22
DA:159,1
DA:173,22
DA:174,2
DA:177,22
DA:178,6
DA:179,6
DA:181,6
DA:182,4
DA:183,2
DA:186,22
LF:43
LH:43
BRDA:93,0,0,3
BRDA:93,0,1,1
BRDA:98,1,0,6
BRDA:98,1,1,2
BRDA:99,2,0,6
BRDA:99,2,1,2
BRDA:104,3,0,6
BRDA:104,3,1,2
BRDA:105,4,0,6
BRDA:105,4,1,2
BRDA:110,5,0,2
BRDA:110,5,1,1
BRDA:174,6,0,2
BRDA:174,6,1,1
BRDA:178,7,0,6
BRDA:178,7,1,2
BRDA:179,8,0,6
BRDA:179,8,1,2
BRDA:181,9,0,2
BRDA:181,9,1,4
BRDA:182,10,0,2
BRDA:182,10,1,2
BRF:22
BRH:22
end_of_record
TN:
SF:src\models\TokenModel.js
FN:35,(anonymous_0)
FN:45,(anonymous_1)
FN:68,(anonymous_2)
FN:89,(anonymous_3)
FN:102,(anonymous_4)
FN:115,(anonymous_5)
FN:129,(anonymous_6)
FN:144,(anonymous_7)
FN:156,(anonymous_8)
FN:172,(anonymous_9)
FN:188,(anonymous_10)
FN:202,(anonymous_11)
FN:221,(anonymous_12)
FN:242,(anonymous_13)
FN:257,(anonymous_14)
FN:271,(anonymous_15)
FN:278,(anonymous_16)
FNF:17
FNH:17
FNDA:41,(anonymous_0)
FNDA:11,(anonymous_1)
FNDA:1,(anonymous_2)
FNDA:4,(anonymous_3)
FNDA:1,(anonymous_4)
FNDA:8,(anonymous_5)
FNDA:10,(anonymous_6)
FNDA:6,(anonymous_7)
FNDA:5,(anonymous_8)
FNDA:6,(anonymous_9)
FNDA:4,(anonymous_10)
FNDA:6,(anonymous_11)
FNDA:2,(anonymous_12)
FNDA:8,(anonymous_13)
FNDA:9,(anonymous_14)
FNDA:6,(anonymous_15)
FNDA:6,(anonymous_16)
DA:7,18
DA:35,18
DA:36,41
DA:37,3
DA:39,38
DA:45,18
DA:47,11
DA:48,2
DA:50,9
DA:51,1
DA:54,8
DA:55,8
DA:57,8
DA:68,18
DA:69,1
DA:71,1
DA:89,18
DA:90,4
DA:92,4
DA:102,18
DA:103,1
DA:115,18
DA:116,8
DA:118,8
DA:123,8
DA:129,18
DA:130,10
DA:138,10
DA:144,18
DA:145,6
DA:150,6
DA:156,18
DA:157,5
DA:172,18
DA:173,6
DA:182,6
DA:188,18
DA:189,4
DA:202,18
DA:203,6
DA:205,6
DA:213,6
DA:215,6
DA:221,18
DA:222,2
DA:223,2
DA:225,2
DA:242,18
DA:243,8
DA:251,8
DA:257,18
DA:258,9
DA:265,9
DA:271,18
DA:272,6
DA:278,18
DA:279,6
DA:281,6
DA:285,6
DA:288,18
LF:60
LH:60
BRDA:36,0,0,3
BRDA:36,0,1,38
BRDA:45,1,0,10
BRDA:47,2,0,2
BRDA:47,2,1,9
BRDA:50,3,0,1
BRDA:50,3,1,8
BRDA:55,4,0,8
BRDA:55,4,1,5
BRDA:115,5,0,7
BRDA:129,6,0,9
BRDA:144,7,0,5
BRDA:172,8,0,5
BRDA:221,9,0,1
BRDA:242,10,0,7
BRDA:257,11,0,8
BRDA:271,12,0,3
BRF:17
BRH:17
end_of_record
TN:
SF:src\models\UserModel.js
FN:51,(anonymous_0)
FN:76,(anonymous_1)
FN:130,(anonymous_2)
FN:135,(anonymous_3)
FN:146,(anonymous_4)
FN:162,(anonymous_5)
FN:176,(anonymous_6)
FN:190,(anonymous_7)
FN:208,(anonymous_8)
FN:228,(anonymous_9)
FN:247,(anonymous_10)
FN:262,(anonymous_11)
FN:280,(anonymous_12)
FN:327,(anonymous_13)
FN:342,(anonymous_14)
FN:357,(anonymous_15)
FN:369,(anonymous_16)
FN:425,(anonymous_17)
FN:432,(anonymous_18)
FN:446,(anonymous_19)
FN:456,(anonymous_20)
FNF:21
FNH:17
FNDA:0,(anonymous_0)
FNDA:0,(anonymous_1)
FNDA:0,(anonymous_2)
FNDA:0,(anonymous_3)
FNDA:2,(anonymous_4)
FNDA:1,(anonymous_5)
FNDA:1,(anonymous_6)
FNDA:3,(anonymous_7)
FNDA:2,(anonymous_8)
FNDA:1,(anonymous_9)
FNDA:1,(anonymous_10)
FNDA:1,(anonymous_11)
FNDA:6,(anonymous_12)
FNDA:2,(anonymous_13)
FNDA:2,(anonymous_14)
FNDA:2,(anonymous_15)
FNDA:6,(anonymous_16)
FNDA:2,(anonymous_17)
FNDA:3,(anonymous_18)
FNDA:2,(anonymous_19)
FNDA:2,(anonymous_20)
DA:8,21
DA:52,0
DA:53,0
DA:54,0
DA:55,0
DA:77,0
DA:78,0
DA:80,0
DA:81,0
DA:82,0
DA:131,0
DA:132,0
DA:136,0
DA:137,0
DA:146,21
DA:147,2
DA:162,21
DA:163,1
DA:176,21
DA:177,1
DA:190,21
DA:191,3
DA:208,21
DA:209,2
DA:222,2
DA:228,21
DA:229,1
DA:241,1
DA:247,21
DA:248,1
DA:262,21
DA:263,1
DA:274,1
DA:280,21
DA:282,6
DA:284,6
DA:295,6
DA:296,48
DA:297,7
DA:298,3
DA:299,2
DA:302,1
DA:306,4
DA:311,6
DA:321,6
DA:327,21
DA:328,2
DA:336,2
DA:342,21
DA:343,2
DA:351,2
DA:357,21
DA:358,2
DA:363,2
DA:369,21
DA:375,6
DA:377,6
DA:379,6
DA:380,1
DA:383,6
DA:384,1
DA:391,6
DA:392,1
DA:395,6
DA:396,1
DA:399,6
DA:414,6
DA:425,21
DA:426,2
DA:432,21
DA:433,3
DA:435,3
DA:436,1
DA:439,3
DA:440,3
DA:446,21
DA:447,2
DA:456,21
DA:457,2
DA:465,2
DA:468,21
LF:81
LH:68
BRDA:52,0,0,0
BRDA:52,0,1,0
BRDA:52,1,0,0
BRDA:52,1,1,0
BRDA:54,2,0,0
BRDA:54,2,1,0
BRDA:77,3,0,0
BRDA:77,3,1,0
BRDA:77,4,0,0
BRDA:77,4,1,0
BRDA:81,5,0,0
BRDA:81,5,1,0
BRDA:131,6,0,0
BRDA:131,6,1,0
BRDA:131,7,0,0
BRDA:131,7,1,0
BRDA:136,8,0,0
BRDA:136,8,1,0
BRDA:136,9,0,0
BRDA:136,9,1,0
BRDA:190,10,0,2
BRDA:196,11,0,3
BRDA:196,11,1,2
BRDA:197,12,0,3
BRDA:197,12,1,2
BRDA:198,13,0,3
BRDA:198,13,1,2
BRDA:199,14,0,3
BRDA:199,14,1,2
BRDA:200,15,0,3
BRDA:200,15,1,2
BRDA:208,16,0,1
BRDA:228,17,0,1
BRDA:262,18,0,1
BRDA:280,19,0,6
BRDA:296,20,0,7
BRDA:296,20,1,41
BRDA:297,21,0,3
BRDA:297,21,1,4
BRDA:298,22,0,2
BRDA:298,22,1,1
BRDA:298,23,0,3
BRDA:298,23,1,2
BRDA:327,24,0,2
BRDA:342,25,0,2
BRDA:357,26,0,2
BRDA:369,27,0,1
BRDA:369,28,0,5
BRDA:371,29,0,5
BRDA:372,30,0,5
BRDA:373,31,0,5
BRDA:374,32,0,5
BRDA:379,33,0,1
BRDA:379,33,1,5
BRDA:383,34,0,1
BRDA:383,34,1,5
BRDA:391,35,0,1
BRDA:391,35,1,5
BRDA:395,36,0,1
BRDA:395,36,1,5
BRDA:425,37,0,1
BRDA:432,38,0,2
BRDA:435,39,0,1
BRDA:435,39,1,2
BRDA:446,40,0,1
BRDA:456,41,0,2
BRF:66
BRH:46
end_of_record
TN:
SF:src\models\dbModels.js
FN:86,(anonymous_0)
FN:101,(anonymous_1)
FNF:2
FNH:0
FNDA:0,(anonymous_0)
FNDA:0,(anonymous_1)
DA:18,16
DA:19,16
DA:22,16
DA:26,16
DA:32,16
DA:39,16
DA:47,16
DA:51,16
DA:55,16
DA:61,16
DA:66,16
DA:72,16
DA:76,16
DA:80,16
DA:86,16
DA:87,0
DA:88,0
DA:89,0
DA:90,0
DA:92,0
DA:95,0
DA:96,0
DA:101,16
DA:102,0
DA:110,0
DA:111,0
DA:116,0
LF:27
LH:16
BRDA:88,0,0,0
BRDA:88,0,1,0
BRF:2
BRH:0
end_of_record
TN:
SF:src\routes\auditLogRoutes.js
FN:23,(anonymous_0)
FNF:1
FNH:1
FNDA:12,(anonymous_0)
DA:23,1
DA:24,12
DA:27,12
DA:28,12
DA:29,12
DA:36,12
DA:58,12
DA:86,12
DA:145,12
DA:169,12
DA:203,12
DA:227,12
DA:252,12
DA:282,12
DA:312,12
DA:337,12
DA:365,12
DA:372,12
LF:18
LH:18
BRDA:23,0,0,1
BRDA:27,1,0,12
BRDA:27,1,1,1
BRDA:28,2,0,12
BRDA:28,2,1,1
BRDA:29,3,0,12
BRDA:29,3,1,1
BRF:7
BRH:7
end_of_record
TN:
SF:src\routes\authRoutes.js
FN:19,(anonymous_0)
FN:375,(anonymous_1)
FN:415,(anonymous_2)
FNF:3
FNH:1
FNDA:16,(anonymous_0)
FNDA:0,(anonymous_1)
FNDA:0,(anonymous_2)
DA:19,1
DA:20,16
DA:22,16
DA:27,16
DA:28,16
DA:29,16
DA:33,16
DA:34,16
DA:35,16
DA:87,16
DA:131,16
DA:157,16
DA:184,16
DA:205,16
DA:234,16
DA:247,16
DA:259,16
DA:285,16
DA:308,16
DA:327,16
DA:371,16
DA:375,0
DA:412,16
DA:415,0
DA:450,16
DA:467,16
DA:469,16
LF:27
LH:25
BRDA:19,0,0,1
BRDA:22,1,0,16
BRDA:22,1,1,1
BRDA:27,2,0,16
BRDA:27,2,1,1
BRDA:28,3,0,16
BRDA:28,3,1,1
BRDA:29,4,0,16
BRDA:29,4,1,1
BRDA:33,5,0,16
BRDA:33,5,1,1
BRDA:34,6,0,16
BRDA:34,6,1,1
BRDA:35,7,0,16
BRDA:35,7,1,1
BRF:15
BRH:15
end_of_record
TN:
SF:src\routes\companyRoutes.js
FN:16,(anonymous_0)
FN:251,(anonymous_1)
FN:292,(anonymous_2)
FNF:3
FNH:1
FNDA:6,(anonymous_0)
FNDA:0,(anonymous_1)
FNDA:0,(anonymous_2)
DA:16,1
DA:17,6
DA:19,6
DA:22,6
DA:23,6
DA:24,6
DA:25,6
DA:27,6
DA:94,6
DA:139,6
DA:179,6
DA:247,6
DA:251,0
DA:288,6
DA:292,0
DA:297,6
LF:16
LH:14
BRDA:16,0,0,1
BRDA:19,1,0,6
BRDA:19,1,1,1
BRDA:22,2,0,6
BRDA:22,2,1,1
BRDA:23,3,0,6
BRDA:23,3,1,1
BRDA:24,4,0,6
BRDA:24,4,1,1
BRDA:25,5,0,6
BRDA:25,5,1,1
BRF:11
BRH:11
end_of_record
TN:
SF:src\routes\invitationRoutes.js
FN:11,(anonymous_0)
FNF:1
FNH:1
FNDA:6,(anonymous_0)
DA:11,1
DA:12,6
DA:14,6
DA:17,6
DA:18,6
DA:19,6
DA:82,6
DA:126,6
DA:175,6
DA:219,6
DA:252,6
DA:259,6
LF:12
LH:12
BRDA:11,0,0,1
BRDA:14,1,0,6
BRDA:14,1,1,1
BRDA:17,2,0,6
BRDA:17,2,1,1
BRDA:18,3,0,6
BRDA:18,3,1,1
BRDA:19,4,0,6
BRDA:19,4,1,1
BRF:9
BRH:9
end_of_record
TN:
SF:src\routes\memberRoutes.js
FN:11,(anonymous_0)
FN:211,(anonymous_1)
FN:255,(anonymous_2)
FN:307,(anonymous_3)
FNF:4
FNH:1
FNDA:6,(anonymous_0)
FNDA:0,(anonymous_1)
FNDA:0,(anonymous_2)
FNDA:0,(anonymous_3)
DA:11,1
DA:12,6
DA:14,6
DA:15,6
DA:16,6
DA:17,6
DA:18,6
DA:19,6
DA:21,6
DA:22,6
DA:97,6
DA:153,6
DA:209,6
DA:211,0
DA:253,6
DA:255,0
DA:305,6
DA:307,0
DA:312,6
LF:19
LH:16
BRDA:11,0,0,1
BRDA:14,1,0,6
BRDA:14,1,1,1
BRDA:15,2,0,6
BRDA:15,2,1,1
BRDA:16,3,0,6
BRDA:16,3,1,1
BRDA:17,4,0,6
BRDA:17,4,1,1
BRDA:18,5,0,6
BRDA:18,5,1,1
BRDA:19,6,0,6
BRDA:19,6,1,1
BRF:13
BRH:13
end_of_record
TN:
SF:src\scripts\migrate.js
FN:6,(anonymous_0)
FN:34,(anonymous_1)
FN:59,(anonymous_2)
FN:90,(anonymous_3)
FNF:4
FNH:0
FNDA:0,(anonymous_0)
FNDA:0,(anonymous_1)
FNDA:0,(anonymous_2)
FNDA:0,(anonymous_3)
DA:4,0
DA:6,0
DA:7,0
DA:9,0
DA:10,0
DA:11,0
DA:13,0
DA:15,0
DA:16,0
DA:17,0
DA:20,0
DA:21,0
DA:22,0
DA:23,0
DA:26,0
DA:27,0
DA:28,0
DA:31,0
DA:32,0
DA:34,0
DA:36,0
DA:37,0
DA:38,0
DA:40,0
DA:41,0
DA:42,0
DA:43,0
DA:46,0
DA:47,0
DA:48,0
DA:51,0
DA:58,0
DA:59,0
DA:60,0
DA:62,0
DA:65,0
DA:66,0
DA:67,0
DA:68,0
DA:71,0
DA:72,0
DA:73,0
DA:74,0
DA:75,0
DA:76,0
DA:77,0
DA:80,0
DA:81,0
DA:84,0
DA:85,0
DA:90,0
DA:91,0
DA:92,0
DA:95,0
DA:103,0
DA:104,0
DA:109,0
DA:112,0
DA:113,0
DA:115,0
DA:129,0
DA:130,0
DA:131,0
DA:132,0
DA:134,0
DA:139,0
LF:66
LH:0
BRDA:7,0,0,0
BRDA:7,0,1,0
BRDA:11,1,0,0
BRDA:11,1,1,0
BRDA:13,2,0,0
BRDA:13,2,1,0
BRDA:13,2,2,0
BRDA:13,2,3,0
BRDA:13,2,4,0
BRDA:15,3,0,0
BRDA:15,3,1,0
BRDA:26,4,0,0
BRDA:26,4,1,0
BRDA:112,5,0,0
BRDA:112,5,1,0
BRDA:113,6,0,0
BRDA:113,6,1,0
BRDA:129,7,0,0
BRDA:129,7,1,0
BRF:19
BRH:0
end_of_record
TN:
SF:src\services\AuditLogService.js
FN:9,(anonymous_0)
FN:15,(anonymous_1)
FN:28,(anonymous_2)
FN:40,(anonymous_3)
FN:59,(anonymous_4)
FN:85,(anonymous_5)
FN:101,(anonymous_6)
FN:116,(anonymous_7)
FN:129,(anonymous_8)
FN:142,(anonymous_9)
FN:146,(anonymous_10)
FN:150,(anonymous_11)
FN:154,(anonymous_12)
FN:158,(anonymous_13)
FN:162,(anonymous_14)
FN:166,(anonymous_15)
FN:182,(anonymous_16)
FN:187,(anonymous_17)
FN:200,(anonymous_18)
FN:210,(anonymous_19)
FNF:20
FNH:20
FNDA:35,(anonymous_0)
FNDA:11,(anonymous_1)
FNDA:77,(anonymous_2)
FNDA:5,(anonymous_3)
FNDA:10,(anonymous_4)
FNDA:1,(anonymous_5)
FNDA:1,(anonymous_6)
FNDA:1,(anonymous_7)
FNDA:2,(anonymous_8)
FNDA:5,(anonymous_9)
FNDA:1,(anonymous_10)
FNDA:1,(anonymous_11)
FNDA:1,(anonymous_12)
FNDA:1,(anonymous_13)
FNDA:1,(anonymous_14)
FNDA:2,(anonymous_15)
FNDA:1,(anonymous_16)
FNDA:1,(anonymous_17)
FNDA:1,(anonymous_18)
FNDA:1,(anonymous_19)
DA:9,8
DA:10,35
DA:11,35
DA:15,35
DA:16,11
DA:18,9
DA:24,9
DA:26,9
DA:27,9
DA:28,77
DA:29,4
DA:30,5
DA:31,2
DA:33,3
DA:37,9
DA:40,35
DA:41,5
DA:42,4
DA:43,4
DA:45,4
DA:47,4
DA:48,2
DA:54,4
DA:59,35
DA:60,10
DA:61,10
DA:62,10
DA:63,10
DA:65,10
DA:66,2
DA:69,10
DA:70,10
DA:71,10
DA:73,10
DA:74,1
DA:77,10
DA:78,9
DA:80,1
DA:81,1
DA:85,35
DA:86,1
DA:101,35
DA:102,1
DA:116,35
DA:117,1
DA:129,35
DA:130,2
DA:142,35
DA:143,5
DA:146,35
DA:147,1
DA:150,35
DA:151,1
DA:154,35
DA:155,1
DA:158,35
DA:159,1
DA:162,35
DA:163,1
DA:166,35
DA:167,2
DA:168,2
DA:169,1
DA:175,1
DA:177,1
DA:178,1
DA:182,35
DA:183,1
DA:184,1
DA:187,35
DA:188,1
DA:189,1
DA:200,35
DA:201,1
DA:210,35
DA:211,1
DA:219,35
DA:242,8
LF:78
LH:78
BRDA:9,0,0,8
BRDA:10,1,0,35
BRDA:10,1,1,8
BRDA:11,2,0,35
BRDA:11,2,1,8
BRDA:16,3,0,2
BRDA:16,3,1,9
BRDA:16,4,0,11
BRDA:16,4,1,10
BRDA:24,5,0,1
BRDA:24,5,1,8
BRDA:27,6,0,9
BRDA:27,6,1,0
BRDA:28,7,0,4
BRDA:28,7,1,5
BRDA:30,8,0,2
BRDA:30,8,1,3
BRDA:30,9,0,5
BRDA:30,9,1,2
BRDA:41,10,0,1
BRDA:41,10,1,4
BRDA:41,11,0,5
BRDA:41,11,1,4
BRDA:47,12,0,2
BRDA:47,12,1,2
BRDA:54,13,0,2
BRDA:54,13,1,2
BRDA:61,14,0,2
BRDA:61,14,1,8
BRDA:62,15,0,2
BRDA:62,15,1,8
BRDA:63,16,0,1
BRDA:63,16,1,9
BRDA:65,17,0,2
BRDA:65,17,1,8
BRDA:65,18,0,10
BRDA:65,18,1,2
BRDA:65,18,2,2
BRDA:69,19,0,10
BRDA:69,19,1,10
BRDA:70,20,0,10
BRDA:70,20,1,5
BRDA:71,21,0,10
BRDA:71,21,1,10
BRDA:73,22,0,1
BRDA:73,22,1,9
BRDA:73,23,0,10
BRDA:73,23,1,10
BRDA:85,24,0,1
BRDA:96,25,0,0
BRDA:96,25,1,1
BRDA:101,26,0,1
BRDA:116,27,0,1
BRDA:116,28,0,1
BRDA:129,29,0,1
BRDA:129,30,0,1
BRDA:142,31,0,0
BRDA:142,32,0,1
BRDA:146,33,0,1
BRDA:150,34,0,1
BRDA:154,35,0,1
BRDA:158,36,0,1
BRDA:166,37,0,2
BRDA:182,38,0,1
BRDA:182,39,0,1
BRDA:187,40,0,0
BRF:66
BRH:62
end_of_record
TN:
SF:src\services\AuthService.js
FN:20,(anonymous_0)
FN:39,(anonymous_1)
FN:69,(anonymous_2)
FN:165,(anonymous_3)
FN:205,(anonymous_4)
FN:240,(anonymous_5)
FN:263,(anonymous_6)
FN:270,(anonymous_7)
FN:284,(anonymous_8)
FN:301,(anonymous_9)
FN:320,(anonymous_10)
FN:354,(anonymous_11)
FN:360,(anonymous_12)
FN:365,(anonymous_13)
FN:377,(anonymous_14)
FNF:15
FNH:11
FNDA:27,(anonymous_0)
FNDA:1,(anonymous_1)
FNDA:6,(anonymous_2)
FNDA:4,(anonymous_3)
FNDA:4,(anonymous_4)
FNDA:2,(anonymous_5)
FNDA:0,(anonymous_6)
FNDA:2,(anonymous_7)
FNDA:0,(anonymous_8)
FNDA:2,(anonymous_9)
FNDA:2,(anonymous_10)
FNDA:0,(anonymous_11)
FNDA:0,(anonymous_12)
FNDA:1,(anonymous_13)
FNDA:1,(anonymous_14)
DA:20,3
DA:22,27
DA:23,27
DA:24,27
DA:25,27
DA:26,27
DA:27,27
DA:28,27
DA:29,27
DA:30,27
DA:31,27
DA:36,27
DA:39,27
DA:40,1
DA:41,1
DA:43,1
DA:44,0
DA:47,1
DA:53,1
DA:59,1
DA:60,1
DA:62,0
DA:63,0
DA:69,27
DA:73,6
DA:75,6
DA:76,1
DA:79,5
DA:82,5
DA:83,5
DA:84,2
DA:85,2
DA:86,2
DA:87,1
DA:90,1
DA:91,1
DA:95,4
DA:96,4
DA:97,1
DA:98,1
DA:99,1
DA:102,3
DA:104,3
DA:105,3
DA:106,3
DA:107,3
DA:109,3
DA:119,2
DA:120,2
DA:121,2
DA:123,2
DA:124,2
DA:125,2
DA:127,2
DA:132,2
DA:133,2
DA:134,1
DA:135,1
DA:136,1
DA:138,0
DA:139,0
DA:143,2
DA:145,2
DA:159,1
DA:160,1
DA:161,1
DA:165,27
DA:166,4
DA:168,3
DA:169,3
DA:171,3
DA:172,1
DA:175,2
DA:176,2
DA:178,1
DA:179,1
DA:181,1
DA:182,1
DA:183,1
DA:185,1
DA:191,1
DA:205,27
DA:206,4
DA:207,4
DA:209,3
DA:210,3
DA:212,2
DA:213,2
DA:215,2
DA:216,2
DA:217,1
DA:219,1
DA:220,1
DA:222,1
DA:223,1
DA:224,1
DA:226,1
DA:227,1
DA:233,1
DA:235,3
DA:236,3
DA:240,27
DA:241,2
DA:243,2
DA:244,2
DA:246,1
DA:247,1
DA:249,1
DA:251,1
DA:252,1
DA:259,1
DA:260,1
DA:263,27
DA:264,0
DA:265,0
DA:266,0
DA:267,0
DA:270,27
DA:271,2
DA:272,2
DA:274,1
DA:275,1
DA:277,1
DA:278,1
DA:280,1
DA:281,1
DA:284,27
DA:285,0
DA:286,0
DA:288,0
DA:289,0
DA:291,0
DA:292,0
DA:294,0
DA:295,0
DA:297,0
DA:298,0
DA:301,27
DA:302,2
DA:303,2
DA:305,2
DA:306,2
DA:308,2
DA:309,2
DA:311,1
DA:312,1
DA:314,1
DA:315,1
DA:317,1
DA:320,27
DA:321,2
DA:322,2
DA:325,2
DA:326,1
DA:328,1
DA:329,0
DA:332,1
DA:333,1
DA:334,1
DA:335,1
DA:339,1
DA:340,1
DA:341,1
DA:342,1
DA:343,1
DA:346,1
DA:347,1
DA:349,0
DA:350,0
DA:354,27
DA:355,0
DA:356,0
DA:357,0
DA:360,27
DA:361,0
DA:362,0
DA:365,27
DA:366,1
DA:367,1
DA:369,1
DA:370,1
DA:371,1
DA:372,1
DA:374,1
DA:377,27
DA:378,1
DA:379,1
DA:381,1
DA:382,1
DA:383,1
DA:385,1
DA:391,1
DA:394,27
DA:413,3
LF:194
LH:167
BRDA:20,0,0,3
BRDA:22,1,0,27
BRDA:22,1,1,3
BRDA:23,2,0,27
BRDA:23,2,1,3
BRDA:24,3,0,27
BRDA:24,3,1,3
BRDA:25,4,0,27
BRDA:25,4,1,3
BRDA:26,5,0,27
BRDA:26,5,1,3
BRDA:27,6,0,27
BRDA:27,6,1,3
BRDA:28,7,0,27
BRDA:28,7,1,3
BRDA:29,8,0,27
BRDA:29,8,1,3
BRDA:30,9,0,27
BRDA:30,9,1,3
BRDA:31,10,0,27
BRDA:31,10,1,3
BRDA:36,11,0,27
BRDA:36,11,1,3
BRDA:43,12,0,0
BRDA:43,12,1,1
BRDA:43,13,0,1
BRDA:43,13,1,1
BRDA:75,14,0,1
BRDA:75,14,1,5
BRDA:75,15,0,6
BRDA:75,15,1,5
BRDA:75,15,2,5
BRDA:75,15,3,5
BRDA:75,15,4,5
BRDA:83,16,0,2
BRDA:83,16,1,3
BRDA:86,17,0,1
BRDA:86,17,1,1
BRDA:96,18,0,1
BRDA:96,18,1,3
BRDA:105,19,0,3
BRDA:105,19,1,0
BRDA:124,20,0,2
BRDA:124,20,1,0
BRDA:133,21,0,1
BRDA:133,21,1,1
BRDA:133,22,0,2
BRDA:133,22,1,1
BRDA:156,23,0,2
BRDA:156,23,1,1
BRDA:160,24,0,1
BRDA:160,24,1,0
BRDA:166,25,0,1
BRDA:166,25,1,3
BRDA:166,26,0,4
BRDA:166,26,1,3
BRDA:171,27,0,1
BRDA:171,27,1,2
BRDA:171,28,0,3
BRDA:171,28,1,2
BRDA:171,28,2,2
BRDA:176,29,0,1
BRDA:176,29,1,1
BRDA:182,30,0,1
BRDA:182,30,1,0
BRDA:207,31,0,1
BRDA:207,31,1,3
BRDA:210,32,0,1
BRDA:210,32,1,2
BRDA:210,33,0,3
BRDA:210,33,1,2
BRDA:213,34,0,0
BRDA:213,34,1,2
BRDA:216,35,0,1
BRDA:216,35,1,1
BRDA:217,36,0,0
BRDA:217,36,1,1
BRDA:223,37,0,1
BRDA:223,37,1,0
BRDA:241,38,0,0
BRDA:241,38,1,2
BRDA:244,39,0,1
BRDA:244,39,1,1
BRDA:264,40,0,0
BRDA:264,40,1,0
BRDA:266,41,0,0
BRDA:266,41,1,0
BRDA:271,42,0,0
BRDA:271,42,1,2
BRDA:271,43,0,2
BRDA:271,43,1,2
BRDA:272,44,0,1
BRDA:272,44,1,1
BRDA:275,45,0,0
BRDA:275,45,1,1
BRDA:277,46,0,1
BRDA:277,46,1,0
BRDA:286,47,0,0
BRDA:286,47,1,0
BRDA:289,48,0,0
BRDA:289,48,1,0
BRDA:292,49,0,0
BRDA:292,49,1,0
BRDA:295,50,0,0
BRDA:295,50,1,0
BRDA:295,51,0,0
BRDA:295,51,1,0
BRDA:303,52,0,0
BRDA:303,52,1,2
BRDA:306,53,0,0
BRDA:306,53,1,2
BRDA:309,54,0,1
BRDA:309,54,1,1
BRDA:311,55,0,1
BRDA:311,55,1,0
BRDA:322,56,0,2
BRDA:322,56,1,0
BRDA:325,57,0,1
BRDA:325,57,1,1
BRDA:325,58,0,2
BRDA:325,58,1,2
BRDA:328,59,0,0
BRDA:328,59,1,1
BRDA:328,60,0,1
BRDA:328,60,1,0
BRDA:334,61,0,1
BRDA:334,61,1,0
BRDA:334,62,0,1
BRDA:334,62,1,1
BRDA:334,62,2,1
BRDA:339,63,0,1
BRDA:339,63,1,0
BRDA:339,64,0,1
BRDA:339,64,1,0
BRDA:341,65,0,1
BRDA:341,65,1,0
BRDA:342,66,0,1
BRDA:342,66,1,1
BRDA:355,67,0,0
BRDA:355,67,1,0
BRDA:367,68,0,0
BRDA:367,68,1,1
BRDA:369,69,0,1
BRDA:369,69,1,0
BRDA:382,70,0,1
BRDA:382,70,1,0
BRF:146
BRH:105
end_of_record
TN:
SF:src\services\CompanyService.js
FN:10,(anonymous_0)
FN:17,(anonymous_1)
FN:31,(anonymous_2)
FN:87,(anonymous_3)
FN:96,(anonymous_4)
FN:99,(anonymous_5)
FN:106,(anonymous_6)
FN:125,(anonymous_7)
FN:129,(anonymous_8)
FN:138,(anonymous_9)
FN:161,(anonymous_10)
FN:187,(anonymous_11)
FN:194,(anonymous_12)
FN:203,(anonymous_13)
FN:210,(anonymous_14)
FNF:15
FNH:15
FNDA:25,(anonymous_0)
FNDA:8,(anonymous_1)
FNDA:4,(anonymous_2)
FNDA:2,(anonymous_3)
FNDA:2,(anonymous_4)
FNDA:1,(anonymous_5)
FNDA:2,(anonymous_6)
FNDA:3,(anonymous_7)
FNDA:3,(anonymous_8)
FNDA:4,(anonymous_9)
FNDA:4,(anonymous_10)
FNDA:1,(anonymous_11)
FNDA:2,(anonymous_12)
FNDA:1,(anonymous_13)
FNDA:1,(anonymous_14)
DA:10,3
DA:12,25
DA:13,25
DA:14,25
DA:17,25
DA:18,8
DA:19,1
DA:20,1
DA:21,3
DA:22,1
DA:23,1
DA:24,1
DA:31,25
DA:37,4
DA:40,4
DA:41,1
DA:45,3
DA:46,3
DA:47,1
DA:48,1
DA:49,1
DA:52,2
DA:54,2
DA:56,2
DA:67,1
DA:76,1
DA:77,1
DA:79,1
DA:80,1
DA:87,25
DA:88,2
DA:89,2
DA:90,1
DA:96,25
DA:98,2
DA:99,2
DA:100,1
DA:101,1
DA:105,2
DA:106,2
DA:107,2
DA:109,2
DA:112,2
DA:114,2
DA:115,2
DA:122,2
DA:125,3
DA:126,2
DA:129,3
DA:138,25
DA:139,4
DA:140,1
DA:143,3
DA:144,1
DA:145,1
DA:146,1
DA:147,1
DA:148,1
DA:152,2
DA:153,2
DA:155,1
DA:161,25
DA:162,4
DA:163,1
DA:166,3
DA:168,3
DA:169,3
DA:170,2
DA:171,1
DA:174,1
DA:175,1
DA:177,1
DA:179,2
DA:180,2
DA:187,25
DA:188,1
DA:194,25
DA:195,2
DA:196,2
DA:197,1
DA:203,25
DA:204,1
DA:210,25
DA:211,1
DA:214,25
DA:229,3
LF:86
LH:86
BRDA:10,0,0,3
BRDA:12,1,0,25
BRDA:12,1,1,3
BRDA:13,2,0,25
BRDA:13,2,1,3
BRDA:14,3,0,25
BRDA:14,3,1,3
BRDA:18,4,0,1
BRDA:18,4,1,1
BRDA:18,4,2,3
BRDA:18,4,3,1
BRDA:18,4,4,1
BRDA:18,4,5,1
BRDA:40,5,0,1
BRDA:40,5,1,3
BRDA:40,6,0,4
BRDA:40,6,1,3
BRDA:46,7,0,1
BRDA:46,7,1,2
BRDA:79,8,0,1
BRDA:79,8,1,0
BRDA:89,9,0,1
BRDA:89,9,1,1
BRDA:100,10,0,1
BRDA:100,10,1,0
BRDA:107,11,0,2
BRDA:107,11,1,0
BRDA:109,12,0,1
BRDA:109,12,1,1
BRDA:109,13,0,2
BRDA:109,13,1,2
BRDA:110,14,0,1
BRDA:110,14,1,0
BRDA:112,15,0,1
BRDA:112,15,1,1
BRDA:131,16,0,3
BRDA:131,16,1,1
BRDA:139,17,0,1
BRDA:139,17,1,3
BRDA:143,18,0,1
BRDA:143,18,1,2
BRDA:145,19,0,1
BRDA:145,19,1,0
BRDA:153,20,0,1
BRDA:153,20,1,1
BRDA:162,21,0,1
BRDA:162,21,1,3
BRDA:170,22,0,1
BRDA:170,22,1,1
BRDA:179,23,0,2
BRDA:179,23,1,0
BRDA:187,24,0,1
BRDA:187,25,0,1
BRDA:196,26,0,1
BRDA:196,26,1,1
BRF:55
BRH:49
end_of_record
TN:
SF:src\services\InvitationService.js
FN:14,(anonymous_0)
FN:28,(anonymous_1)
FN:32,(anonymous_2)
FN:42,(anonymous_3)
FN:58,(anonymous_4)
FN:113,(anonymous_5)
FN:147,(anonymous_6)
FN:165,(anonymous_7)
FN:192,(anonymous_8)
FN:206,(anonymous_9)
FN:210,(anonymous_10)
FN:214,(anonymous_11)
FNF:12
FNH:12
FNDA:27,(anonymous_0)
FNDA:5,(anonymous_1)
FNDA:6,(anonymous_2)
FNDA:7,(anonymous_3)
FNDA:1,(anonymous_4)
FNDA:5,(anonymous_5)
FNDA:2,(anonymous_6)
FNDA:1,(anonymous_7)
FNDA:2,(anonymous_8)
FNDA:1,(anonymous_9)
FNDA:1,(anonymous_10)
FNDA:1,(anonymous_11)
DA:14,6
DA:15,27
DA:17,27
DA:18,27
DA:19,27
DA:20,27
DA:21,27
DA:22,27
DA:23,27
DA:24,27
DA:28,27
DA:29,5
DA:32,27
DA:33,6
DA:34,6
DA:36,2
DA:42,27
DA:43,7
DA:44,1
DA:47,6
DA:49,6
DA:50,2
DA:51,2
DA:52,1
DA:55,1
DA:56,1
DA:57,1
DA:58,1
DA:60,1
DA:61,1
DA:66,4
DA:68,4
DA:69,4
DA:70,4
DA:71,1
DA:74,4
DA:78,4
DA:79,4
DA:81,4
DA:86,3
DA:87,3
DA:89,3
DA:90,3
DA:92,3
DA:99,3
DA:100,3
DA:102,3
DA:108,1
DA:109,1
DA:113,27
DA:114,5
DA:115,5
DA:116,4
DA:118,3
DA:119,1
DA:120,1
DA:123,2
DA:124,2
DA:126,1
DA:127,1
DA:129,1
DA:130,1
DA:131,0
DA:134,1
DA:147,27
DA:148,2
DA:149,2
DA:150,2
DA:152,2
DA:153,0
DA:154,0
DA:157,2
DA:159,2
DA:161,2
DA:162,2
DA:163,1
DA:164,1
DA:165,1
DA:167,1
DA:168,1
DA:172,1
DA:178,1
DA:179,1
DA:181,1
DA:187,1
DA:188,1
DA:192,27
DA:193,2
DA:194,2
DA:195,2
DA:197,2
DA:198,2
DA:199,1
DA:202,1
DA:203,1
DA:206,27
DA:207,1
DA:210,27
DA:211,1
DA:214,27
DA:215,1
DA:218,27
DA:232,6
LF:103
LH:100
BRDA:14,0,0,6
BRDA:15,1,0,27
BRDA:15,1,1,6
BRDA:15,1,2,0
BRDA:17,2,0,27
BRDA:17,2,1,6
BRDA:18,3,0,27
BRDA:18,3,1,6
BRDA:19,4,0,27
BRDA:19,4,1,6
BRDA:20,5,0,27
BRDA:20,5,1,6
BRDA:21,6,0,27
BRDA:21,6,1,6
BRDA:22,7,0,27
BRDA:22,7,1,6
BRDA:23,8,0,27
BRDA:23,8,1,6
BRDA:24,9,0,27
BRDA:24,9,1,6
BRDA:43,10,0,1
BRDA:43,10,1,6
BRDA:43,11,0,7
BRDA:43,11,1,6
BRDA:43,11,2,6
BRDA:43,11,3,6
BRDA:49,12,0,2
BRDA:49,12,1,4
BRDA:51,13,0,1
BRDA:51,13,1,1
BRDA:55,14,0,1
BRDA:55,14,1,0
BRDA:58,15,0,1
BRDA:58,15,1,1
BRDA:60,16,0,1
BRDA:60,16,1,0
BRDA:87,17,0,1
BRDA:87,17,1,2
BRDA:89,18,0,3
BRDA:89,18,1,0
BRDA:108,19,0,1
BRDA:108,19,1,0
BRDA:115,20,0,1
BRDA:115,20,1,4
BRDA:116,21,0,1
BRDA:116,21,1,3
BRDA:118,22,0,1
BRDA:118,22,1,2
BRDA:124,23,0,1
BRDA:124,23,1,1
BRDA:130,24,0,0
BRDA:130,24,1,1
BRDA:139,25,0,1
BRDA:139,25,1,0
BRDA:149,26,0,0
BRDA:149,26,1,2
BRDA:150,27,0,0
BRDA:150,27,1,2
BRDA:152,28,0,0
BRDA:152,28,1,2
BRDA:157,29,0,0
BRDA:157,29,1,2
BRDA:162,30,0,1
BRDA:162,30,1,1
BRDA:165,31,0,1
BRDA:165,31,1,1
BRDA:167,32,0,1
BRDA:167,32,1,0
BRDA:187,33,0,1
BRDA:187,33,1,0
BRDA:194,34,0,0
BRDA:194,34,1,2
BRDA:195,35,0,0
BRDA:195,35,1,2
BRDA:198,36,0,1
BRDA:198,36,1,1
BRDA:198,37,0,2
BRDA:198,37,1,1
BRF:78
BRH:63
end_of_record
TN:
SF:src\services\MemberService.js
FN:9,(anonymous_0)
FN:17,(anonymous_1)
FN:30,(anonymous_2)
FN:60,(anonymous_3)
FN:91,(anonymous_4)
FN:117,(anonymous_5)
FN:154,(anonymous_6)
FN:167,(anonymous_7)
FN:174,(anonymous_8)
FN:195,(anonymous_9)
FN:202,(anonymous_10)
FNF:11
FNH:11
FNDA:29,(anonymous_0)
FNDA:2,(anonymous_1)
FNDA:4,(anonymous_2)
FNDA:4,(anonymous_3)
FNDA:4,(anonymous_4)
FNDA:4,(anonymous_5)
FNDA:2,(anonymous_6)
FNDA:1,(anonymous_7)
FNDA:3,(anonymous_8)
FNDA:1,(anonymous_9)
FNDA:1,(anonymous_10)
DA:9,3
DA:11,29
DA:12,29
DA:17,29
DA:19,2
DA:20,1
DA:23,1
DA:24,1
DA:30,29
DA:32,4
DA:33,1
DA:37,3
DA:38,1
DA:42,2
DA:43,2
DA:44,1
DA:48,1
DA:54,1
DA:60,29
DA:62,4
DA:63,1
DA:67,3
DA:69,3
DA:70,1
DA:74,2
DA:75,1
DA:79,1
DA:85,1
DA:91,29
DA:93,4
DA:94,1
DA:98,3
DA:100,3
DA:101,1
DA:105,2
DA:107,2
DA:108,1
DA:111,1
DA:117,29
DA:119,4
DA:120,1
DA:124,3
DA:125,3
DA:126,1
DA:129,2
DA:131,2
DA:134,2
DA:137,1
DA:140,1
DA:142,1
DA:144,1
DA:146,1
DA:147,1
DA:154,29
DA:156,2
DA:157,1
DA:160,1
DA:161,1
DA:167,29
DA:168,1
DA:174,29
DA:176,3
DA:177,1
DA:181,2
DA:182,3
DA:183,3
DA:184,1
DA:188,1
DA:189,1
DA:195,29
DA:196,1
DA:202,29
DA:203,1
DA:206,29
DA:221,3
LF:75
LH:75
BRDA:9,0,0,3
BRDA:11,1,0,29
BRDA:11,1,1,3
BRDA:12,2,0,29
BRDA:12,2,1,3
BRDA:17,3,0,2
BRDA:19,4,0,1
BRDA:19,4,1,1
BRDA:19,5,0,2
BRDA:19,5,1,2
BRDA:32,6,0,1
BRDA:32,6,1,3
BRDA:32,7,0,4
BRDA:32,7,1,3
BRDA:37,8,0,1
BRDA:37,8,1,2
BRDA:37,9,0,3
BRDA:37,9,1,3
BRDA:43,10,0,1
BRDA:43,10,1,1
BRDA:62,11,0,1
BRDA:62,11,1,3
BRDA:62,12,0,4
BRDA:62,12,1,4
BRDA:69,13,0,1
BRDA:69,13,1,2
BRDA:74,14,0,1
BRDA:74,14,1,1
BRDA:93,15,0,1
BRDA:93,15,1,3
BRDA:93,16,0,4
BRDA:93,16,1,4
BRDA:100,17,0,1
BRDA:100,17,1,2
BRDA:107,18,0,1
BRDA:107,18,1,1
BRDA:119,19,0,1
BRDA:119,19,1,3
BRDA:125,20,0,1
BRDA:125,20,1,2
BRDA:146,21,0,1
BRDA:146,21,1,0
BRDA:154,22,0,2
BRDA:156,23,0,1
BRDA:156,23,1,1
BRDA:156,24,0,2
BRDA:156,24,1,2
BRDA:176,25,0,1
BRDA:176,25,1,2
BRDA:183,26,0,1
BRDA:183,26,1,2
BRF:51
BRH:50
end_of_record
TN:
SF:src\utils\cookieUtils.js
FN:54,(anonymous_0)
FN:64,(anonymous_1)
FN:72,(anonymous_2)
FN:82,(anonymous_3)
FN:102,(anonymous_4)
FNF:5
FNH:5
FNDA:5,(anonymous_0)
FNDA:3,(anonymous_1)
FNDA:3,(anonymous_2)
FNDA:10,(anonymous_3)
FNDA:9,(anonymous_4)
DA:8,18
DA:17,18
DA:32,18
DA:43,18
DA:54,18
DA:55,5
DA:56,5
DA:64,18
DA:65,3
DA:72,18
DA:73,3
DA:74,3
DA:82,18
DA:84,10
DA:85,1
DA:89,9
DA:90,9
DA:91,4
DA:94,5
DA:102,18
DA:104,9
DA:105,1
DA:109,8
DA:110,2
DA:113,6
LF:25
LH:25
BRDA:20,0,0,2
BRDA:20,0,1,16
BRDA:35,1,0,2
BRDA:35,1,1,16
BRDA:84,2,0,1
BRDA:84,2,1,9
BRDA:84,3,0,10
BRDA:84,3,1,7
BRDA:90,4,0,4
BRDA:90,4,1,5
BRDA:90,5,0,9
BRDA:90,5,1,6
BRDA:104,6,0,1
BRDA:104,6,1,8
BRDA:104,7,0,9
BRDA:104,7,1,6
BRDA:109,8,0,2
BRDA:109,8,1,6
BRDA:109,9,0,8
BRDA:109,9,1,6
BRF:20
BRH:20
end_of_record
TN:
SF:src\utils\logger.js
FN:33,(anonymous_0)
FN:89,(anonymous_1)
FN:102,(anonymous_2)
FN:115,(anonymous_3)
FN:128,(anonymous_4)
FN:141,(anonymous_5)
FN:154,(anonymous_6)
FN:167,(anonymous_7)
FN:180,(anonymous_8)
FN:192,(anonymous_9)
FN:204,(anonymous_10)
FN:217,(anonymous_11)
FN:231,(anonymous_12)
FNF:13
FNH:13
FNDA:4,(anonymous_0)
FNDA:7,(anonymous_1)
FNDA:8,(anonymous_2)
FNDA:2,(anonymous_3)
FNDA:2,(anonymous_4)
FNDA:2,(anonymous_5)
FNDA:2,(anonymous_6)
FNDA:3,(anonymous_7)
FNDA:2,(anonymous_8)
FNDA:3,(anonymous_9)
FNDA:4,(anonymous_10)
FNDA:5,(anonymous_11)
FNDA:6,(anonymous_12)
DA:6,14
DA:7,14
DA:10,14
DA:19,14
DA:27,14
DA:30,14
DA:34,4
DA:35,4
DA:36,4
DA:37,2
DA:39,4
DA:44,14
DA:50,14
DA:78,14
DA:85,14
DA:90,7
DA:103,8
DA:116,2
DA:129,2
DA:142,2
DA:155,2
DA:168,3
DA:181,2
DA:193,3
DA:205,4
DA:218,5
DA:232,6
LF:27
LH:27
BRDA:36,0,0,2
BRDA:36,0,1,2
BRDA:79,1,0,1
BRDA:79,1,1,13
BRDA:204,2,0,1
BRF:5
BRH:5
end_of_record
TN:
SF:src\utils\mailer.js
FN:16,(anonymous_0)
FNF:1
FNH:1
FNDA:31,(anonymous_0)
DA:4,39
DA:6,39
DA:16,39
DA:17,31
DA:18,31
DA:21,31
DA:22,10
DA:23,10
DA:24,10
DA:25,10
DA:26,10
DA:27,10
DA:30,21
DA:31,21
DA:38,14
DA:40,7
DA:41,7
LF:17
LH:17
BRDA:17,0,0,23
BRDA:17,0,1,8
BRDA:18,1,0,22
BRDA:18,1,1,9
BRDA:21,2,0,10
BRDA:21,2,1,21
BRDA:21,3,0,31
BRDA:21,3,1,23
BRF:8
BRH:8
end_of_record
TN:
SF:src\utils\token.js
FN:4,(anonymous_0)
FN:16,(anonymous_1)
FN:27,(anonymous_2)
FN:38,(anonymous_3)
FNF:4
FNH:4
FNDA:14,(anonymous_0)
FNDA:19,(anonymous_1)
FNDA:16,(anonymous_2)
FNDA:13,(anonymous_3)
DA:4,11
DA:5,14
DA:6,14
DA:7,1
DA:9,13
DA:11,12
DA:12,12
DA:16,11
DA:17,19
DA:18,1
DA:20,18
DA:27,11
DA:28,16
DA:29,1
DA:31,15
DA:38,11
DA:39,13
DA:40,13
DA:41,1
DA:43,12
DA:45,11
DA:46,11
LF:22
LH:22
BRDA:6,0,0,1
BRDA:6,0,1,13
BRDA:17,1,0,1
BRDA:17,1,1,18
BRDA:23,2,0,18
BRDA:23,2,1,1
BRDA:28,3,0,1
BRDA:28,3,1,15
BRDA:34,4,0,15
BRDA:34,4,1,1
BRDA:40,5,0,1
BRDA:40,5,1,12
BRF:12
BRH:12
end_of_record
