TN:
SF:src\config\auth.js
FNF:0
FNH:0
DA:2,18
DA:7,18
DA:24,18
DA:25,3
DA:26,3
LF:5
LH:5
BRDA:10,0,0,18
BRDA:10,0,1,17
BRDA:12,1,0,18
BRDA:12,1,1,3
BRDA:16,2,0,18
BRDA:16,2,1,2
BRDA:24,3,0,3
BRDA:24,3,1,15
BRDA:24,4,0,18
BRDA:24,4,1,16
BRF:10
BRH:10
end_of_record
TN:
SF:src\config\database.js
FNF:0
FNH:0
DA:2,33
LF:1
LH:1
BRDA:10,0,0,33
BRDA:10,0,1,17
BRDA:20,1,0,10
BRDA:20,1,1,23
BRDA:31,2,0,33
BRDA:31,2,1,17
BRDA:52,3,0,33
BRDA:52,3,1,17
BRF:8
BRH:8
end_of_record
TN:
SF:src\constants\AuditActions.js
FNF:0
FNH:0
DA:3,0
LF:1
LH:0
BRF:0
BRH:0
end_of_record
TN:
SF:src\controllers\AuditLogController.js
FN:9,(anonymous_0)
FN:14,(anonymous_1)
FN:33,(anonymous_2)
FN:65,(anonymous_3)
FN:98,(anonymous_4)
FN:121,(anonymous_5)
FN:144,(anonymous_6)
FN:176,(anonymous_7)
FN:199,(anonymous_8)
FN:221,(anonymous_9)
FN:250,(anonymous_10)
FN:272,(anonymous_11)
FN:283,(anonymous_12)
FN:312,(anonymous_13)
FNF:14
FNH:14
FNDA:35,(anonymous_0)
FNDA:4,(anonymous_1)
FNDA:52,(anonymous_2)
FNDA:4,(anonymous_3)
FNDA:3,(anonymous_4)
FNDA:3,(anonymous_5)
FNDA:3,(anonymous_6)
FNDA:3,(anonymous_7)
FNDA:3,(anonymous_8)
FNDA:3,(anonymous_9)
FNDA:2,(anonymous_10)
FNDA:3,(anonymous_11)
FNDA:15,(anonymous_12)
FNDA:3,(anonymous_13)
DA:9,1
DA:14,35
DA:15,4
DA:16,4
DA:33,4
DA:34,52
DA:35,38
DA:39,4
DA:46,4
DA:48,3
DA:53,1
DA:54,1
DA:65,35
DA:66,4
DA:67,4
DA:68,4
DA:71,4
DA:72,1
DA:78,3
DA:80,2
DA:86,1
DA:87,1
DA:98,35
DA:99,3
DA:100,3
DA:101,3
DA:103,2
DA:109,1
DA:110,1
DA:121,35
DA:122,3
DA:123,3
DA:124,3
DA:126,2
DA:132,1
DA:133,1
DA:144,35
DA:145,3
DA:146,3
DA:150,3
DA:154,3
DA:156,3
DA:158,2
DA:164,1
DA:165,1
DA:176,35
DA:177,3
DA:178,3
DA:179,3
DA:181,2
DA:187,1
DA:188,1
DA:199,35
DA:200,3
DA:201,3
DA:202,3
DA:204,2
DA:209,1
DA:210,1
DA:221,35
DA:222,3
DA:223,3
DA:227,3
DA:231,3
DA:233,2
DA:238,1
DA:239,1
DA:250,35
DA:251,2
DA:252,2
DA:253,2
DA:255,1
DA:260,1
DA:261,1
DA:272,35
DA:273,3
DA:274,3
DA:283,3
DA:284,15
DA:287,3
DA:290,2
DA:291,2
DA:293,2
DA:300,1
DA:301,1
DA:312,35
DA:313,3
DA:314,3
DA:316,3
DA:318,2
DA:324,1
DA:325,1
DA:332,35
DA:348,1
DA:350,1
DA:351,1
DA:352,1
DA:353,1
DA:354,1
DA:355,1
DA:356,1
DA:357,1
DA:358,1
DA:359,1
DA:360,1
LF:105
LH:105
BRDA:9,0,0,1
BRDA:27,1,0,1
BRDA:27,1,1,3
BRDA:28,2,0,1
BRDA:28,2,1,3
BRDA:34,3,0,38
BRDA:34,3,1,14
BRDA:34,4,0,52
BRDA:34,4,1,46
BRDA:40,5,0,4
BRDA:40,5,1,3
BRDA:41,6,0,4
BRDA:41,6,1,3
BRDA:42,7,0,4
BRDA:42,7,1,3
BRDA:43,8,0,4
BRDA:43,8,1,3
BRDA:68,9,0,4
BRDA:68,9,1,3
BRDA:71,10,0,1
BRDA:71,10,1,3
BRDA:71,11,0,4
BRDA:71,11,1,2
BRDA:100,12,0,3
BRDA:100,12,1,2
BRDA:123,13,0,3
BRDA:123,13,1,2
BRDA:146,14,0,1
BRDA:146,14,1,2
BRDA:150,15,0,1
BRDA:150,15,1,2
BRDA:154,16,0,3
BRDA:154,16,1,2
BRDA:178,17,0,3
BRDA:178,17,1,2
BRDA:201,18,0,3
BRDA:201,18,1,2
BRDA:223,19,0,1
BRDA:223,19,1,2
BRDA:227,20,0,1
BRDA:227,20,1,2
BRDA:275,21,0,1
BRDA:275,21,1,2
BRDA:276,22,0,1
BRDA:276,22,1,2
BRDA:284,23,0,9
BRDA:284,23,1,6
BRDA:314,24,0,3
BRDA:314,24,1,2
BRF:49
BRH:49
end_of_record
TN:
SF:src\controllers\AuthController.js
FN:21,(anonymous_0)
FN:28,(anonymous_1)
FN:66,(anonymous_2)
FN:114,(anonymous_3)
FN:154,(anonymous_4)
FN:172,(anonymous_5)
FN:199,(anonymous_6)
FN:219,(anonymous_7)
FN:247,(anonymous_8)
FN:280,(anonymous_9)
FN:306,(anonymous_10)
FN:322,(anonymous_11)
FN:337,(anonymous_12)
FN:376,(anonymous_13)
FN:401,(anonymous_14)
FNF:15
FNH:15
FNDA:51,(anonymous_0)
FNDA:6,(anonymous_1)
FNDA:4,(anonymous_2)
FNDA:6,(anonymous_3)
FNDA:3,(anonymous_4)
FNDA:3,(anonymous_5)
FNDA:2,(anonymous_6)
FNDA:3,(anonymous_7)
FNDA:5,(anonymous_8)
FNDA:4,(anonymous_9)
FNDA:4,(anonymous_10)
FNDA:3,(anonymous_11)
FNDA:6,(anonymous_12)
FNDA:2,(anonymous_13)
FNDA:2,(anonymous_14)
DA:21,1
DA:22,51
DA:23,51
DA:24,51
DA:25,51
DA:28,51
DA:29,6
DA:30,6
DA:32,3
DA:33,3
DA:40,3
DA:46,3
DA:48,3
DA:49,3
DA:50,2
DA:58,3
DA:66,51
DA:67,4
DA:68,4
DA:69,4
DA:71,2
DA:72,2
DA:74,2
DA:80,2
DA:83,2
DA:85,2
DA:93,2
DA:95,2
DA:96,2
DA:98,2
DA:104,2
DA:106,2
DA:114,51
DA:115,6
DA:117,6
DA:119,6
DA:120,3
DA:126,3
DA:129,2
DA:132,2
DA:133,1
DA:136,2
DA:141,1
DA:144,1
DA:146,1
DA:154,51
DA:155,3
DA:156,3
DA:158,1
DA:163,2
DA:164,2
DA:172,51
DA:173,3
DA:174,3
DA:175,3
DA:177,2
DA:178,2
DA:185,2
DA:190,1
DA:191,1
DA:199,51
DA:200,2
DA:201,2
DA:202,2
DA:204,1
DA:209,1
DA:210,1
DA:219,51
DA:220,3
DA:221,3
DA:222,3
DA:224,2
DA:226,2
DA:233,2
DA:238,1
DA:239,1
DA:247,51
DA:248,5
DA:249,5
DA:250,5
DA:256,1
DA:262,4
DA:264,4
DA:272,4
DA:280,51
DA:281,4
DA:282,4
DA:283,4
DA:285,1
DA:290,3
DA:292,3
DA:298,3
DA:306,51
DA:307,4
DA:308,4
DA:313,1
DA:319,3
DA:321,3
DA:322,3
DA:323,2
DA:329,1
DA:337,51
DA:338,6
DA:340,6
DA:342,6
DA:343,4
DA:346,5
DA:347,5
DA:348,3
DA:356,5
DA:358,5
DA:363,1
DA:366,1
DA:368,1
DA:376,51
DA:377,2
DA:378,2
DA:381,1
DA:383,1
DA:388,1
DA:391,1
DA:393,1
DA:401,51
DA:402,2
DA:403,2
DA:404,2
DA:407,1
DA:409,1
DA:411,1
DA:413,1
DA:414,1
DA:415,1
DA:419,51
DA:437,1
DA:439,1
DA:440,1
DA:441,1
DA:442,1
DA:443,1
DA:444,1
DA:445,1
DA:446,1
DA:447,1
DA:448,1
DA:449,1
DA:450,1
DA:451,1
LF:147
LH:147
BRDA:21,0,0,1
BRDA:22,1,0,51
BRDA:22,1,1,1
BRDA:23,2,0,51
BRDA:23,2,1,1
BRDA:24,3,0,51
BRDA:24,3,1,1
BRDA:25,4,0,51
BRDA:25,4,1,1
BRDA:32,5,0,3
BRDA:32,5,1,1
BRDA:36,6,0,3
BRDA:36,6,1,2
BRDA:37,7,0,3
BRDA:37,7,1,2
BRDA:48,8,0,3
BRDA:48,8,1,0
BRDA:49,9,0,2
BRDA:49,9,1,1
BRDA:52,10,0,2
BRDA:52,10,1,1
BRDA:53,11,0,2
BRDA:53,11,1,1
BRDA:58,12,0,2
BRDA:58,12,1,1
BRDA:71,13,0,2
BRDA:71,13,1,0
BRDA:72,14,0,2
BRDA:72,14,1,1
BRDA:78,15,0,2
BRDA:78,15,1,1
BRDA:95,16,0,2
BRDA:95,16,1,0
BRDA:96,17,0,2
BRDA:96,17,1,1
BRDA:101,18,0,2
BRDA:101,18,1,1
BRDA:119,19,0,3
BRDA:119,19,1,3
BRDA:132,20,0,1
BRDA:132,20,1,1
BRDA:164,21,0,1
BRDA:164,21,1,1
BRDA:177,22,0,2
BRDA:177,22,1,0
BRDA:180,23,0,2
BRDA:180,23,1,1
BRDA:181,24,0,2
BRDA:181,24,1,1
BRDA:224,25,0,2
BRDA:224,25,1,0
BRDA:229,26,0,2
BRDA:229,26,1,1
BRDA:230,27,0,2
BRDA:230,27,1,1
BRDA:264,28,0,1
BRDA:264,28,1,3
BRDA:266,29,0,1
BRDA:266,29,1,2
BRDA:268,30,0,1
BRDA:268,30,1,1
BRDA:292,31,0,1
BRDA:292,31,1,2
BRDA:294,32,0,1
BRDA:294,32,1,1
BRDA:321,33,0,2
BRDA:321,33,1,1
BRDA:342,34,0,4
BRDA:342,34,1,2
BRDA:346,35,0,5
BRDA:346,35,1,0
BRDA:347,36,0,3
BRDA:347,36,1,2
BRDA:350,37,0,3
BRDA:350,37,1,1
BRDA:351,38,0,3
BRDA:351,38,1,1
BRDA:409,39,0,1
BRDA:409,39,1,0
BRDA:414,40,0,1
BRDA:414,40,1,0
BRF:81
BRH:73
end_of_record
TN:
SF:src\controllers\CompanyController.js
FN:9,(anonymous_0)
FN:11,(anonymous_1)
FN:47,(anonymous_2)
FN:69,(anonymous_3)
FN:97,(anonymous_4)
FN:139,(anonymous_5)
FNF:6
FNH:6
FNDA:26,(anonymous_0)
FNDA:8,(anonymous_1)
FNDA:3,(anonymous_2)
FNDA:5,(anonymous_3)
FNDA:5,(anonymous_4)
FNDA:4,(anonymous_5)
DA:9,1
DA:11,26
DA:12,8
DA:13,8
DA:15,8
DA:16,3
DA:22,5
DA:24,1
DA:30,4
DA:32,4
DA:33,1
DA:39,3
DA:47,26
DA:48,3
DA:49,3
DA:50,3
DA:52,1
DA:57,2
DA:59,2
DA:61,2
DA:69,26
DA:70,5
DA:71,5
DA:73,5
DA:74,3
DA:80,2
DA:82,1
DA:87,1
DA:89,1
DA:97,26
DA:98,5
DA:99,5
DA:100,5
DA:101,5
DA:103,5
DA:110,1
DA:116,4
DA:118,4
DA:119,1
DA:125,3
DA:131,3
DA:139,26
DA:140,4
DA:141,4
DA:142,4
DA:143,4
DA:145,4
DA:147,1
DA:152,3
DA:154,3
DA:160,3
DA:167,26
DA:171,1
DA:174,1
LF:54
LH:54
BRDA:9,0,0,1
BRDA:15,1,0,3
BRDA:15,1,1,5
BRDA:32,2,0,1
BRDA:32,2,1,3
BRDA:41,3,0,3
BRDA:41,3,1,2
BRDA:59,4,0,1
BRDA:59,4,1,1
BRDA:73,5,0,3
BRDA:73,5,1,2
BRDA:118,6,0,1
BRDA:118,6,1,3
BRDA:125,7,0,1
BRDA:125,7,1,2
BRDA:127,8,0,1
BRDA:127,8,1,1
BRDA:154,9,0,1
BRDA:154,9,1,2
BRDA:156,10,0,1
BRDA:156,10,1,1
BRF:21
BRH:21
end_of_record
TN:
SF:src\controllers\InvitationController.js
FN:9,(anonymous_0)
FN:13,(anonymous_1)
FN:45,(anonymous_2)
FN:70,(anonymous_3)
FN:98,(anonymous_4)
FN:118,(anonymous_5)
FN:145,(anonymous_6)
FNF:7
FNH:7
FNDA:28,(anonymous_0)
FNDA:5,(anonymous_1)
FNDA:5,(anonymous_2)
FNDA:6,(anonymous_3)
FNDA:3,(anonymous_4)
FNDA:5,(anonymous_5)
FNDA:3,(anonymous_6)
DA:9,1
DA:13,28
DA:14,5
DA:15,5
DA:16,5
DA:18,5
DA:25,1
DA:27,4
DA:29,4
DA:35,4
DA:45,28
DA:46,5
DA:47,5
DA:49,5
DA:51,1
DA:53,4
DA:55,4
DA:60,4
DA:70,28
DA:71,6
DA:72,6
DA:73,6
DA:75,6
DA:77,1
DA:79,5
DA:81,5
DA:88,5
DA:98,28
DA:99,3
DA:100,3
DA:101,3
DA:103,3
DA:105,1
DA:107,2
DA:108,2
DA:118,28
DA:119,5
DA:120,5
DA:122,5
DA:128,1
DA:130,4
DA:132,4
DA:138,4
DA:145,28
DA:146,3
DA:147,3
DA:149,3
DA:151,1
DA:156,2
DA:157,2
DA:164,28
DA:175,1
DA:185,1
LF:53
LH:53
BRDA:9,0,0,1
BRDA:29,1,0,1
BRDA:29,1,1,3
BRDA:31,2,0,1
BRDA:31,2,1,2
BRDA:37,3,0,4
BRDA:37,3,1,1
BRDA:55,4,0,2
BRDA:55,4,1,2
BRDA:55,5,0,4
BRDA:55,5,1,3
BRDA:62,6,0,4
BRDA:62,6,1,1
BRDA:81,7,0,2
BRDA:81,7,1,3
BRDA:81,8,0,5
BRDA:81,8,1,4
BRDA:84,9,0,1
BRDA:84,9,1,2
BRDA:90,10,0,5
BRDA:90,10,1,1
BRDA:110,11,0,2
BRDA:110,11,1,1
BRDA:132,12,0,1
BRDA:132,12,1,3
BRDA:134,13,0,1
BRDA:134,13,1,2
BRDA:140,14,0,4
BRDA:140,14,1,1
BRDA:159,15,0,2
BRDA:159,15,1,1
BRF:31
BRH:31
end_of_record
TN:
SF:src\controllers\MemberController.js
FN:9,(anonymous_0)
FN:13,(anonymous_1)
FN:46,(anonymous_2)
FN:85,(anonymous_3)
FN:123,(anonymous_4)
FN:158,(anonymous_5)
FNF:6
FNH:6
FNDA:28,(anonymous_0)
FNDA:6,(anonymous_1)
FNDA:6,(anonymous_2)
FNDA:5,(anonymous_3)
FNDA:5,(anonymous_4)
FNDA:5,(anonymous_5)
DA:9,1
DA:13,28
DA:14,6
DA:15,6
DA:17,6
DA:18,2
DA:24,4
DA:25,4
DA:27,2
DA:32,2
DA:34,2
DA:36,2
DA:46,28
DA:47,6
DA:48,6
DA:49,6
DA:51,6
DA:59,2
DA:65,4
DA:67,4
DA:75,4
DA:85,28
DA:86,5
DA:87,5
DA:88,5
DA:89,5
DA:91,5
DA:99,2
DA:105,3
DA:107,3
DA:113,3
DA:123,28
DA:124,5
DA:125,5
DA:126,5
DA:128,5
DA:135,2
DA:140,3
DA:142,3
DA:148,3
DA:158,28
DA:159,5
DA:160,5
DA:161,5
DA:163,5
DA:170,2
DA:175,3
DA:177,3
DA:182,3
DA:189,28
DA:199,1
DA:201,1
LF:52
LH:52
BRDA:9,0,0,1
BRDA:15,1,0,6
BRDA:15,1,1,3
BRDA:17,2,0,2
BRDA:17,2,1,4
BRDA:34,3,0,1
BRDA:34,3,1,1
BRDA:48,4,0,6
BRDA:48,4,1,1
BRDA:67,5,0,1
BRDA:67,5,1,3
BRDA:69,6,0,1
BRDA:69,6,1,2
BRDA:71,7,0,1
BRDA:71,7,1,1
BRDA:87,8,0,5
BRDA:87,8,1,1
BRDA:107,9,0,1
BRDA:107,9,1,2
BRDA:109,10,0,1
BRDA:109,10,1,1
BRDA:125,11,0,5
BRDA:125,11,1,1
BRDA:142,12,0,1
BRDA:142,12,1,2
BRDA:144,13,0,1
BRDA:144,13,1,1
BRDA:160,14,0,5
BRDA:160,14,1,1
BRDA:177,15,0,2
BRDA:177,15,1,1
BRDA:177,16,0,3
BRDA:177,16,1,2
BRF:33
BRH:33
end_of_record
TN:
SF:src\controllers\TokenController.js
FN:11,(anonymous_0)
FN:15,(anonymous_1)
FNF:2
FNH:2
FNDA:6,(anonymous_0)
FNDA:5,(anonymous_1)
DA:11,1
DA:12,6
DA:13,6
DA:15,6
DA:16,5
DA:17,5
DA:19,5
DA:21,4
DA:22,2
DA:28,2
DA:30,1
DA:35,2
DA:36,2
DA:43,6
DA:49,1
DA:51,1
LF:16
LH:16
BRDA:11,0,0,1
BRDA:12,1,0,6
BRDA:12,1,1,1
BRDA:13,2,0,6
BRDA:13,2,1,1
BRDA:21,3,0,2
BRDA:21,3,1,2
BRF:7
BRH:7
end_of_record
TN:
SF:src\middleware\auditLogMiddleware.js
FN:8,(anonymous_0)
FN:9,(anonymous_1)
FN:18,(anonymous_2)
FN:102,(anonymous_3)
FN:122,(anonymous_4)
FN:123,(anonymous_5)
FN:142,(anonymous_6)
FN:147,(anonymous_7)
FN:203,inferTargetTable
FN:218,determineSeverity
FN:228,determineCategory
FN:244,(anonymous_11)
FN:253,(anonymous_12)
FN:263,(anonymous_13)
FNF:14
FNH:0
FNDA:0,(anonymous_0)
FNDA:0,(anonymous_1)
FNDA:0,(anonymous_2)
FNDA:0,(anonymous_3)
FNDA:0,(anonymous_4)
FNDA:0,(anonymous_5)
FNDA:0,(anonymous_6)
FNDA:0,(anonymous_7)
FNDA:0,inferTargetTable
FNDA:0,determineSeverity
FNDA:0,determineCategory
FNDA:0,(anonymous_11)
FNDA:0,(anonymous_12)
FNDA:0,(anonymous_13)
DA:8,0
DA:9,0
DA:10,0
DA:11,0
DA:12,0
DA:15,0
DA:18,0
DA:19,0
DA:20,0
DA:23,0
DA:28,0
DA:30,0
DA:31,0
DA:32,0
DA:39,0
DA:48,0
DA:51,0
DA:102,0
DA:103,0
DA:104,0
DA:106,0
DA:112,0
DA:115,0
DA:122,0
DA:123,0
DA:124,0
DA:125,0
DA:128,0
DA:129,0
DA:130,0
DA:131,0
DA:132,0
DA:135,0
DA:140,0
DA:142,0
DA:143,0
DA:146,0
DA:147,0
DA:148,0
DA:149,0
DA:152,0
DA:153,0
DA:154,0
DA:160,0
DA:161,0
DA:162,0
DA:163,0
DA:164,0
DA:168,0
DA:184,0
DA:189,0
DA:192,0
DA:194,0
DA:195,0
DA:204,0
DA:212,0
DA:219,0
DA:220,0
DA:221,0
DA:222,0
DA:229,0
DA:230,0
DA:232,0
DA:233,0
DA:235,0
DA:236,0
DA:238,0
DA:244,0
DA:245,0
DA:246,0
DA:247,0
DA:253,0
DA:255,0
DA:260,0
DA:263,0
DA:264,0
DA:278,0
LF:77
LH:0
BRDA:8,0,0,0
BRDA:8,1,0,0
BRDA:11,2,0,0
BRDA:11,2,1,0
BRDA:23,3,0,0
BRDA:23,3,1,0
BRDA:23,3,2,0
BRDA:23,3,3,0
BRDA:28,4,0,0
BRDA:28,4,1,0
BRDA:32,5,0,0
BRDA:32,5,1,0
BRDA:39,6,0,0
BRDA:39,6,1,0
BRDA:39,6,2,0
BRDA:39,6,3,0
BRDA:39,6,4,0
BRDA:39,6,5,0
BRDA:39,6,6,0
BRDA:48,7,0,0
BRDA:48,7,1,0
BRDA:53,8,0,0
BRDA:53,8,1,0
BRDA:53,8,2,0
BRDA:53,8,3,0
BRDA:54,9,0,0
BRDA:54,9,1,0
BRDA:54,9,2,0
BRDA:54,9,3,0
BRDA:55,10,0,0
BRDA:55,10,1,0
BRDA:55,10,2,0
BRDA:55,10,3,0
BRDA:55,11,0,0
BRDA:55,11,1,0
BRDA:59,12,0,0
BRDA:59,12,1,0
BRDA:67,13,0,0
BRDA:67,13,1,0
BRDA:68,14,0,0
BRDA:68,14,1,0
BRDA:69,15,0,0
BRDA:69,15,1,0
BRDA:71,16,0,0
BRDA:71,16,1,0
BRDA:71,17,0,0
BRDA:71,17,1,0
BRDA:72,18,0,0
BRDA:72,18,1,0
BRDA:72,19,0,0
BRDA:72,19,1,0
BRDA:73,20,0,0
BRDA:73,20,1,0
BRDA:73,21,0,0
BRDA:73,21,1,0
BRDA:77,22,0,0
BRDA:77,22,1,0
BRDA:78,23,0,0
BRDA:78,23,1,0
BRDA:78,24,0,0
BRDA:78,24,1,0
BRDA:84,25,0,0
BRDA:84,25,1,0
BRDA:85,26,0,0
BRDA:85,26,1,0
BRDA:90,27,0,0
BRDA:90,27,1,0
BRDA:91,28,0,0
BRDA:91,28,1,0
BRDA:96,29,0,0
BRDA:96,29,1,0
BRDA:97,30,0,0
BRDA:97,30,1,0
BRDA:122,31,0,0
BRDA:125,32,0,0
BRDA:125,32,1,0
BRDA:125,32,2,0
BRDA:128,33,0,0
BRDA:128,33,1,0
BRDA:128,34,0,0
BRDA:128,34,1,0
BRDA:128,34,2,0
BRDA:128,34,3,0
BRDA:128,34,4,0
BRDA:131,35,0,0
BRDA:131,35,1,0
BRDA:132,36,0,0
BRDA:132,36,1,0
BRDA:146,37,0,0
BRDA:146,37,1,0
BRDA:146,38,0,0
BRDA:146,38,1,0
BRDA:153,39,0,0
BRDA:153,39,1,0
BRDA:154,40,0,0
BRDA:154,40,1,0
BRDA:154,40,2,0
BRDA:154,40,3,0
BRDA:161,41,0,0
BRDA:161,41,1,0
BRDA:162,42,0,0
BRDA:162,42,1,0
BRDA:163,43,0,0
BRDA:163,43,1,0
BRDA:163,44,0,0
BRDA:163,44,1,0
BRDA:164,45,0,0
BRDA:164,45,1,0
BRDA:172,46,0,0
BRDA:172,46,1,0
BRDA:173,47,0,0
BRDA:173,47,1,0
BRDA:177,48,0,0
BRDA:177,48,1,0
BRDA:178,49,0,0
BRDA:178,49,1,0
BRDA:203,50,0,0
BRDA:212,51,0,0
BRDA:212,51,1,0
BRDA:219,52,0,0
BRDA:219,52,1,0
BRDA:220,53,0,0
BRDA:220,53,1,0
BRDA:221,54,0,0
BRDA:221,54,1,0
BRDA:221,55,0,0
BRDA:221,55,1,0
BRDA:229,56,0,0
BRDA:229,56,1,0
BRDA:229,57,0,0
BRDA:229,57,1,0
BRDA:229,57,2,0
BRDA:232,58,0,0
BRDA:232,58,1,0
BRDA:232,59,0,0
BRDA:232,59,1,0
BRDA:235,60,0,0
BRDA:235,60,1,0
BRDA:235,61,0,0
BRDA:235,61,1,0
BRDA:245,62,0,0
BRDA:245,62,1,0
BRDA:256,63,0,0
BRDA:256,63,1,0
BRDA:256,63,2,0
BRDA:256,63,3,0
BRDA:266,64,0,0
BRDA:266,64,1,0
BRDA:266,64,2,0
BRDA:266,64,3,0
BRDA:266,64,4,0
BRDA:272,65,0,0
BRDA:272,65,1,0
BRDA:274,66,0,0
BRDA:274,66,1,0
BRDA:275,67,0,0
BRDA:275,67,1,0
BRF:157
BRH:0
end_of_record
TN:
SF:src\middleware\authMiddleware.js
FN:10,(anonymous_0)
FN:86,(anonymous_1)
FN:87,(anonymous_2)
FN:129,(anonymous_3)
FN:132,(anonymous_4)
FNF:5
FNH:0
FNDA:0,(anonymous_0)
FNDA:0,(anonymous_1)
FNDA:0,(anonymous_2)
FNDA:0,(anonymous_3)
FNDA:0,(anonymous_4)
DA:10,0
DA:12,0
DA:14,0
DA:15,0
DA:16,0
DA:22,0
DA:23,0
DA:25,0
DA:26,0
DA:27,0
DA:33,0
DA:53,0
DA:54,0
DA:55,0
DA:61,0
DA:62,0
DA:63,0
DA:69,0
DA:70,0
DA:72,0
DA:73,0
DA:86,0
DA:87,0
DA:88,0
DA:89,0
DA:90,0
DA:91,0
DA:94,0
DA:101,0
DA:102,0
DA:103,0
DA:106,0
DA:108,0
DA:109,0
DA:113,0
DA:116,0
DA:117,0
DA:119,0
DA:120,0
DA:129,0
DA:130,0
DA:132,0
DA:133,0
DA:134,0
DA:137,0
DA:138,0
DA:142,0
DA:145,0
DA:146,0
LF:49
LH:0
BRDA:14,0,0,0
BRDA:14,0,1,0
BRDA:25,1,0,0
BRDA:25,1,1,0
BRDA:53,2,0,0
BRDA:53,2,1,0
BRDA:61,3,0,0
BRDA:61,3,1,0
BRDA:76,4,0,0
BRDA:76,4,1,0
BRDA:86,5,0,0
BRDA:89,6,0,0
BRDA:89,6,1,0
BRDA:90,7,0,0
BRDA:90,7,1,0
BRDA:101,8,0,0
BRDA:101,8,1,0
BRDA:108,9,0,0
BRDA:108,9,1,0
BRDA:129,10,0,0
BRDA:130,11,0,0
BRDA:130,11,1,0
BRDA:133,12,0,0
BRDA:133,12,1,0
BRDA:137,13,0,0
BRDA:137,13,1,0
BRF:26
BRH:0
end_of_record
TN:
SF:src\middleware\companyMiddleware.js
FN:6,(anonymous_0)
FN:11,(anonymous_1)
FN:112,(anonymous_2)
FN:154,(anonymous_3)
FN:155,(anonymous_4)
FN:188,(anonymous_5)
FNF:6
FNH:0
FNDA:0,(anonymous_0)
FNDA:0,(anonymous_1)
FNDA:0,(anonymous_2)
FNDA:0,(anonymous_3)
FNDA:0,(anonymous_4)
FNDA:0,(anonymous_5)
DA:6,0
DA:7,0
DA:8,0
DA:11,0
DA:12,0
DA:14,0
DA:19,0
DA:20,0
DA:26,0
DA:32,0
DA:33,0
DA:39,0
DA:45,0
DA:46,0
DA:47,0
DA:54,0
DA:56,0
DA:57,0
DA:62,0
DA:69,0
DA:76,0
DA:77,0
DA:82,0
DA:88,0
DA:89,0
DA:90,0
DA:92,0
DA:94,0
DA:96,0
DA:102,0
DA:112,0
DA:113,0
DA:114,0
DA:115,0
DA:117,0
DA:118,0
DA:124,0
DA:126,0
DA:127,0
DA:133,0
DA:139,0
DA:141,0
DA:143,0
DA:154,0
DA:155,0
DA:156,0
DA:157,0
DA:158,0
DA:160,0
DA:161,0
DA:167,0
DA:168,0
DA:175,0
DA:181,0
DA:188,0
DA:189,0
DA:190,0
DA:191,0
DA:193,0
DA:195,0
DA:197,0
DA:198,0
DA:204,0
DA:206,0
DA:208,0
LF:65
LH:0
BRDA:7,0,0,0
BRDA:7,0,1,0
BRDA:7,1,0,0
BRDA:7,1,1,0
BRDA:14,2,0,0
BRDA:14,2,1,0
BRDA:14,2,2,0
BRDA:14,2,3,0
BRDA:19,3,0,0
BRDA:19,3,1,0
BRDA:32,4,0,0
BRDA:32,4,1,0
BRDA:46,5,0,0
BRDA:46,5,1,0
BRDA:56,6,0,0
BRDA:56,6,1,0
BRDA:76,7,0,0
BRDA:76,7,1,0
BRDA:117,8,0,0
BRDA:117,8,1,0
BRDA:126,9,0,0
BRDA:126,9,1,0
BRDA:126,10,0,0
BRDA:126,10,1,0
BRDA:154,11,0,0
BRDA:160,12,0,0
BRDA:160,12,1,0
BRDA:167,13,0,0
BRDA:167,13,1,0
BRDA:190,14,0,0
BRDA:190,14,1,0
BRDA:193,15,0,0
BRDA:193,15,1,0
BRDA:193,16,0,0
BRDA:193,16,1,0
BRDA:197,17,0,0
BRDA:197,17,1,0
BRDA:197,18,0,0
BRDA:197,18,1,0
BRF:39
BRH:0
end_of_record
TN:
SF:src\middleware\errorHandler.js
FN:7,(anonymous_0)
FN:26,(anonymous_1)
FN:228,(anonymous_2)
FN:249,(anonymous_3)
FN:250,(anonymous_4)
FN:259,(anonymous_5)
FN:274,(anonymous_6)
FN:277,(anonymous_7)
FN:280,(anonymous_8)
FN:283,(anonymous_9)
FN:286,(anonymous_10)
FN:289,(anonymous_11)
FN:292,(anonymous_12)
FNF:13
FNH:0
FNDA:0,(anonymous_0)
FNDA:0,(anonymous_1)
FNDA:0,(anonymous_2)
FNDA:0,(anonymous_3)
FNDA:0,(anonymous_4)
FNDA:0,(anonymous_5)
FNDA:0,(anonymous_6)
FNDA:0,(anonymous_7)
FNDA:0,(anonymous_8)
FNDA:0,(anonymous_9)
FNDA:0,(anonymous_10)
FNDA:0,(anonymous_11)
FNDA:0,(anonymous_12)
DA:7,0
DA:9,0
DA:10,0
DA:11,0
DA:13,0
DA:23,0
DA:24,0
DA:25,0
DA:26,0
DA:33,0
DA:45,0
DA:46,0
DA:47,0
DA:48,0
DA:49,0
DA:54,0
DA:62,0
DA:63,0
DA:64,0
DA:65,0
DA:70,0
DA:77,0
DA:78,0
DA:79,0
DA:83,0
DA:85,0
DA:97,0
DA:98,0
DA:99,0
DA:101,0
DA:109,0
DA:110,0
DA:111,0
DA:115,0
DA:116,0
DA:118,0
DA:119,0
DA:120,0
DA:121,0
DA:122,0
DA:123,0
DA:124,0
DA:126,0
DA:131,0
DA:132,0
DA:133,0
DA:136,0
DA:137,0
DA:138,0
DA:141,0
DA:142,0
DA:143,0
DA:147,0
DA:148,0
DA:149,0
DA:151,0
DA:163,0
DA:164,0
DA:165,0
DA:167,0
DA:178,0
DA:179,0
DA:188,0
DA:201,0
DA:207,0
DA:208,0
DA:212,0
DA:213,0
DA:217,0
DA:218,0
DA:222,0
DA:228,0
DA:229,0
DA:230,0
DA:233,0
DA:234,0
DA:242,0
DA:249,0
DA:250,0
DA:251,0
DA:260,0
DA:261,0
DA:262,0
DA:263,0
DA:264,0
DA:266,0
DA:273,0
DA:275,0
DA:278,0
DA:281,0
DA:284,0
DA:287,0
DA:290,0
DA:293,0
DA:294,0
DA:295,0
LF:96
LH:0
BRDA:9,0,0,0
BRDA:9,0,1,0
BRDA:9,0,2,0
BRDA:10,1,0,0
BRDA:10,1,1,0
BRDA:20,2,0,0
BRDA:20,2,1,0
BRDA:23,3,0,0
BRDA:23,3,1,0
BRDA:35,4,0,0
BRDA:35,4,1,0
BRDA:36,5,0,0
BRDA:36,5,1,0
BRDA:45,6,0,0
BRDA:45,6,1,0
BRDA:48,7,0,0
BRDA:48,7,1,0
BRDA:62,8,0,0
BRDA:62,8,1,0
BRDA:66,9,0,0
BRDA:66,9,1,0
BRDA:77,10,0,0
BRDA:77,10,1,0
BRDA:79,11,0,0
BRDA:79,11,1,0
BRDA:87,12,0,0
BRDA:87,12,1,0
BRDA:88,13,0,0
BRDA:88,13,1,0
BRDA:97,14,0,0
BRDA:97,14,1,0
BRDA:103,15,0,0
BRDA:103,15,1,0
BRDA:104,16,0,0
BRDA:104,16,1,0
BRDA:109,17,0,0
BRDA:109,17,1,0
BRDA:115,18,0,0
BRDA:115,18,1,0
BRDA:118,19,0,0
BRDA:118,19,1,0
BRDA:121,20,0,0
BRDA:121,20,1,0
BRDA:123,21,0,0
BRDA:123,21,1,0
BRDA:131,22,0,0
BRDA:131,22,1,0
BRDA:136,23,0,0
BRDA:136,23,1,0
BRDA:141,24,0,0
BRDA:141,24,1,0
BRDA:143,25,0,0
BRDA:143,25,1,0
BRDA:147,26,0,0
BRDA:147,26,1,0
BRDA:153,27,0,0
BRDA:153,27,1,0
BRDA:154,28,0,0
BRDA:154,28,1,0
BRDA:163,29,0,0
BRDA:163,29,1,0
BRDA:163,30,0,0
BRDA:163,30,1,0
BRDA:169,31,0,0
BRDA:169,31,1,0
BRDA:170,32,0,0
BRDA:170,32,1,0
BRDA:178,33,0,0
BRDA:178,33,1,0
BRDA:190,34,0,0
BRDA:190,34,1,0
BRDA:191,35,0,0
BRDA:191,35,1,0
BRDA:207,36,0,0
BRDA:207,36,1,0
BRDA:212,37,0,0
BRDA:212,37,1,0
BRDA:212,38,0,0
BRDA:212,38,1,0
BRDA:217,39,0,0
BRDA:217,39,1,0
BRDA:233,40,0,0
BRDA:233,40,1,0
BRDA:233,41,0,0
BRDA:233,41,1,0
BRDA:233,41,2,0
BRDA:236,42,0,0
BRDA:236,42,1,0
BRDA:237,43,0,0
BRDA:237,43,1,0
BRDA:259,44,0,0
BRDA:274,45,0,0
BRDA:277,46,0,0
BRDA:280,47,0,0
BRDA:283,48,0,0
BRDA:286,49,0,0
BRDA:289,50,0,0
BRDA:292,51,0,0
BRDA:292,52,0,0
BRF:99
BRH:0
end_of_record
TN:
SF:src\middleware\refreshTokenMiddleware.js
FN:17,(anonymous_0)
FN:187,(anonymous_1)
FNF:2
FNH:0
FNDA:0,(anonymous_0)
FNDA:0,(anonymous_1)
DA:17,0
DA:18,0
DA:20,0
DA:22,0
DA:23,0
DA:30,0
DA:31,0
DA:32,0
DA:39,0
DA:46,0
DA:47,0
DA:48,0
DA:55,0
DA:62,0
DA:63,0
DA:70,0
DA:77,0
DA:78,0
DA:79,0
DA:86,0
DA:93,0
DA:101,0
DA:102,0
DA:104,0
DA:105,0
DA:111,0
DA:117,0
DA:121,0
DA:128,0
DA:129,0
DA:131,0
DA:134,0
DA:140,0
DA:141,0
DA:144,0
DA:147,0
DA:150,0
DA:153,0
DA:161,0
DA:162,0
DA:168,0
DA:169,0
DA:175,0
DA:187,0
DA:188,0
DA:190,0
DA:192,0
DA:193,0
DA:200,0
DA:201,0
DA:202,0
DA:210,0
DA:211,0
DA:212,0
DA:220,0
DA:221,0
DA:222,0
DA:229,0
DA:234,0
DA:236,0
DA:237,0
LF:61
LH:0
BRDA:22,0,0,0
BRDA:22,0,1,0
BRDA:31,1,0,0
BRDA:31,1,1,0
BRDA:31,2,0,0
BRDA:31,2,1,0
BRDA:34,3,0,0
BRDA:34,3,1,0
BRDA:35,4,0,0
BRDA:35,4,1,0
BRDA:47,5,0,0
BRDA:47,5,1,0
BRDA:50,6,0,0
BRDA:50,6,1,0
BRDA:51,7,0,0
BRDA:51,7,1,0
BRDA:62,8,0,0
BRDA:62,8,1,0
BRDA:65,9,0,0
BRDA:65,9,1,0
BRDA:66,10,0,0
BRDA:66,10,1,0
BRDA:78,11,0,0
BRDA:78,11,1,0
BRDA:81,12,0,0
BRDA:81,12,1,0
BRDA:82,13,0,0
BRDA:82,13,1,0
BRDA:104,14,0,0
BRDA:104,14,1,0
BRDA:128,15,0,0
BRDA:128,15,1,0
BRDA:128,16,0,0
BRDA:128,16,1,0
BRDA:140,17,0,0
BRDA:140,17,1,0
BRDA:140,18,0,0
BRDA:140,18,1,0
BRDA:155,19,0,0
BRDA:155,19,1,0
BRDA:156,20,0,0
BRDA:156,20,1,0
BRDA:161,21,0,0
BRDA:161,21,1,0
BRDA:168,22,0,0
BRDA:168,22,1,0
BRDA:192,23,0,0
BRDA:192,23,1,0
BRDA:201,24,0,0
BRDA:201,24,1,0
BRDA:211,25,0,0
BRDA:211,25,1,0
BRDA:221,26,0,0
BRDA:221,26,1,0
BRDA:221,27,0,0
BRDA:221,27,1,0
BRF:56
BRH:0
end_of_record
TN:
SF:src\middleware\roleMiddleware.js
FN:3,(anonymous_0)
FN:4,(anonymous_1)
FNF:2
FNH:0
FNDA:0,(anonymous_0)
FNDA:0,(anonymous_1)
DA:3,0
DA:4,0
DA:6,0
DA:7,0
DA:9,0
DA:10,0
DA:16,0
DA:19,0
DA:32,0
DA:38,0
LF:10
LH:0
BRDA:3,0,0,0
BRDA:9,1,0,0
BRDA:9,1,1,0
BRDA:16,2,0,0
BRDA:16,2,1,0
BRDA:21,3,0,0
BRDA:21,3,1,0
BRDA:22,4,0,0
BRDA:22,4,1,0
BRF:9
BRH:0
end_of_record
TN:
SF:src\middleware\securityMonitoring.js
FN:7,(anonymous_0)
FN:18,(anonymous_1)
FN:21,(anonymous_2)
FN:56,(anonymous_3)
FN:90,(anonymous_4)
FN:106,(anonymous_5)
FN:113,(anonymous_6)
FN:159,(anonymous_7)
FNF:8
FNH:0
FNDA:0,(anonymous_0)
FNDA:0,(anonymous_1)
FNDA:0,(anonymous_2)
FNDA:0,(anonymous_3)
FNDA:0,(anonymous_4)
FNDA:0,(anonymous_5)
FNDA:0,(anonymous_6)
FNDA:0,(anonymous_7)
DA:7,1
DA:8,0
DA:12,0
DA:18,1
DA:19,0
DA:21,0
DA:22,0
DA:23,0
DA:33,0
DA:34,0
DA:43,0
DA:49,1
DA:50,1
DA:51,1
DA:56,1
DA:57,0
DA:59,0
DA:60,0
DA:62,0
DA:63,0
DA:65,0
DA:66,0
DA:73,0
DA:79,0
DA:84,0
DA:90,1
DA:91,0
DA:92,0
DA:93,0
DA:94,0
DA:96,0
DA:106,1
DA:107,0
DA:113,1
DA:114,0
DA:115,0
DA:116,0
DA:119,0
DA:120,0
DA:122,0
DA:123,0
DA:132,0
DA:134,0
DA:135,0
DA:144,0
DA:145,0
DA:153,0
DA:159,1
DA:160,0
DA:161,0
DA:162,0
DA:163,0
LF:52
LH:10
BRDA:9,0,0,0
BRDA:9,0,1,0
BRDA:9,0,2,0
BRDA:10,1,0,0
BRDA:10,1,1,0
BRDA:28,2,0,0
BRDA:28,2,1,0
BRDA:29,3,0,0
BRDA:29,3,1,0
BRDA:33,4,0,0
BRDA:33,4,1,0
BRDA:57,5,0,0
BRDA:57,5,1,0
BRDA:59,6,0,0
BRDA:59,6,1,0
BRDA:62,7,0,0
BRDA:62,7,1,0
BRDA:65,8,0,0
BRDA:65,8,1,0
BRDA:69,9,0,0
BRDA:69,9,1,0
BRDA:91,10,0,0
BRDA:91,10,1,0
BRDA:115,11,0,0
BRDA:115,11,1,0
BRDA:116,12,0,0
BRDA:116,12,1,0
BRDA:122,13,0,0
BRDA:122,13,1,0
BRDA:134,14,0,0
BRDA:134,14,1,0
BRDA:144,15,0,0
BRDA:144,15,1,0
BRDA:144,16,0,0
BRDA:144,16,1,0
BRDA:162,17,0,0
BRDA:162,17,1,0
BRF:37
BRH:0
end_of_record
TN:
SF:src\middleware\sequelizeSecurity.js
FN:5,(anonymous_0)
FN:33,(anonymous_1)
FN:49,(anonymous_2)
FN:62,(anonymous_3)
FN:69,(anonymous_4)
FN:81,(anonymous_5)
FN:82,(anonymous_6)
FN:94,(anonymous_7)
FN:109,(anonymous_8)
FN:110,(anonymous_9)
FN:134,(anonymous_10)
FN:147,(anonymous_11)
FN:148,(anonymous_12)
FN:184,(anonymous_13)
FN:192,(anonymous_14)
FN:208,(anonymous_15)
FN:226,(anonymous_16)
FN:227,(anonymous_17)
FN:230,(anonymous_18)
FNF:19
FNH:0
FNDA:0,(anonymous_0)
FNDA:0,(anonymous_1)
FNDA:0,(anonymous_2)
FNDA:0,(anonymous_3)
FNDA:0,(anonymous_4)
FNDA:0,(anonymous_5)
FNDA:0,(anonymous_6)
FNDA:0,(anonymous_7)
FNDA:0,(anonymous_8)
FNDA:0,(anonymous_9)
FNDA:0,(anonymous_10)
FNDA:0,(anonymous_11)
FNDA:0,(anonymous_12)
FNDA:0,(anonymous_13)
FNDA:0,(anonymous_14)
FNDA:0,(anonymous_15)
FNDA:0,(anonymous_16)
FNDA:0,(anonymous_17)
FNDA:0,(anonymous_18)
DA:5,0
DA:6,0
DA:8,0
DA:9,0
DA:13,0
DA:14,0
DA:18,0
DA:19,0
DA:22,0
DA:24,0
DA:25,0
DA:33,0
DA:34,0
DA:36,0
DA:37,0
DA:38,0
DA:40,0
DA:42,0
DA:46,0
DA:47,0
DA:48,0
DA:49,0
DA:50,0
DA:53,0
DA:58,0
DA:62,0
DA:63,0
DA:65,0
DA:66,0
DA:69,0
DA:77,0
DA:81,0
DA:82,0
DA:83,0
DA:84,0
DA:86,0
DA:87,0
DA:88,0
DA:93,0
DA:94,0
DA:97,0
DA:98,0
DA:101,0
DA:104,0
DA:109,0
DA:110,0
DA:111,0
DA:113,0
DA:114,0
DA:115,0
DA:116,0
DA:118,0
DA:119,0
DA:121,0
DA:122,0
DA:134,0
DA:135,0
DA:147,0
DA:148,0
DA:149,0
DA:150,0
DA:151,0
DA:152,0
DA:160,0
DA:164,0
DA:168,0
DA:170,0
DA:171,0
DA:172,0
DA:179,0
DA:184,0
DA:188,0
DA:190,0
DA:192,0
DA:193,0
DA:194,0
DA:197,0
DA:198,0
DA:200,0
DA:201,0
DA:204,0
DA:207,0
DA:208,0
DA:211,0
DA:212,0
DA:218,0
DA:219,0
DA:221,0
DA:226,0
DA:227,0
DA:228,0
DA:230,0
DA:232,0
DA:243,0
DA:244,0
DA:248,0
DA:251,0
LF:97
LH:0
BRDA:8,0,0,0
BRDA:8,0,1,0
BRDA:8,1,0,0
BRDA:8,1,1,0
BRDA:13,2,0,0
BRDA:13,2,1,0
BRDA:13,3,0,0
BRDA:13,3,1,0
BRDA:18,4,0,0
BRDA:18,4,1,0
BRDA:18,5,0,0
BRDA:18,5,1,0
BRDA:37,6,0,0
BRDA:37,6,1,0
BRDA:40,7,0,0
BRDA:40,7,1,0
BRDA:46,8,0,0
BRDA:46,8,1,0
BRDA:46,9,0,0
BRDA:46,9,1,0
BRDA:46,9,2,0
BRDA:48,10,0,0
BRDA:48,10,1,0
BRDA:50,11,0,0
BRDA:50,11,1,0
BRDA:65,12,0,0
BRDA:65,12,1,0
BRDA:83,13,0,0
BRDA:83,13,1,0
BRDA:83,14,0,0
BRDA:83,14,1,0
BRDA:87,15,0,0
BRDA:87,15,1,0
BRDA:97,16,0,0
BRDA:97,16,1,0
BRDA:121,17,0,0
BRDA:121,17,1,0
BRDA:124,18,0,0
BRDA:124,18,1,0
BRDA:149,19,0,0
BRDA:149,19,1,0
BRDA:151,20,0,0
BRDA:151,20,1,0
BRDA:171,21,0,0
BRDA:171,21,1,0
BRDA:184,22,0,0
BRDA:186,23,0,0
BRDA:187,24,0,0
BRDA:193,25,0,0
BRDA:193,25,1,0
BRDA:193,26,0,0
BRDA:193,26,1,0
BRDA:200,27,0,0
BRDA:200,27,1,0
BRDA:211,28,0,0
BRDA:211,28,1,0
BRDA:243,29,0,0
BRDA:243,29,1,0
BRF:58
BRH:0
end_of_record
TN:
SF:src\middleware\validation.js
FN:7,(anonymous_0)
FN:12,(anonymous_1)
FNF:2
FNH:1
FNDA:1,(anonymous_0)
FNDA:0,(anonymous_1)
DA:7,1
DA:8,1
DA:9,1
DA:10,0
DA:12,0
DA:18,1
DA:24,1
DA:53,1
DA:67,1
DA:78,1
DA:91,1
DA:105,1
DA:118,1
DA:143,1
DA:154,1
DA:183,1
LF:16
LH:14
BRDA:9,0,0,0
BRDA:9,0,1,1
BRF:2
BRH:1
end_of_record
TN:
SF:src\models\AuditLogModel.js
FN:224,(anonymous_0)
FN:229,(anonymous_1)
FN:237,(anonymous_2)
FN:242,(anonymous_3)
FN:304,(anonymous_4)
FN:313,(anonymous_5)
FN:321,(anonymous_6)
FN:335,(anonymous_7)
FN:346,(anonymous_8)
FN:359,(anonymous_9)
FN:411,(anonymous_10)
FN:412,(anonymous_11)
FN:413,(anonymous_12)
FN:414,(anonymous_13)
FN:419,(anonymous_14)
FNF:15
FNH:0
FNDA:0,(anonymous_0)
FNDA:0,(anonymous_1)
FNDA:0,(anonymous_2)
FNDA:0,(anonymous_3)
FNDA:0,(anonymous_4)
FNDA:0,(anonymous_5)
FNDA:0,(anonymous_6)
FNDA:0,(anonymous_7)
FNDA:0,(anonymous_8)
FNDA:0,(anonymous_9)
FNDA:0,(anonymous_10)
FNDA:0,(anonymous_11)
FNDA:0,(anonymous_12)
FNDA:0,(anonymous_13)
FNDA:0,(anonymous_14)
DA:5,6
DA:224,6
DA:225,0
DA:229,6
DA:230,0
DA:237,6
DA:238,0
DA:242,6
DA:248,0
DA:250,0
DA:253,0
DA:254,0
DA:257,0
DA:258,0
DA:259,0
DA:263,0
DA:264,0
DA:265,0
DA:268,0
DA:269,0
DA:270,0
DA:273,0
DA:276,0
DA:279,0
DA:280,0
DA:281,0
DA:282,0
DA:286,0
DA:288,0
DA:295,0
DA:304,6
DA:305,0
DA:313,6
DA:314,0
DA:321,6
DA:322,0
DA:335,6
DA:336,0
DA:346,6
DA:347,0
DA:348,0
DA:350,0
DA:359,6
DA:360,0
DA:361,0
DA:362,0
DA:371,0
DA:409,0
DA:411,0
DA:412,0
DA:413,0
DA:414,0
DA:419,6
DA:420,0
DA:424,6
LF:55
LH:13
BRDA:224,0,0,0
BRDA:229,1,0,0
BRDA:242,2,0,0
BRDA:242,3,0,0
BRDA:244,4,0,0
BRDA:245,5,0,0
BRDA:246,6,0,0
BRDA:247,7,0,0
BRDA:253,8,0,0
BRDA:253,8,1,0
BRDA:254,9,0,0
BRDA:254,9,1,0
BRDA:257,10,0,0
BRDA:257,10,1,0
BRDA:258,11,0,0
BRDA:258,11,1,0
BRDA:258,12,0,0
BRDA:258,12,1,0
BRDA:263,13,0,0
BRDA:263,13,1,0
BRDA:264,14,0,0
BRDA:264,14,1,0
BRDA:265,15,0,0
BRDA:265,15,1,0
BRDA:268,16,0,0
BRDA:268,16,1,0
BRDA:269,17,0,0
BRDA:269,17,1,0
BRDA:270,18,0,0
BRDA:270,18,1,0
BRDA:273,19,0,0
BRDA:273,19,1,0
BRDA:276,20,0,0
BRDA:276,20,1,0
BRDA:279,21,0,0
BRDA:279,21,1,0
BRDA:279,22,0,0
BRDA:279,22,1,0
BRDA:281,23,0,0
BRDA:281,23,1,0
BRDA:282,24,0,0
BRDA:282,24,1,0
BRDA:286,25,0,0
BRDA:286,25,1,0
BRDA:304,26,0,0
BRDA:313,27,0,0
BRDA:321,28,0,0
BRDA:335,29,0,0
BRDA:346,30,0,0
BRDA:346,31,0,0
BRDA:361,32,0,0
BRDA:361,32,1,0
BRDA:361,33,0,0
BRDA:361,33,1,0
BRDA:419,34,0,0
BRF:55
BRH:0
end_of_record
TN:
SF:src\models\CompanyModel.js
FN:90,(anonymous_0)
FN:111,(anonymous_1)
FN:126,(anonymous_2)
FN:135,(anonymous_3)
FN:151,(anonymous_4)
FN:178,(anonymous_5)
FN:220,(anonymous_6)
FN:232,(anonymous_7)
FN:248,(anonymous_8)
FN:262,(anonymous_9)
FN:309,(anonymous_10)
FN:334,(anonymous_11)
FN:350,(anonymous_12)
FN:361,(anonymous_13)
FN:368,(anonymous_14)
FN:378,(anonymous_15)
FNF:16
FNH:0
FNDA:0,(anonymous_0)
FNDA:0,(anonymous_1)
FNDA:0,(anonymous_2)
FNDA:0,(anonymous_3)
FNDA:0,(anonymous_4)
FNDA:0,(anonymous_5)
FNDA:0,(anonymous_6)
FNDA:0,(anonymous_7)
FNDA:0,(anonymous_8)
FNDA:0,(anonymous_9)
FNDA:0,(anonymous_10)
FNDA:0,(anonymous_11)
FNDA:0,(anonymous_12)
FNDA:0,(anonymous_13)
FNDA:0,(anonymous_14)
FNDA:0,(anonymous_15)
DA:8,5
DA:90,5
DA:91,0
DA:111,5
DA:112,0
DA:126,5
DA:127,0
DA:135,5
DA:136,0
DA:151,5
DA:152,0
DA:178,5
DA:180,0
DA:192,0
DA:193,0
DA:194,0
DA:195,0
DA:200,0
DA:201,0
DA:204,0
DA:214,0
DA:220,5
DA:221,0
DA:226,0
DA:232,5
DA:233,0
DA:242,0
DA:248,5
DA:249,0
DA:251,0
DA:252,0
DA:255,0
DA:256,0
DA:262,5
DA:268,0
DA:270,0
DA:272,0
DA:273,0
DA:276,0
DA:277,0
DA:280,0
DA:281,0
DA:284,0
DA:298,0
DA:309,5
DA:310,0
DA:328,0
DA:334,5
DA:335,0
DA:336,0
DA:337,0
DA:340,0
DA:349,0
DA:350,0
DA:351,0
DA:352,0
DA:355,0
DA:361,5
DA:362,0
DA:368,5
DA:369,0
DA:378,5
DA:379,0
DA:383,0
DA:386,5
LF:65
LH:17
BRDA:90,0,0,0
BRDA:96,1,0,0
BRDA:96,1,1,0
BRDA:97,2,0,0
BRDA:97,2,1,0
BRDA:98,3,0,0
BRDA:98,3,1,0
BRDA:99,4,0,0
BRDA:99,4,1,0
BRDA:100,5,0,0
BRDA:100,5,1,0
BRDA:101,6,0,0
BRDA:101,6,1,0
BRDA:102,7,0,0
BRDA:102,7,1,0
BRDA:178,8,0,0
BRDA:194,9,0,0
BRDA:194,9,1,0
BRDA:200,10,0,0
BRDA:200,10,1,0
BRDA:220,11,0,0
BRDA:232,12,0,0
BRDA:248,13,0,0
BRDA:251,14,0,0
BRDA:251,14,1,0
BRDA:262,15,0,0
BRDA:262,16,0,0
BRDA:264,17,0,0
BRDA:265,18,0,0
BRDA:266,19,0,0
BRDA:267,20,0,0
BRDA:272,21,0,0
BRDA:272,21,1,0
BRDA:276,22,0,0
BRDA:276,22,1,0
BRDA:280,23,0,0
BRDA:280,23,1,0
BRDA:334,24,0,0
BRDA:336,25,0,0
BRDA:336,25,1,0
BRDA:336,26,0,0
BRDA:336,26,1,0
BRDA:361,27,0,0
BRDA:368,28,0,0
BRDA:383,29,0,0
BRDA:383,29,1,0
BRF:46
BRH:0
end_of_record
TN:
SF:src\models\InvitationModel.js
FN:70,(anonymous_0)
FN:74,(anonymous_1)
FN:78,(anonymous_2)
FN:85,(anonymous_3)
FN:98,(anonymous_4)
FN:108,(anonymous_5)
FN:120,(anonymous_6)
FNF:7
FNH:0
FNDA:0,(anonymous_0)
FNDA:0,(anonymous_1)
FNDA:0,(anonymous_2)
FNDA:0,(anonymous_3)
FNDA:0,(anonymous_4)
FNDA:0,(anonymous_5)
FNDA:0,(anonymous_6)
DA:5,5
DA:70,5
DA:71,0
DA:74,5
DA:75,0
DA:78,5
DA:79,0
DA:80,0
DA:82,0
DA:85,5
DA:86,0
DA:98,5
DA:99,0
DA:108,5
DA:109,0
DA:120,5
DA:121,0
DA:127,5
LF:18
LH:9
BRDA:70,0,0,0
BRDA:78,1,0,0
BRDA:80,2,0,0
BRDA:80,2,1,0
BRDA:85,3,0,0
BRDA:89,4,0,0
BRDA:89,4,1,0
BRDA:120,5,0,0
BRF:8
BRH:0
end_of_record
TN:
SF:src\models\MemberModel.js
FN:48,(anonymous_0)
FN:68,(anonymous_1)
FN:92,(anonymous_2)
FN:106,(anonymous_3)
FN:121,(anonymous_4)
FN:157,(anonymous_5)
FN:178,(anonymous_6)
FN:197,(anonymous_7)
FN:212,(anonymous_8)
FN:224,(anonymous_9)
FN:239,(anonymous_10)
FN:248,(anonymous_11)
FN:311,(anonymous_12)
FN:330,(anonymous_13)
FN:342,(anonymous_14)
FN:353,(anonymous_15)
FN:364,(anonymous_16)
FN:374,(anonymous_17)
FNF:18
FNH:0
FNDA:0,(anonymous_0)
FNDA:0,(anonymous_1)
FNDA:0,(anonymous_2)
FNDA:0,(anonymous_3)
FNDA:0,(anonymous_4)
FNDA:0,(anonymous_5)
FNDA:0,(anonymous_6)
FNDA:0,(anonymous_7)
FNDA:0,(anonymous_8)
FNDA:0,(anonymous_9)
FNDA:0,(anonymous_10)
FNDA:0,(anonymous_11)
FNDA:0,(anonymous_12)
FNDA:0,(anonymous_13)
FNDA:0,(anonymous_14)
FNDA:0,(anonymous_15)
FNDA:0,(anonymous_16)
FNDA:0,(anonymous_17)
DA:8,5
DA:48,5
DA:49,0
DA:62,0
DA:68,5
DA:69,0
DA:92,5
DA:93,0
DA:100,0
DA:106,5
DA:107,0
DA:115,0
DA:121,5
DA:122,0
DA:124,0
DA:125,0
DA:128,0
DA:157,5
DA:158,0
DA:178,5
DA:179,0
DA:191,0
DA:197,5
DA:198,0
DA:206,0
DA:212,5
DA:213,0
DA:218,0
DA:224,5
DA:225,0
DA:233,0
DA:239,5
DA:240,0
DA:248,5
DA:254,0
DA:256,0
DA:258,0
DA:259,0
DA:262,0
DA:291,0
DA:300,0
DA:311,5
DA:312,0
DA:330,5
DA:331,0
DA:342,5
DA:343,0
DA:352,0
DA:353,0
DA:354,0
DA:355,0
DA:358,0
DA:364,5
DA:365,0
DA:374,5
DA:375,0
DA:396,5
LF:57
LH:19
BRDA:48,0,0,0
BRDA:51,1,0,0
BRDA:51,1,1,0
BRDA:52,2,0,0
BRDA:52,2,1,0
BRDA:53,3,0,0
BRDA:53,3,1,0
BRDA:115,4,0,0
BRDA:115,4,1,0
BRDA:121,5,0,0
BRDA:124,6,0,0
BRDA:124,6,1,0
BRDA:178,7,0,0
BRDA:197,8,0,0
BRDA:212,9,0,0
BRDA:224,10,0,0
BRDA:248,11,0,0
BRDA:250,12,0,0
BRDA:251,13,0,0
BRDA:252,14,0,0
BRDA:253,15,0,0
BRDA:258,16,0,0
BRDA:258,16,1,0
BRDA:275,17,0,0
BRDA:275,17,1,0
BRDA:364,18,0,0
BRF:26
BRH:0
end_of_record
TN:
SF:src\models\RoleModel.js
FN:92,(anonymous_0)
FN:97,(anonymous_1)
FN:103,(anonymous_2)
FN:109,(anonymous_3)
FN:113,(anonymous_4)
FN:117,(anonymous_5)
FN:121,(anonymous_6)
FN:135,(anonymous_7)
FN:139,(anonymous_8)
FN:140,(anonymous_9)
FN:145,(anonymous_10)
FN:149,(anonymous_11)
FN:158,(anonymous_12)
FN:173,(anonymous_13)
FN:177,(anonymous_14)
FNF:15
FNH:0
FNDA:0,(anonymous_0)
FNDA:0,(anonymous_1)
FNDA:0,(anonymous_2)
FNDA:0,(anonymous_3)
FNDA:0,(anonymous_4)
FNDA:0,(anonymous_5)
FNDA:0,(anonymous_6)
FNDA:0,(anonymous_7)
FNDA:0,(anonymous_8)
FNDA:0,(anonymous_9)
FNDA:0,(anonymous_10)
FNDA:0,(anonymous_11)
FNDA:0,(anonymous_12)
FNDA:0,(anonymous_13)
FNDA:0,(anonymous_14)
DA:6,5
DA:66,5
DA:74,5
DA:82,5
DA:92,5
DA:93,0
DA:94,0
DA:97,5
DA:98,0
DA:99,0
DA:100,0
DA:103,5
DA:104,0
DA:105,0
DA:106,0
DA:109,5
DA:110,0
DA:113,5
DA:114,0
DA:117,5
DA:118,0
DA:121,5
DA:122,0
DA:135,5
DA:136,0
DA:139,5
DA:140,0
DA:141,0
DA:145,5
DA:146,0
DA:149,5
DA:150,0
DA:158,5
DA:159,0
DA:173,5
DA:174,0
DA:177,5
DA:178,0
DA:179,0
DA:181,0
DA:182,0
DA:183,0
DA:186,5
LF:43
LH:19
BRDA:93,0,0,0
BRDA:93,0,1,0
BRDA:98,1,0,0
BRDA:98,1,1,0
BRDA:99,2,0,0
BRDA:99,2,1,0
BRDA:104,3,0,0
BRDA:104,3,1,0
BRDA:105,4,0,0
BRDA:105,4,1,0
BRDA:110,5,0,0
BRDA:110,5,1,0
BRDA:174,6,0,0
BRDA:174,6,1,0
BRDA:178,7,0,0
BRDA:178,7,1,0
BRDA:179,8,0,0
BRDA:179,8,1,0
BRDA:181,9,0,0
BRDA:181,9,1,0
BRDA:182,10,0,0
BRDA:182,10,1,0
BRF:22
BRH:0
end_of_record
TN:
SF:src\models\TokenModel.js
FN:35,(anonymous_0)
FN:45,(anonymous_1)
FN:68,(anonymous_2)
FN:89,(anonymous_3)
FN:102,(anonymous_4)
FN:115,(anonymous_5)
FN:129,(anonymous_6)
FN:144,(anonymous_7)
FN:156,(anonymous_8)
FN:172,(anonymous_9)
FN:188,(anonymous_10)
FN:202,(anonymous_11)
FN:221,(anonymous_12)
FN:242,(anonymous_13)
FN:257,(anonymous_14)
FN:271,(anonymous_15)
FN:278,(anonymous_16)
FNF:17
FNH:0
FNDA:0,(anonymous_0)
FNDA:0,(anonymous_1)
FNDA:0,(anonymous_2)
FNDA:0,(anonymous_3)
FNDA:0,(anonymous_4)
FNDA:0,(anonymous_5)
FNDA:0,(anonymous_6)
FNDA:0,(anonymous_7)
FNDA:0,(anonymous_8)
FNDA:0,(anonymous_9)
FNDA:0,(anonymous_10)
FNDA:0,(anonymous_11)
FNDA:0,(anonymous_12)
FNDA:0,(anonymous_13)
FNDA:0,(anonymous_14)
FNDA:0,(anonymous_15)
FNDA:0,(anonymous_16)
DA:7,5
DA:35,5
DA:36,0
DA:37,0
DA:39,0
DA:45,5
DA:47,0
DA:48,0
DA:50,0
DA:51,0
DA:54,0
DA:55,0
DA:57,0
DA:68,5
DA:69,0
DA:71,0
DA:89,5
DA:90,0
DA:92,0
DA:102,5
DA:103,0
DA:115,5
DA:116,0
DA:118,0
DA:123,0
DA:129,5
DA:130,0
DA:138,0
DA:144,5
DA:145,0
DA:150,0
DA:156,5
DA:157,0
DA:172,5
DA:173,0
DA:182,0
DA:188,5
DA:189,0
DA:202,5
DA:203,0
DA:205,0
DA:213,0
DA:215,0
DA:221,5
DA:222,0
DA:223,0
DA:225,0
DA:242,5
DA:243,0
DA:251,0
DA:257,5
DA:258,0
DA:265,0
DA:271,5
DA:272,0
DA:278,5
DA:279,0
DA:281,0
DA:285,0
DA:288,5
LF:60
LH:19
BRDA:36,0,0,0
BRDA:36,0,1,0
BRDA:45,1,0,0
BRDA:47,2,0,0
BRDA:47,2,1,0
BRDA:50,3,0,0
BRDA:50,3,1,0
BRDA:55,4,0,0
BRDA:55,4,1,0
BRDA:115,5,0,0
BRDA:129,6,0,0
BRDA:144,7,0,0
BRDA:172,8,0,0
BRDA:221,9,0,0
BRDA:242,10,0,0
BRDA:257,11,0,0
BRDA:271,12,0,0
BRF:17
BRH:0
end_of_record
TN:
SF:src\models\UserModel.js
FN:53,(anonymous_0)
FN:78,(anonymous_1)
FN:138,(anonymous_2)
FN:143,(anonymous_3)
FN:154,(anonymous_4)
FN:170,(anonymous_5)
FN:184,(anonymous_6)
FN:198,(anonymous_7)
FN:216,(anonymous_8)
FN:236,(anonymous_9)
FN:255,(anonymous_10)
FN:270,(anonymous_11)
FN:288,(anonymous_12)
FN:335,(anonymous_13)
FN:350,(anonymous_14)
FN:365,(anonymous_15)
FN:377,(anonymous_16)
FN:433,(anonymous_17)
FN:440,(anonymous_18)
FN:454,(anonymous_19)
FN:464,(anonymous_20)
FNF:21
FNH:0
FNDA:0,(anonymous_0)
FNDA:0,(anonymous_1)
FNDA:0,(anonymous_2)
FNDA:0,(anonymous_3)
FNDA:0,(anonymous_4)
FNDA:0,(anonymous_5)
FNDA:0,(anonymous_6)
FNDA:0,(anonymous_7)
FNDA:0,(anonymous_8)
FNDA:0,(anonymous_9)
FNDA:0,(anonymous_10)
FNDA:0,(anonymous_11)
FNDA:0,(anonymous_12)
FNDA:0,(anonymous_13)
FNDA:0,(anonymous_14)
FNDA:0,(anonymous_15)
FNDA:0,(anonymous_16)
FNDA:0,(anonymous_17)
FNDA:0,(anonymous_18)
FNDA:0,(anonymous_19)
FNDA:0,(anonymous_20)
DA:7,5
DA:54,0
DA:55,0
DA:56,0
DA:57,0
DA:79,0
DA:80,0
DA:82,0
DA:83,0
DA:84,0
DA:139,0
DA:140,0
DA:144,0
DA:145,0
DA:154,5
DA:155,0
DA:170,5
DA:171,0
DA:184,5
DA:185,0
DA:198,5
DA:199,0
DA:216,5
DA:217,0
DA:230,0
DA:236,5
DA:237,0
DA:249,0
DA:255,5
DA:256,0
DA:270,5
DA:271,0
DA:282,0
DA:288,5
DA:290,0
DA:292,0
DA:303,0
DA:304,0
DA:305,0
DA:306,0
DA:307,0
DA:310,0
DA:314,0
DA:319,0
DA:329,0
DA:335,5
DA:336,0
DA:344,0
DA:350,5
DA:351,0
DA:359,0
DA:365,5
DA:366,0
DA:371,0
DA:377,5
DA:383,0
DA:385,0
DA:387,0
DA:388,0
DA:391,0
DA:392,0
DA:399,0
DA:400,0
DA:403,0
DA:404,0
DA:407,0
DA:422,0
DA:433,5
DA:434,0
DA:440,5
DA:441,0
DA:443,0
DA:444,0
DA:447,0
DA:448,0
DA:454,5
DA:455,0
DA:464,5
DA:465,0
DA:473,0
DA:476,5
LF:81
LH:19
BRDA:54,0,0,0
BRDA:54,0,1,0
BRDA:54,1,0,0
BRDA:54,1,1,0
BRDA:56,2,0,0
BRDA:56,2,1,0
BRDA:79,3,0,0
BRDA:79,3,1,0
BRDA:79,4,0,0
BRDA:79,4,1,0
BRDA:83,5,0,0
BRDA:83,5,1,0
BRDA:139,6,0,0
BRDA:139,6,1,0
BRDA:139,7,0,0
BRDA:139,7,1,0
BRDA:144,8,0,0
BRDA:144,8,1,0
BRDA:144,9,0,0
BRDA:144,9,1,0
BRDA:198,10,0,0
BRDA:204,11,0,0
BRDA:204,11,1,0
BRDA:205,12,0,0
BRDA:205,12,1,0
BRDA:206,13,0,0
BRDA:206,13,1,0
BRDA:207,14,0,0
BRDA:207,14,1,0
BRDA:208,15,0,0
BRDA:208,15,1,0
BRDA:216,16,0,0
BRDA:236,17,0,0
BRDA:270,18,0,0
BRDA:288,19,0,0
BRDA:304,20,0,0
BRDA:304,20,1,0
BRDA:305,21,0,0
BRDA:305,21,1,0
BRDA:306,22,0,0
BRDA:306,22,1,0
BRDA:306,23,0,0
BRDA:306,23,1,0
BRDA:335,24,0,0
BRDA:350,25,0,0
BRDA:365,26,0,0
BRDA:377,27,0,0
BRDA:377,28,0,0
BRDA:379,29,0,0
BRDA:380,30,0,0
BRDA:381,31,0,0
BRDA:382,32,0,0
BRDA:387,33,0,0
BRDA:387,33,1,0
BRDA:391,34,0,0
BRDA:391,34,1,0
BRDA:399,35,0,0
BRDA:399,35,1,0
BRDA:403,36,0,0
BRDA:403,36,1,0
BRDA:433,37,0,0
BRDA:440,38,0,0
BRDA:443,39,0,0
BRDA:443,39,1,0
BRDA:454,40,0,0
BRDA:464,41,0,0
BRF:66
BRH:0
end_of_record
TN:
SF:src\models\dbModels.js
FN:86,(anonymous_0)
FN:101,(anonymous_1)
FNF:2
FNH:0
FNDA:0,(anonymous_0)
FNDA:0,(anonymous_1)
DA:18,5
DA:19,5
DA:22,5
DA:26,5
DA:32,5
DA:39,5
DA:47,5
DA:51,5
DA:55,5
DA:61,5
DA:66,5
DA:72,5
DA:76,5
DA:80,5
DA:86,5
DA:87,0
DA:88,0
DA:89,0
DA:90,0
DA:92,0
DA:95,0
DA:96,0
DA:101,5
DA:102,0
DA:110,0
DA:111,0
DA:116,0
LF:27
LH:16
BRDA:88,0,0,0
BRDA:88,0,1,0
BRF:2
BRH:0
end_of_record
TN:
SF:src\routes\auditLogRoutes.js
FNF:0
FNH:0
DA:18,0
DA:21,0
DA:43,0
DA:103,0
DA:127,0
DA:161,0
DA:185,0
DA:210,0
DA:240,0
DA:270,0
DA:299,0
DA:323,0
DA:351,0
LF:13
LH:0
BRF:0
BRH:0
end_of_record
TN:
SF:src\routes\authRoutes.js
FN:430,(anonymous_0)
FN:467,(anonymous_1)
FNF:2
FNH:0
FNDA:0,(anonymous_0)
FNDA:0,(anonymous_1)
DA:33,0
DA:86,0
DA:135,0
DA:165,0
DA:196,0
DA:222,0
DA:255,0
DA:274,0
DA:290,0
DA:325,0
DA:352,0
DA:377,0
DA:426,0
DA:430,0
DA:467,0
DA:498,0
DA:515,0
LF:17
LH:0
BRF:0
BRH:0
end_of_record
TN:
SF:src\routes\companyRoutes.js
FN:246,(anonymous_0)
FNF:1
FNH:0
FNDA:0,(anonymous_0)
DA:15,0
DA:18,0
DA:87,0
DA:132,0
DA:174,0
DA:242,0
DA:246,0
DA:283,0
LF:8
LH:0
BRF:0
BRH:0
end_of_record
TN:
SF:src\routes\invitationRoutes.js
FNF:0
FNH:0
DA:15,0
DA:80,0
DA:124,0
DA:173,0
DA:217,0
DA:250,0
LF:6
LH:0
BRF:0
BRH:0
end_of_record
TN:
SF:src\routes\memberRoutes.js
FN:206,(anonymous_0)
FN:301,(anonymous_1)
FNF:2
FNH:0
FNDA:0,(anonymous_0)
FNDA:0,(anonymous_1)
DA:9,0
DA:12,0
DA:15,0
DA:92,0
DA:148,0
DA:204,0
DA:206,0
DA:248,0
DA:299,0
DA:301,0
LF:10
LH:0
BRF:0
BRH:0
end_of_record
TN:
SF:src\scripts\migrate.js
FN:6,(anonymous_0)
FN:34,(anonymous_1)
FN:59,(anonymous_2)
FN:90,(anonymous_3)
FNF:4
FNH:0
FNDA:0,(anonymous_0)
FNDA:0,(anonymous_1)
FNDA:0,(anonymous_2)
FNDA:0,(anonymous_3)
DA:4,0
DA:6,0
DA:7,0
DA:9,0
DA:10,0
DA:11,0
DA:13,0
DA:15,0
DA:16,0
DA:17,0
DA:20,0
DA:21,0
DA:22,0
DA:23,0
DA:26,0
DA:27,0
DA:28,0
DA:31,0
DA:32,0
DA:34,0
DA:36,0
DA:37,0
DA:38,0
DA:40,0
DA:41,0
DA:42,0
DA:43,0
DA:46,0
DA:47,0
DA:48,0
DA:51,0
DA:58,0
DA:59,0
DA:60,0
DA:62,0
DA:65,0
DA:66,0
DA:67,0
DA:68,0
DA:71,0
DA:72,0
DA:73,0
DA:74,0
DA:75,0
DA:76,0
DA:77,0
DA:80,0
DA:81,0
DA:84,0
DA:85,0
DA:90,0
DA:91,0
DA:92,0
DA:95,0
DA:103,0
DA:104,0
DA:109,0
DA:112,0
DA:113,0
DA:115,0
DA:129,0
DA:130,0
DA:131,0
DA:132,0
DA:134,0
DA:139,0
LF:66
LH:0
BRDA:7,0,0,0
BRDA:7,0,1,0
BRDA:11,1,0,0
BRDA:11,1,1,0
BRDA:13,2,0,0
BRDA:13,2,1,0
BRDA:13,2,2,0
BRDA:13,2,3,0
BRDA:13,2,4,0
BRDA:15,3,0,0
BRDA:15,3,1,0
BRDA:26,4,0,0
BRDA:26,4,1,0
BRDA:112,5,0,0
BRDA:112,5,1,0
BRDA:113,6,0,0
BRDA:113,6,1,0
BRDA:129,7,0,0
BRDA:129,7,1,0
BRF:19
BRH:0
end_of_record
TN:
SF:src\services\AuditLogService.js
FN:12,(anonymous_0)
FN:35,(anonymous_1)
FN:51,(anonymous_2)
FN:72,(anonymous_3)
FN:115,(anonymous_4)
FN:134,(anonymous_5)
FN:152,(anonymous_6)
FN:168,(anonymous_7)
FN:182,(anonymous_8)
FN:189,(anonymous_9)
FN:196,(anonymous_10)
FN:203,(anonymous_11)
FN:210,(anonymous_12)
FN:217,(anonymous_13)
FN:224,(anonymous_14)
FN:245,(anonymous_15)
FN:253,(anonymous_16)
FN:270,(anonymous_17)
FN:283,(anonymous_18)
FNF:19
FNH:0
FNDA:0,(anonymous_0)
FNDA:0,(anonymous_1)
FNDA:0,(anonymous_2)
FNDA:0,(anonymous_3)
FNDA:0,(anonymous_4)
FNDA:0,(anonymous_5)
FNDA:0,(anonymous_6)
FNDA:0,(anonymous_7)
FNDA:0,(anonymous_8)
FNDA:0,(anonymous_9)
FNDA:0,(anonymous_10)
FNDA:0,(anonymous_11)
FNDA:0,(anonymous_12)
FNDA:0,(anonymous_13)
FNDA:0,(anonymous_14)
FNDA:0,(anonymous_15)
FNDA:0,(anonymous_16)
FNDA:0,(anonymous_17)
FNDA:0,(anonymous_18)
DA:13,0
DA:15,0
DA:31,0
DA:33,0
DA:34,0
DA:35,0
DA:36,0
DA:37,0
DA:38,0
DA:40,0
DA:45,0
DA:52,0
DA:54,0
DA:55,0
DA:57,0
DA:58,0
DA:59,0
DA:66,0
DA:73,0
DA:75,0
DA:76,0
DA:78,0
DA:79,0
DA:81,0
DA:82,0
DA:86,0
DA:87,0
DA:94,0
DA:95,0
DA:96,0
DA:99,0
DA:100,0
DA:103,0
DA:104,0
DA:106,0
DA:108,0
DA:116,0
DA:135,0
DA:153,0
DA:169,0
DA:183,0
DA:190,0
DA:197,0
DA:204,0
DA:211,0
DA:218,0
DA:225,0
DA:226,0
DA:228,0
DA:235,0
DA:237,0
DA:238,0
DA:246,0
DA:247,0
DA:254,0
DA:256,0
DA:271,0
DA:284,0
LF:58
LH:0
BRDA:13,0,0,0
BRDA:13,0,1,0
BRDA:13,1,0,0
BRDA:13,1,1,0
BRDA:31,2,0,0
BRDA:31,2,1,0
BRDA:34,3,0,0
BRDA:34,3,1,0
BRDA:35,4,0,0
BRDA:35,4,1,0
BRDA:37,5,0,0
BRDA:37,5,1,0
BRDA:37,6,0,0
BRDA:37,6,1,0
BRDA:52,7,0,0
BRDA:52,7,1,0
BRDA:52,8,0,0
BRDA:52,8,1,0
BRDA:58,9,0,0
BRDA:58,9,1,0
BRDA:66,10,0,0
BRDA:66,10,1,0
BRDA:75,11,0,0
BRDA:75,11,1,0
BRDA:78,12,0,0
BRDA:78,12,1,0
BRDA:81,13,0,0
BRDA:81,13,1,0
BRDA:86,14,0,0
BRDA:86,14,1,0
BRDA:86,15,0,0
BRDA:86,15,1,0
BRDA:86,15,2,0
BRDA:94,16,0,0
BRDA:94,16,1,0
BRDA:95,17,0,0
BRDA:95,17,1,0
BRDA:96,18,0,0
BRDA:96,18,1,0
BRDA:99,19,0,0
BRDA:99,19,1,0
BRDA:99,20,0,0
BRDA:99,20,1,0
BRDA:115,21,0,0
BRDA:126,22,0,0
BRDA:126,22,1,0
BRDA:134,23,0,0
BRDA:152,24,0,0
BRDA:152,25,0,0
BRDA:168,26,0,0
BRDA:168,27,0,0
BRDA:182,28,0,0
BRDA:182,29,0,0
BRDA:189,30,0,0
BRDA:196,31,0,0
BRDA:203,32,0,0
BRDA:210,33,0,0
BRDA:224,34,0,0
BRDA:245,35,0,0
BRDA:245,36,0,0
BRDA:253,37,0,0
BRF:61
BRH:0
end_of_record
TN:
SF:src\services\AuthService.js
FN:24,(anonymous_0)
FN:156,(anonymous_1)
FN:188,(anonymous_2)
FN:236,(anonymous_3)
FN:297,(anonymous_4)
FN:332,(anonymous_5)
FN:349,(anonymous_6)
FN:375,(anonymous_7)
FN:410,(anonymous_8)
FN:445,(anonymous_9)
FN:483,(anonymous_10)
FN:492,(anonymous_11)
FN:504,(anonymous_12)
FN:512,(anonymous_13)
FN:532,(anonymous_14)
FN:553,(anonymous_15)
FNF:16
FNH:0
FNDA:0,(anonymous_0)
FNDA:0,(anonymous_1)
FNDA:0,(anonymous_2)
FNDA:0,(anonymous_3)
FNDA:0,(anonymous_4)
FNDA:0,(anonymous_5)
FNDA:0,(anonymous_6)
FNDA:0,(anonymous_7)
FNDA:0,(anonymous_8)
FNDA:0,(anonymous_9)
FNDA:0,(anonymous_10)
FNDA:0,(anonymous_11)
FNDA:0,(anonymous_12)
FNDA:0,(anonymous_13)
FNDA:0,(anonymous_14)
FNDA:0,(anonymous_15)
DA:35,0
DA:38,0
DA:39,0
DA:43,0
DA:46,0
DA:47,0
DA:48,0
DA:49,0
DA:52,0
DA:53,0
DA:56,0
DA:58,0
DA:63,0
DA:64,0
DA:65,0
DA:66,0
DA:67,0
DA:71,0
DA:73,0
DA:75,0
DA:76,0
DA:77,0
DA:81,0
DA:95,0
DA:98,0
DA:99,0
DA:102,0
DA:103,0
DA:104,0
DA:107,0
DA:117,0
DA:118,0
DA:119,0
DA:120,0
DA:122,0
DA:128,0
DA:130,0
DA:144,0
DA:146,0
DA:147,0
DA:149,0
DA:157,0
DA:158,0
DA:160,0
DA:161,0
DA:165,0
DA:172,0
DA:178,0
DA:180,0
DA:181,0
DA:189,0
DA:190,0
DA:193,0
DA:194,0
DA:196,0
DA:197,0
DA:200,0
DA:201,0
DA:202,0
DA:206,0
DA:207,0
DA:210,0
DA:211,0
DA:212,0
DA:215,0
DA:221,0
DA:230,0
DA:237,0
DA:238,0
DA:239,0
DA:243,0
DA:244,0
DA:245,0
DA:249,0
DA:251,0
DA:252,0
DA:256,0
DA:258,0
DA:259,0
DA:263,0
DA:264,0
DA:268,0
DA:269,0
DA:272,0
DA:273,0
DA:274,0
DA:277,0
DA:278,0
DA:284,0
DA:289,0
DA:290,0
DA:298,0
DA:299,0
DA:302,0
DA:305,0
DA:306,0
DA:309,0
DA:310,0
DA:312,0
DA:315,0
DA:316,0
DA:324,0
DA:326,0
DA:333,0
DA:334,0
DA:337,0
DA:339,0
DA:340,0
DA:343,0
DA:350,0
DA:351,0
DA:354,0
DA:355,0
DA:358,0
DA:360,0
DA:361,0
DA:364,0
DA:365,0
DA:367,0
DA:369,0
DA:376,0
DA:377,0
DA:378,0
DA:381,0
DA:382,0
DA:383,0
DA:386,0
DA:390,0
DA:391,0
DA:394,0
DA:395,0
DA:396,0
DA:399,0
DA:401,0
DA:411,0
DA:412,0
DA:413,0
DA:416,0
DA:417,0
DA:418,0
DA:421,0
DA:425,0
DA:426,0
DA:429,0
DA:432,0
DA:434,0
DA:437,0
DA:439,0
DA:447,0
DA:448,0
DA:449,0
DA:454,0
DA:455,0
DA:456,0
DA:457,0
DA:462,0
DA:463,0
DA:465,0
DA:466,0
DA:470,0
DA:471,0
DA:472,0
DA:473,0
DA:474,0
DA:477,0
DA:478,0
DA:479,0
DA:481,0
DA:482,0
DA:483,0
DA:485,0
DA:493,0
DA:494,0
DA:497,0
DA:498,0
DA:505,0
DA:506,0
DA:513,0
DA:515,0
DA:516,0
DA:519,0
DA:522,0
DA:523,0
DA:524,0
DA:526,0
DA:533,0
DA:534,0
DA:537,0
DA:538,0
DA:539,0
DA:541,0
DA:547,0
DA:554,0
DA:555,0
DA:556,0
DA:557,0
DA:564,0
LF:197
LH:0
BRDA:38,0,0,0
BRDA:38,0,1,0
BRDA:38,1,0,0
BRDA:38,1,1,0
BRDA:38,1,2,0
BRDA:38,1,3,0
BRDA:38,1,4,0
BRDA:47,2,0,0
BRDA:47,2,1,0
BRDA:52,3,0,0
BRDA:52,3,1,0
BRDA:64,4,0,0
BRDA:64,4,1,0
BRDA:75,5,0,0
BRDA:75,5,1,0
BRDA:103,6,0,0
BRDA:103,6,1,0
BRDA:118,7,0,0
BRDA:118,7,1,0
BRDA:118,8,0,0
BRDA:118,8,1,0
BRDA:141,9,0,0
BRDA:141,9,1,0
BRDA:146,10,0,0
BRDA:146,10,1,0
BRDA:160,11,0,0
BRDA:160,11,1,0
BRDA:160,12,0,0
BRDA:160,12,1,0
BRDA:189,13,0,0
BRDA:189,13,1,0
BRDA:189,14,0,0
BRDA:189,14,1,0
BRDA:196,15,0,0
BRDA:196,15,1,0
BRDA:196,16,0,0
BRDA:196,16,1,0
BRDA:196,16,2,0
BRDA:201,17,0,0
BRDA:201,17,1,0
BRDA:211,18,0,0
BRDA:211,18,1,0
BRDA:238,19,0,0
BRDA:238,19,1,0
BRDA:244,20,0,0
BRDA:244,20,1,0
BRDA:244,21,0,0
BRDA:244,21,1,0
BRDA:251,22,0,0
BRDA:251,22,1,0
BRDA:258,23,0,0
BRDA:258,23,1,0
BRDA:263,24,0,0
BRDA:263,24,1,0
BRDA:273,25,0,0
BRDA:273,25,1,0
BRDA:298,26,0,0
BRDA:298,26,1,0
BRDA:305,27,0,0
BRDA:305,27,1,0
BRDA:333,28,0,0
BRDA:333,28,1,0
BRDA:339,29,0,0
BRDA:339,29,1,0
BRDA:350,30,0,0
BRDA:350,30,1,0
BRDA:350,31,0,0
BRDA:350,31,1,0
BRDA:354,32,0,0
BRDA:354,32,1,0
BRDA:360,33,0,0
BRDA:360,33,1,0
BRDA:364,34,0,0
BRDA:364,34,1,0
BRDA:377,35,0,0
BRDA:377,35,1,0
BRDA:382,36,0,0
BRDA:382,36,1,0
BRDA:382,37,0,0
BRDA:382,37,1,0
BRDA:390,38,0,0
BRDA:390,38,1,0
BRDA:395,39,0,0
BRDA:395,39,1,0
BRDA:395,40,0,0
BRDA:395,40,1,0
BRDA:412,41,0,0
BRDA:412,41,1,0
BRDA:417,42,0,0
BRDA:417,42,1,0
BRDA:417,43,0,0
BRDA:417,43,1,0
BRDA:425,44,0,0
BRDA:425,44,1,0
BRDA:430,45,0,0
BRDA:430,45,1,0
BRDA:448,46,0,0
BRDA:448,46,1,0
BRDA:456,47,0,0
BRDA:456,47,1,0
BRDA:456,48,0,0
BRDA:456,48,1,0
BRDA:456,48,2,0
BRDA:462,49,0,0
BRDA:462,49,1,0
BRDA:462,50,0,0
BRDA:462,50,1,0
BRDA:465,51,0,0
BRDA:465,51,1,0
BRDA:465,52,0,0
BRDA:465,52,1,0
BRDA:470,53,0,0
BRDA:470,53,1,0
BRDA:470,54,0,0
BRDA:470,54,1,0
BRDA:472,55,0,0
BRDA:472,55,1,0
BRDA:473,56,0,0
BRDA:473,56,1,0
BRDA:482,57,0,0
BRDA:482,57,1,0
BRDA:493,58,0,0
BRDA:493,58,1,0
BRDA:515,59,0,0
BRDA:515,59,1,0
BRDA:538,60,0,0
BRDA:538,60,1,0
BRDA:556,61,0,0
BRDA:556,61,1,0
BRDA:556,62,0,0
BRDA:556,62,1,0
BRDA:556,62,2,0
BRF:132
BRH:0
end_of_record
TN:
SF:src\services\CompanyService.js
FN:13,(anonymous_0)
FN:82,(anonymous_1)
FN:95,(anonymous_2)
FN:106,(anonymous_3)
FN:109,(anonymous_4)
FN:121,(anonymous_5)
FN:141,(anonymous_6)
FN:173,(anonymous_7)
FN:205,(anonymous_8)
FN:212,(anonymous_9)
FN:225,(anonymous_10)
FN:233,(anonymous_11)
FNF:12
FNH:0
FNDA:0,(anonymous_0)
FNDA:0,(anonymous_1)
FNDA:0,(anonymous_2)
FNDA:0,(anonymous_3)
FNDA:0,(anonymous_4)
FNDA:0,(anonymous_5)
FNDA:0,(anonymous_6)
FNDA:0,(anonymous_7)
FNDA:0,(anonymous_8)
FNDA:0,(anonymous_9)
FNDA:0,(anonymous_10)
FNDA:0,(anonymous_11)
DA:24,0
DA:27,0
DA:28,0
DA:32,0
DA:33,0
DA:34,0
DA:35,0
DA:36,0
DA:40,0
DA:42,0
DA:44,0
DA:61,0
DA:70,0
DA:72,0
DA:74,0
DA:75,0
DA:83,0
DA:85,0
DA:86,0
DA:89,0
DA:96,0
DA:97,0
DA:98,0
DA:99,0
DA:100,0
DA:101,0
DA:102,0
DA:108,0
DA:109,0
DA:110,0
DA:111,0
DA:120,0
DA:121,0
DA:122,0
DA:123,0
DA:124,0
DA:126,0
DA:135,0
DA:142,0
DA:143,0
DA:146,0
DA:147,0
DA:151,0
DA:152,0
DA:153,0
DA:154,0
DA:158,0
DA:163,0
DA:164,0
DA:167,0
DA:175,0
DA:176,0
DA:179,0
DA:181,0
DA:183,0
DA:185,0
DA:186,0
DA:187,0
DA:191,0
DA:193,0
DA:195,0
DA:197,0
DA:198,0
DA:206,0
DA:213,0
DA:215,0
DA:216,0
DA:219,0
DA:226,0
DA:227,0
DA:234,0
DA:235,0
LF:72
LH:0
BRDA:27,0,0,0
BRDA:27,0,1,0
BRDA:27,1,0,0
BRDA:27,1,1,0
BRDA:33,2,0,0
BRDA:33,2,1,0
BRDA:85,3,0,0
BRDA:85,3,1,0
BRDA:96,4,0,0
BRDA:96,4,1,0
BRDA:96,4,2,0
BRDA:96,4,3,0
BRDA:96,4,4,0
BRDA:96,4,5,0
BRDA:123,5,0,0
BRDA:123,5,1,0
BRDA:123,6,0,0
BRDA:123,6,1,0
BRDA:124,7,0,0
BRDA:124,7,1,0
BRDA:142,8,0,0
BRDA:142,8,1,0
BRDA:146,9,0,0
BRDA:146,9,1,0
BRDA:151,10,0,0
BRDA:151,10,1,0
BRDA:163,11,0,0
BRDA:163,11,1,0
BRDA:175,12,0,0
BRDA:175,12,1,0
BRDA:185,13,0,0
BRDA:185,13,1,0
BRDA:205,14,0,0
BRDA:205,15,0,0
BRDA:215,16,0,0
BRDA:215,16,1,0
BRF:36
BRH:0
end_of_record
TN:
SF:src\services\InvitationService.js
FN:13,(anonymous_0)
FN:17,(anonymous_1)
FN:28,(anonymous_2)
FN:53,(anonymous_3)
FN:136,(anonymous_4)
FN:188,(anonymous_5)
FN:217,(anonymous_6)
FN:260,(anonymous_7)
FN:292,(anonymous_8)
FN:299,(anonymous_9)
FN:306,(anonymous_10)
FNF:11
FNH:0
FNDA:0,(anonymous_0)
FNDA:0,(anonymous_1)
FNDA:0,(anonymous_2)
FNDA:0,(anonymous_3)
FNDA:0,(anonymous_4)
FNDA:0,(anonymous_5)
FNDA:0,(anonymous_6)
FNDA:0,(anonymous_7)
FNDA:0,(anonymous_8)
FNDA:0,(anonymous_9)
FNDA:0,(anonymous_10)
DA:10,2
DA:14,0
DA:18,0
DA:19,0
DA:21,0
DA:29,0
DA:30,0
DA:34,0
DA:36,0
DA:37,0
DA:42,0
DA:43,0
DA:47,0
DA:48,0
DA:52,0
DA:53,0
DA:56,0
DA:57,0
DA:63,0
DA:65,0
DA:67,0
DA:70,0
DA:71,0
DA:75,0
DA:83,0
DA:84,0
DA:86,0
DA:97,0
DA:98,0
DA:101,0
DA:104,0
DA:107,0
DA:114,0
DA:117,0
DA:119,0
DA:126,0
DA:127,0
DA:129,0
DA:138,0
DA:140,0
DA:141,0
DA:145,0
DA:146,0
DA:150,0
DA:151,0
DA:152,0
DA:156,0
DA:157,0
DA:158,0
DA:161,0
DA:162,0
DA:164,0
DA:165,0
DA:166,0
DA:172,0
DA:189,0
DA:191,0
DA:192,0
DA:195,0
DA:196,0
DA:199,0
DA:200,0
DA:201,0
DA:204,0
DA:205,0
DA:206,0
DA:209,0
DA:211,0
DA:213,0
DA:214,0
DA:216,0
DA:217,0
DA:220,0
DA:221,0
DA:226,0
DA:236,0
DA:242,0
DA:244,0
DA:250,0
DA:251,0
DA:253,0
DA:261,0
DA:263,0
DA:264,0
DA:267,0
DA:268,0
DA:272,0
DA:277,0
DA:278,0
DA:281,0
DA:283,0
DA:293,0
DA:300,0
DA:307,0
LF:94
LH:1
BRDA:10,0,0,2
BRDA:10,0,1,0
BRDA:29,1,0,0
BRDA:29,1,1,0
BRDA:29,2,0,0
BRDA:29,2,1,0
BRDA:29,2,2,0
BRDA:29,2,3,0
BRDA:36,3,0,0
BRDA:36,3,1,0
BRDA:42,4,0,0
BRDA:42,4,1,0
BRDA:47,5,0,0
BRDA:47,5,1,0
BRDA:53,6,0,0
BRDA:53,6,1,0
BRDA:56,7,0,0
BRDA:56,7,1,0
BRDA:98,8,0,0
BRDA:98,8,1,0
BRDA:102,9,0,0
BRDA:102,9,1,0
BRDA:126,10,0,0
BRDA:126,10,1,0
BRDA:140,11,0,0
BRDA:140,11,1,0
BRDA:145,12,0,0
BRDA:145,12,1,0
BRDA:150,13,0,0
BRDA:150,13,1,0
BRDA:157,14,0,0
BRDA:157,14,1,0
BRDA:165,15,0,0
BRDA:165,15,1,0
BRDA:177,16,0,0
BRDA:177,16,1,0
BRDA:191,17,0,0
BRDA:191,17,1,0
BRDA:195,18,0,0
BRDA:195,18,1,0
BRDA:199,19,0,0
BRDA:199,19,1,0
BRDA:205,20,0,0
BRDA:205,20,1,0
BRDA:213,21,0,0
BRDA:213,21,1,0
BRDA:217,22,0,0
BRDA:217,22,1,0
BRDA:220,23,0,0
BRDA:220,23,1,0
BRDA:250,24,0,0
BRDA:250,24,1,0
BRDA:263,25,0,0
BRDA:263,25,1,0
BRDA:267,26,0,0
BRDA:267,26,1,0
BRDA:277,27,0,0
BRDA:277,27,1,0
BRDA:277,28,0,0
BRDA:277,28,1,0
BRF:60
BRH:1
end_of_record
TN:
SF:src\services\MemberService.js
FN:12,(anonymous_0)
FN:25,(anonymous_1)
FN:57,(anonymous_2)
FN:88,(anonymous_3)
FN:114,(anonymous_4)
FN:150,(anonymous_5)
FN:163,(anonymous_6)
FN:171,(anonymous_7)
FN:192,(anonymous_8)
FN:200,(anonymous_9)
FNF:10
FNH:0
FNDA:0,(anonymous_0)
FNDA:0,(anonymous_1)
FNDA:0,(anonymous_2)
FNDA:0,(anonymous_3)
FNDA:0,(anonymous_4)
FNDA:0,(anonymous_5)
FNDA:0,(anonymous_6)
FNDA:0,(anonymous_7)
FNDA:0,(anonymous_8)
FNDA:0,(anonymous_9)
DA:14,0
DA:15,0
DA:18,0
DA:19,0
DA:27,0
DA:28,0
DA:32,0
DA:33,0
DA:37,0
DA:38,0
DA:39,0
DA:43,0
DA:51,0
DA:59,0
DA:60,0
DA:64,0
DA:66,0
DA:67,0
DA:71,0
DA:72,0
DA:76,0
DA:82,0
DA:90,0
DA:91,0
DA:95,0
DA:97,0
DA:98,0
DA:102,0
DA:104,0
DA:105,0
DA:108,0
DA:116,0
DA:117,0
DA:121,0
DA:122,0
DA:123,0
DA:126,0
DA:128,0
DA:130,0
DA:133,0
DA:136,0
DA:138,0
DA:140,0
DA:142,0
DA:143,0
DA:152,0
DA:153,0
DA:156,0
DA:157,0
DA:164,0
DA:165,0
DA:173,0
DA:174,0
DA:178,0
DA:179,0
DA:180,0
DA:181,0
DA:185,0
DA:186,0
DA:193,0
DA:194,0
DA:201,0
DA:202,0
LF:63
LH:0
BRDA:12,0,0,0
BRDA:14,1,0,0
BRDA:14,1,1,0
BRDA:14,2,0,0
BRDA:14,2,1,0
BRDA:27,3,0,0
BRDA:27,3,1,0
BRDA:27,4,0,0
BRDA:27,4,1,0
BRDA:32,5,0,0
BRDA:32,5,1,0
BRDA:32,6,0,0
BRDA:32,6,1,0
BRDA:38,7,0,0
BRDA:38,7,1,0
BRDA:59,8,0,0
BRDA:59,8,1,0
BRDA:59,9,0,0
BRDA:59,9,1,0
BRDA:66,10,0,0
BRDA:66,10,1,0
BRDA:71,11,0,0
BRDA:71,11,1,0
BRDA:90,12,0,0
BRDA:90,12,1,0
BRDA:90,13,0,0
BRDA:90,13,1,0
BRDA:97,14,0,0
BRDA:97,14,1,0
BRDA:104,15,0,0
BRDA:104,15,1,0
BRDA:116,16,0,0
BRDA:116,16,1,0
BRDA:122,17,0,0
BRDA:122,17,1,0
BRDA:150,18,0,0
BRDA:152,19,0,0
BRDA:152,19,1,0
BRDA:152,20,0,0
BRDA:152,20,1,0
BRDA:173,21,0,0
BRDA:173,21,1,0
BRDA:180,22,0,0
BRDA:180,22,1,0
BRF:44
BRH:0
end_of_record
TN:
SF:src\services\Services.js
FNF:0
FNH:0
LF:0
LH:0
BRF:0
BRH:0
end_of_record
TN:
SF:src\utils\cookieUtils.js
FN:54,(anonymous_0)
FN:64,(anonymous_1)
FN:72,(anonymous_2)
FN:82,(anonymous_3)
FN:102,(anonymous_4)
FNF:5
FNH:5
FNDA:4,(anonymous_0)
FNDA:1,(anonymous_1)
FNDA:3,(anonymous_2)
FNDA:6,(anonymous_3)
FNDA:5,(anonymous_4)
DA:8,2
DA:17,2
DA:32,2
DA:43,2
DA:54,2
DA:55,4
DA:56,4
DA:64,2
DA:65,1
DA:72,2
DA:73,3
DA:74,3
DA:82,2
DA:84,6
DA:85,1
DA:89,5
DA:90,5
DA:91,2
DA:94,3
DA:102,2
DA:104,5
DA:105,1
DA:109,4
DA:110,2
DA:113,2
LF:25
LH:25
BRDA:20,0,0,0
BRDA:20,0,1,2
BRDA:35,1,0,0
BRDA:35,1,1,2
BRDA:84,2,0,1
BRDA:84,2,1,5
BRDA:84,3,0,6
BRDA:84,3,1,5
BRDA:90,4,0,2
BRDA:90,4,1,3
BRDA:90,5,0,5
BRDA:90,5,1,4
BRDA:104,6,0,1
BRDA:104,6,1,4
BRDA:104,7,0,5
BRDA:104,7,1,4
BRDA:109,8,0,2
BRDA:109,8,1,2
BRDA:109,9,0,4
BRDA:109,9,1,3
BRF:20
BRH:18
end_of_record
TN:
SF:src\utils\crypto.js
FN:9,(anonymous_0)
FN:16,(anonymous_1)
FNF:2
FNH:0
FNDA:0,(anonymous_0)
FNDA:0,(anonymous_1)
DA:4,0
DA:9,0
DA:10,0
DA:16,0
DA:17,0
LF:5
LH:0
BRF:0
BRH:0
end_of_record
TN:
SF:src\utils\logger.js
FN:33,(anonymous_0)
FN:89,(anonymous_1)
FN:102,(anonymous_2)
FN:115,(anonymous_3)
FN:128,(anonymous_4)
FN:141,(anonymous_5)
FN:154,(anonymous_6)
FN:167,(anonymous_7)
FN:180,(anonymous_8)
FN:192,(anonymous_9)
FN:204,(anonymous_10)
FN:217,(anonymous_11)
FN:231,(anonymous_12)
FNF:13
FNH:0
FNDA:0,(anonymous_0)
FNDA:0,(anonymous_1)
FNDA:0,(anonymous_2)
FNDA:0,(anonymous_3)
FNDA:0,(anonymous_4)
FNDA:0,(anonymous_5)
FNDA:0,(anonymous_6)
FNDA:0,(anonymous_7)
FNDA:0,(anonymous_8)
FNDA:0,(anonymous_9)
FNDA:0,(anonymous_10)
FNDA:0,(anonymous_11)
FNDA:0,(anonymous_12)
DA:6,1
DA:7,1
DA:10,1
DA:19,1
DA:27,1
DA:30,1
DA:34,0
DA:35,0
DA:36,0
DA:37,0
DA:39,0
DA:44,1
DA:50,1
DA:78,1
DA:85,1
DA:90,0
DA:103,0
DA:116,0
DA:129,0
DA:142,0
DA:155,0
DA:168,0
DA:181,0
DA:193,0
DA:205,0
DA:218,0
DA:232,0
LF:27
LH:10
BRDA:36,0,0,0
BRDA:36,0,1,0
BRDA:79,1,0,0
BRDA:79,1,1,1
BRDA:204,2,0,0
BRF:5
BRH:1
end_of_record
TN:
SF:src\utils\mailer.js
FN:16,(anonymous_0)
FNF:1
FNH:0
FNDA:0,(anonymous_0)
DA:4,2
DA:6,2
DA:16,2
DA:17,0
DA:18,0
DA:21,0
DA:22,0
DA:23,0
DA:24,0
DA:25,0
DA:26,0
DA:27,0
DA:30,0
DA:31,0
DA:38,0
DA:40,0
DA:41,0
LF:17
LH:3
BRDA:17,0,0,0
BRDA:17,0,1,0
BRDA:18,1,0,0
BRDA:18,1,1,0
BRDA:21,2,0,0
BRDA:21,2,1,0
BRDA:21,3,0,0
BRDA:21,3,1,0
BRF:8
BRH:0
end_of_record
TN:
SF:src\utils\token.js
FN:4,(anonymous_0)
FN:16,(anonymous_1)
FN:27,(anonymous_2)
FN:38,(anonymous_3)
FNF:4
FNH:4
FNDA:10,(anonymous_0)
FNDA:12,(anonymous_1)
FNDA:9,(anonymous_2)
FNDA:6,(anonymous_3)
DA:4,3
DA:5,10
DA:6,10
DA:7,0
DA:9,10
DA:11,9
DA:12,9
DA:16,3
DA:17,12
DA:18,1
DA:20,11
DA:27,3
DA:28,9
DA:29,1
DA:31,8
DA:38,3
DA:39,6
DA:40,6
DA:41,0
DA:43,6
DA:45,5
DA:46,5
LF:22
LH:20
BRDA:6,0,0,0
BRDA:6,0,1,10
BRDA:17,1,0,1
BRDA:17,1,1,11
BRDA:23,2,0,11
BRDA:23,2,1,0
BRDA:28,3,0,1
BRDA:28,3,1,8
BRDA:34,4,0,8
BRDA:34,4,1,0
BRDA:40,5,0,0
BRDA:40,5,1,6
BRF:12
BRH:8
end_of_record
